21:55:36.438 [INFO] [org.gradle.launcher.daemon.server.Daemon] start() called on daemon - DefaultDaemonContext[uid=995fc3c4-e6c3-41a7-9f8d-69854b515151,javaHome=C:\Program Files\Java\jdk1.8.0_45,daemonRegistryDir=H:\red arrow\app\RedArrow\gradle\daemon,pid=3460,idleTimeout=10800000,daemonOpts=-XX:MaxPermSize=256m,-XX:+HeapDumpOnOutOfMemoryError,-Xmx1024m,-Dfile.encoding=windows-1252,-Duser.country=IN,-Duser.language=en,-Duser.variant]
21:55:36.443 [DEBUG] [org.gradle.launcher.daemon.server.DaemonStateCoordinator] updating lastActivityAt to 1486398336443
21:55:36.535 [DEBUG] [org.gradle.messaging.remote.internal.inet.InetAddressFactory] Adding IP addresses for network interface Software Loopback Interface 1
21:55:36.536 [DEBUG] [org.gradle.messaging.remote.internal.inet.InetAddressFactory] Is this a loopback interface? true
21:55:36.537 [DEBUG] [org.gradle.messaging.remote.internal.inet.InetAddressFactory] Is this a multicast interface? true
21:55:36.538 [DEBUG] [org.gradle.messaging.remote.internal.inet.InetAddressFactory] Adding loopback address /127.0.0.1
21:55:36.539 [DEBUG] [org.gradle.messaging.remote.internal.inet.InetAddressFactory] Adding loopback address /0:0:0:0:0:0:0:1
21:55:36.540 [DEBUG] [org.gradle.messaging.remote.internal.inet.InetAddressFactory] Adding loopback multicast interface Software Loopback Interface 1
21:55:36.541 [DEBUG] [org.gradle.messaging.remote.internal.inet.InetAddressFactory] Adding IP addresses for network interface Microsoft Kernel Debug Network Adapter
21:55:36.543 [DEBUG] [org.gradle.messaging.remote.internal.inet.InetAddressFactory] Is this a loopback interface? false
21:55:36.545 [DEBUG] [org.gradle.messaging.remote.internal.inet.InetAddressFactory] Is this a multicast interface? true
21:55:36.545 [DEBUG] [org.gradle.messaging.remote.internal.inet.InetAddressFactory] Adding loopback multicast interface Microsoft Kernel Debug Network Adapter
21:55:36.545 [DEBUG] [org.gradle.messaging.remote.internal.inet.InetAddressFactory] Adding IP addresses for network interface Realtek PCIe GBE Family Controller
21:55:36.547 [DEBUG] [org.gradle.messaging.remote.internal.inet.InetAddressFactory] Is this a loopback interface? false
21:55:36.548 [DEBUG] [org.gradle.messaging.remote.internal.inet.InetAddressFactory] Is this a multicast interface? true
21:55:36.549 [DEBUG] [org.gradle.messaging.remote.internal.inet.InetAddressFactory] Adding loopback multicast interface Realtek PCIe GBE Family Controller
21:55:36.549 [DEBUG] [org.gradle.messaging.remote.internal.inet.InetAddressFactory] Adding IP addresses for network interface D-Link DWA-131 Wireless N Nano USB Adapter(rev.E)
21:55:36.551 [DEBUG] [org.gradle.messaging.remote.internal.inet.InetAddressFactory] Is this a loopback interface? false
21:55:36.553 [DEBUG] [org.gradle.messaging.remote.internal.inet.InetAddressFactory] Is this a multicast interface? true
21:55:36.554 [DEBUG] [org.gradle.messaging.remote.internal.inet.InetAddressFactory] Adding remote address /192.168.10.107
21:55:36.554 [DEBUG] [org.gradle.messaging.remote.internal.inet.InetAddressFactory] Adding remote address /fe80:0:0:0:1d52:f417:ede6:542%wlan0
21:55:36.554 [DEBUG] [org.gradle.messaging.remote.internal.inet.InetAddressFactory] Adding remote multicast interface D-Link DWA-131 Wireless N Nano USB Adapter(rev.E)
21:55:36.557 [DEBUG] [org.gradle.messaging.remote.internal.inet.InetAddressFactory] Adding IP addresses for network interface Microsoft Wi-Fi Direct Virtual Adapter
21:55:36.559 [DEBUG] [org.gradle.messaging.remote.internal.inet.InetAddressFactory] Is this a loopback interface? false
21:55:36.561 [DEBUG] [org.gradle.messaging.remote.internal.inet.InetAddressFactory] Is this a multicast interface? true
21:55:36.561 [DEBUG] [org.gradle.messaging.remote.internal.inet.InetAddressFactory] Adding remote address /fe80:0:0:0:cc25:f743:80f1:9023%wlan1
21:55:36.562 [DEBUG] [org.gradle.messaging.remote.internal.inet.InetAddressFactory] Adding remote multicast interface Microsoft Wi-Fi Direct Virtual Adapter
21:55:36.562 [DEBUG] [org.gradle.messaging.remote.internal.inet.InetAddressFactory] Adding IP addresses for network interface WAN Miniport (SSTP)
21:55:36.566 [DEBUG] [org.gradle.messaging.remote.internal.inet.InetAddressFactory] Is this a loopback interface? false
21:55:36.568 [DEBUG] [org.gradle.messaging.remote.internal.inet.InetAddressFactory] Is this a multicast interface? true
21:55:36.568 [DEBUG] [org.gradle.messaging.remote.internal.inet.InetAddressFactory] Adding loopback multicast interface WAN Miniport (SSTP)
21:55:36.569 [DEBUG] [org.gradle.messaging.remote.internal.inet.InetAddressFactory] Adding IP addresses for network interface WAN Miniport (PPPOE)
21:55:36.570 [DEBUG] [org.gradle.messaging.remote.internal.inet.InetAddressFactory] Is this a loopback interface? false
21:55:36.572 [DEBUG] [org.gradle.messaging.remote.internal.inet.InetAddressFactory] Is this a multicast interface? true
21:55:36.572 [DEBUG] [org.gradle.messaging.remote.internal.inet.InetAddressFactory] Adding loopback multicast interface WAN Miniport (PPPOE)
21:55:36.572 [DEBUG] [org.gradle.messaging.remote.internal.inet.InetAddressFactory] Adding IP addresses for network interface WAN Miniport (PPTP)
21:55:36.574 [DEBUG] [org.gradle.messaging.remote.internal.inet.InetAddressFactory] Is this a loopback interface? false
21:55:36.576 [DEBUG] [org.gradle.messaging.remote.internal.inet.InetAddressFactory] Is this a multicast interface? true
21:55:36.576 [DEBUG] [org.gradle.messaging.remote.internal.inet.InetAddressFactory] Adding loopback multicast interface WAN Miniport (PPTP)
21:55:36.578 [DEBUG] [org.gradle.messaging.remote.internal.inet.InetAddressFactory] Adding IP addresses for network interface WAN Miniport (L2TP)
21:55:36.579 [DEBUG] [org.gradle.messaging.remote.internal.inet.InetAddressFactory] Is this a loopback interface? false
21:55:36.581 [DEBUG] [org.gradle.messaging.remote.internal.inet.InetAddressFactory] Is this a multicast interface? true
21:55:36.581 [DEBUG] [org.gradle.messaging.remote.internal.inet.InetAddressFactory] Adding loopback multicast interface WAN Miniport (L2TP)
21:55:36.582 [DEBUG] [org.gradle.messaging.remote.internal.inet.InetAddressFactory] Adding IP addresses for network interface WAN Miniport (IKEv2)
21:55:36.583 [DEBUG] [org.gradle.messaging.remote.internal.inet.InetAddressFactory] Is this a loopback interface? false
21:55:36.584 [DEBUG] [org.gradle.messaging.remote.internal.inet.InetAddressFactory] Is this a multicast interface? true
21:55:36.585 [DEBUG] [org.gradle.messaging.remote.internal.inet.InetAddressFactory] Adding loopback multicast interface WAN Miniport (IKEv2)
21:55:36.588 [DEBUG] [org.gradle.messaging.remote.internal.inet.InetAddressFactory] Adding IP addresses for network interface WAN Miniport (IP)
21:55:36.593 [DEBUG] [org.gradle.messaging.remote.internal.inet.InetAddressFactory] Is this a loopback interface? false
21:55:36.597 [DEBUG] [org.gradle.messaging.remote.internal.inet.InetAddressFactory] Is this a multicast interface? true
21:55:36.597 [DEBUG] [org.gradle.messaging.remote.internal.inet.InetAddressFactory] Adding loopback multicast interface WAN Miniport (IP)
21:55:36.598 [DEBUG] [org.gradle.messaging.remote.internal.inet.InetAddressFactory] Adding IP addresses for network interface WAN Miniport (IPv6)
21:55:36.602 [DEBUG] [org.gradle.messaging.remote.internal.inet.InetAddressFactory] Is this a loopback interface? false
21:55:36.607 [DEBUG] [org.gradle.messaging.remote.internal.inet.InetAddressFactory] Is this a multicast interface? true
21:55:36.607 [DEBUG] [org.gradle.messaging.remote.internal.inet.InetAddressFactory] Adding loopback multicast interface WAN Miniport (IPv6)
21:55:36.610 [DEBUG] [org.gradle.messaging.remote.internal.inet.InetAddressFactory] Adding IP addresses for network interface WAN Miniport (Network Monitor)
21:55:36.613 [DEBUG] [org.gradle.messaging.remote.internal.inet.InetAddressFactory] Is this a loopback interface? false
21:55:36.615 [DEBUG] [org.gradle.messaging.remote.internal.inet.InetAddressFactory] Is this a multicast interface? true
21:55:36.615 [DEBUG] [org.gradle.messaging.remote.internal.inet.InetAddressFactory] Adding loopback multicast interface WAN Miniport (Network Monitor)
21:55:36.615 [DEBUG] [org.gradle.messaging.remote.internal.inet.InetAddressFactory] Adding IP addresses for network interface RAS Async Adapter
21:55:36.634 [DEBUG] [org.gradle.messaging.remote.internal.inet.InetAddressFactory] Is this a loopback interface? false
21:55:36.646 [DEBUG] [org.gradle.messaging.remote.internal.inet.InetAddressFactory] Is this a multicast interface? true
21:55:36.647 [DEBUG] [org.gradle.messaging.remote.internal.inet.InetAddressFactory] Adding loopback multicast interface RAS Async Adapter
21:55:36.647 [DEBUG] [org.gradle.messaging.remote.internal.inet.InetAddressFactory] Adding IP addresses for network interface Microsoft Hosted Network Virtual Adapter
21:55:36.649 [DEBUG] [org.gradle.messaging.remote.internal.inet.InetAddressFactory] Is this a loopback interface? false
21:55:36.651 [DEBUG] [org.gradle.messaging.remote.internal.inet.InetAddressFactory] Is this a multicast interface? true
21:55:36.652 [DEBUG] [org.gradle.messaging.remote.internal.inet.InetAddressFactory] Adding remote address /fe80:0:0:0:305c:bea4:2ba3:180d%wlan2
21:55:36.652 [DEBUG] [org.gradle.messaging.remote.internal.inet.InetAddressFactory] Adding remote multicast interface Microsoft Hosted Network Virtual Adapter
21:55:36.653 [DEBUG] [org.gradle.messaging.remote.internal.inet.InetAddressFactory] Adding IP addresses for network interface D-Link DWA-131 Wireless N Nano USB Adapter(rev.E) #2
21:55:36.655 [DEBUG] [org.gradle.messaging.remote.internal.inet.InetAddressFactory] Is this a loopback interface? false
21:55:36.659 [DEBUG] [org.gradle.messaging.remote.internal.inet.InetAddressFactory] Is this a multicast interface? true
21:55:36.660 [DEBUG] [org.gradle.messaging.remote.internal.inet.InetAddressFactory] Adding loopback multicast interface D-Link DWA-131 Wireless N Nano USB Adapter(rev.E) #2
21:55:36.660 [DEBUG] [org.gradle.messaging.remote.internal.inet.InetAddressFactory] Adding IP addresses for network interface Microsoft Hosted Network Virtual Adapter #2
21:55:36.661 [DEBUG] [org.gradle.messaging.remote.internal.inet.InetAddressFactory] Is this a loopback interface? false
21:55:36.663 [DEBUG] [org.gradle.messaging.remote.internal.inet.InetAddressFactory] Is this a multicast interface? true
21:55:36.663 [DEBUG] [org.gradle.messaging.remote.internal.inet.InetAddressFactory] Adding loopback multicast interface Microsoft Hosted Network Virtual Adapter #2
21:55:36.663 [DEBUG] [org.gradle.messaging.remote.internal.inet.InetAddressFactory] Adding IP addresses for network interface Microsoft Wi-Fi Direct Virtual Adapter #2
21:55:36.664 [DEBUG] [org.gradle.messaging.remote.internal.inet.InetAddressFactory] Is this a loopback interface? false
21:55:36.665 [DEBUG] [org.gradle.messaging.remote.internal.inet.InetAddressFactory] Is this a multicast interface? true
21:55:36.665 [DEBUG] [org.gradle.messaging.remote.internal.inet.InetAddressFactory] Adding loopback multicast interface Microsoft Wi-Fi Direct Virtual Adapter #2
21:55:36.666 [DEBUG] [org.gradle.messaging.remote.internal.inet.InetAddressFactory] Adding IP addresses for network interface Microsoft ISATAP Adapter
21:55:36.667 [DEBUG] [org.gradle.messaging.remote.internal.inet.InetAddressFactory] Is this a loopback interface? false
21:55:36.668 [DEBUG] [org.gradle.messaging.remote.internal.inet.InetAddressFactory] Is this a multicast interface? false
21:55:36.669 [DEBUG] [org.gradle.messaging.remote.internal.inet.InetAddressFactory] Adding IP addresses for network interface Teredo Tunneling Pseudo-Interface
21:55:36.670 [DEBUG] [org.gradle.messaging.remote.internal.inet.InetAddressFactory] Is this a loopback interface? false
21:55:36.671 [DEBUG] [org.gradle.messaging.remote.internal.inet.InetAddressFactory] Is this a multicast interface? false
21:55:36.671 [DEBUG] [org.gradle.messaging.remote.internal.inet.InetAddressFactory] Adding remote address /2001:0:d5c:5a30:2cdf:2b4b:3f57:f594
21:55:36.671 [DEBUG] [org.gradle.messaging.remote.internal.inet.InetAddressFactory] Adding remote address /fe80:0:0:0:2cdf:2b4b:3f57:f594%net5
21:55:36.672 [DEBUG] [org.gradle.messaging.remote.internal.inet.InetAddressFactory] Adding IP addresses for network interface D-Link DWA-131 Wireless N Nano USB Adapter(rev.E) #3
21:55:36.672 [DEBUG] [org.gradle.messaging.remote.internal.inet.InetAddressFactory] Is this a loopback interface? false
21:55:36.673 [DEBUG] [org.gradle.messaging.remote.internal.inet.InetAddressFactory] Is this a multicast interface? true
21:55:36.674 [DEBUG] [org.gradle.messaging.remote.internal.inet.InetAddressFactory] Adding loopback multicast interface D-Link DWA-131 Wireless N Nano USB Adapter(rev.E) #3
21:55:36.674 [DEBUG] [org.gradle.messaging.remote.internal.inet.InetAddressFactory] Adding IP addresses for network interface Microsoft Wi-Fi Direct Virtual Adapter #4
21:55:36.675 [DEBUG] [org.gradle.messaging.remote.internal.inet.InetAddressFactory] Is this a loopback interface? false
21:55:36.676 [DEBUG] [org.gradle.messaging.remote.internal.inet.InetAddressFactory] Is this a multicast interface? true
21:55:36.676 [DEBUG] [org.gradle.messaging.remote.internal.inet.InetAddressFactory] Adding loopback multicast interface Microsoft Wi-Fi Direct Virtual Adapter #4
21:55:36.676 [DEBUG] [org.gradle.messaging.remote.internal.inet.InetAddressFactory] Adding IP addresses for network interface Microsoft Hosted Network Virtual Adapter #4
21:55:36.677 [DEBUG] [org.gradle.messaging.remote.internal.inet.InetAddressFactory] Is this a loopback interface? false
21:55:36.678 [DEBUG] [org.gradle.messaging.remote.internal.inet.InetAddressFactory] Is this a multicast interface? true
21:55:36.678 [DEBUG] [org.gradle.messaging.remote.internal.inet.InetAddressFactory] Adding loopback multicast interface Microsoft Hosted Network Virtual Adapter #4
21:55:36.678 [DEBUG] [org.gradle.messaging.remote.internal.inet.InetAddressFactory] Adding IP addresses for network interface Microsoft ISATAP Adapter #2
21:55:36.679 [DEBUG] [org.gradle.messaging.remote.internal.inet.InetAddressFactory] Is this a loopback interface? false
21:55:36.680 [DEBUG] [org.gradle.messaging.remote.internal.inet.InetAddressFactory] Is this a multicast interface? true
21:55:36.681 [DEBUG] [org.gradle.messaging.remote.internal.inet.InetAddressFactory] Adding loopback multicast interface Microsoft ISATAP Adapter #2
21:55:36.681 [DEBUG] [org.gradle.messaging.remote.internal.inet.InetAddressFactory] Adding IP addresses for network interface Remote NDIS based Internet Sharing Device
21:55:36.681 [DEBUG] [org.gradle.messaging.remote.internal.inet.InetAddressFactory] Is this a loopback interface? false
21:55:36.682 [DEBUG] [org.gradle.messaging.remote.internal.inet.InetAddressFactory] Is this a multicast interface? true
21:55:36.682 [DEBUG] [org.gradle.messaging.remote.internal.inet.InetAddressFactory] Adding loopback multicast interface Remote NDIS based Internet Sharing Device
21:55:36.683 [DEBUG] [org.gradle.messaging.remote.internal.inet.InetAddressFactory] Adding IP addresses for network interface D-Link DWA-131 Wireless N Nano USB Adapter(rev.E)-WFP Native MAC Layer LightWeight Filter-0000
21:55:36.683 [DEBUG] [org.gradle.messaging.remote.internal.inet.InetAddressFactory] Is this a loopback interface? false
21:55:36.684 [DEBUG] [org.gradle.messaging.remote.internal.inet.InetAddressFactory] Is this a multicast interface? true
21:55:36.685 [DEBUG] [org.gradle.messaging.remote.internal.inet.InetAddressFactory] Adding loopback multicast interface D-Link DWA-131 Wireless N Nano USB Adapter(rev.E)-WFP Native MAC Layer LightWeight Filter-0000
21:55:36.685 [DEBUG] [org.gradle.messaging.remote.internal.inet.InetAddressFactory] Adding IP addresses for network interface D-Link DWA-131 Wireless N Nano USB Adapter(rev.E)-Virtual WiFi Filter Driver-0000
21:55:36.685 [DEBUG] [org.gradle.messaging.remote.internal.inet.InetAddressFactory] Is this a loopback interface? false
21:55:36.686 [DEBUG] [org.gradle.messaging.remote.internal.inet.InetAddressFactory] Is this a multicast interface? true
21:55:36.686 [DEBUG] [org.gradle.messaging.remote.internal.inet.InetAddressFactory] Adding loopback multicast interface D-Link DWA-131 Wireless N Nano USB Adapter(rev.E)-Virtual WiFi Filter Driver-0000
21:55:36.687 [DEBUG] [org.gradle.messaging.remote.internal.inet.InetAddressFactory] Adding IP addresses for network interface D-Link DWA-131 Wireless N Nano USB Adapter(rev.E)-Native WiFi Filter Driver-0000
21:55:36.687 [DEBUG] [org.gradle.messaging.remote.internal.inet.InetAddressFactory] Is this a loopback interface? false
21:55:36.688 [DEBUG] [org.gradle.messaging.remote.internal.inet.InetAddressFactory] Is this a multicast interface? true
21:55:36.688 [DEBUG] [org.gradle.messaging.remote.internal.inet.InetAddressFactory] Adding loopback multicast interface D-Link DWA-131 Wireless N Nano USB Adapter(rev.E)-Native WiFi Filter Driver-0000
21:55:36.689 [DEBUG] [org.gradle.messaging.remote.internal.inet.InetAddressFactory] Adding IP addresses for network interface D-Link DWA-131 Wireless N Nano USB Adapter(rev.E)-QoS Packet Scheduler-0000
21:55:36.689 [DEBUG] [org.gradle.messaging.remote.internal.inet.InetAddressFactory] Is this a loopback interface? false
21:55:36.690 [DEBUG] [org.gradle.messaging.remote.internal.inet.InetAddressFactory] Is this a multicast interface? true
21:55:36.690 [DEBUG] [org.gradle.messaging.remote.internal.inet.InetAddressFactory] Adding loopback multicast interface D-Link DWA-131 Wireless N Nano USB Adapter(rev.E)-QoS Packet Scheduler-0000
21:55:36.690 [DEBUG] [org.gradle.messaging.remote.internal.inet.InetAddressFactory] Adding IP addresses for network interface D-Link DWA-131 Wireless N Nano USB Adapter(rev.E)-WFP 802.3 MAC Layer LightWeight Filter-0000
21:55:36.691 [DEBUG] [org.gradle.messaging.remote.internal.inet.InetAddressFactory] Is this a loopback interface? false
21:55:36.692 [DEBUG] [org.gradle.messaging.remote.internal.inet.InetAddressFactory] Is this a multicast interface? true
21:55:36.692 [DEBUG] [org.gradle.messaging.remote.internal.inet.InetAddressFactory] Adding loopback multicast interface D-Link DWA-131 Wireless N Nano USB Adapter(rev.E)-WFP 802.3 MAC Layer LightWeight Filter-0000
21:55:36.693 [DEBUG] [org.gradle.messaging.remote.internal.inet.InetAddressFactory] Adding IP addresses for network interface Microsoft Hosted Network Virtual Adapter-WFP Native MAC Layer LightWeight Filter-0000
21:55:36.694 [DEBUG] [org.gradle.messaging.remote.internal.inet.InetAddressFactory] Is this a loopback interface? false
21:55:36.695 [DEBUG] [org.gradle.messaging.remote.internal.inet.InetAddressFactory] Is this a multicast interface? true
21:55:36.695 [DEBUG] [org.gradle.messaging.remote.internal.inet.InetAddressFactory] Adding loopback multicast interface Microsoft Hosted Network Virtual Adapter-WFP Native MAC Layer LightWeight Filter-0000
21:55:36.696 [DEBUG] [org.gradle.messaging.remote.internal.inet.InetAddressFactory] Adding IP addresses for network interface Microsoft Hosted Network Virtual Adapter-Native WiFi Filter Driver-0000
21:55:36.697 [DEBUG] [org.gradle.messaging.remote.internal.inet.InetAddressFactory] Is this a loopback interface? false
21:55:36.698 [DEBUG] [org.gradle.messaging.remote.internal.inet.InetAddressFactory] Is this a multicast interface? true
21:55:36.698 [DEBUG] [org.gradle.messaging.remote.internal.inet.InetAddressFactory] Adding loopback multicast interface Microsoft Hosted Network Virtual Adapter-Native WiFi Filter Driver-0000
21:55:36.699 [DEBUG] [org.gradle.messaging.remote.internal.inet.InetAddressFactory] Adding IP addresses for network interface Microsoft Wi-Fi Direct Virtual Adapter-WFP Native MAC Layer LightWeight Filter-0000
21:55:36.700 [DEBUG] [org.gradle.messaging.remote.internal.inet.InetAddressFactory] Is this a loopback interface? false
21:55:36.701 [DEBUG] [org.gradle.messaging.remote.internal.inet.InetAddressFactory] Is this a multicast interface? true
21:55:36.701 [DEBUG] [org.gradle.messaging.remote.internal.inet.InetAddressFactory] Adding loopback multicast interface Microsoft Wi-Fi Direct Virtual Adapter-WFP Native MAC Layer LightWeight Filter-0000
21:55:36.701 [DEBUG] [org.gradle.messaging.remote.internal.inet.InetAddressFactory] Adding IP addresses for network interface Microsoft Wi-Fi Direct Virtual Adapter-Native WiFi Filter Driver-0000
21:55:36.702 [DEBUG] [org.gradle.messaging.remote.internal.inet.InetAddressFactory] Is this a loopback interface? false
21:55:36.704 [DEBUG] [org.gradle.messaging.remote.internal.inet.InetAddressFactory] Is this a multicast interface? true
21:55:36.704 [DEBUG] [org.gradle.messaging.remote.internal.inet.InetAddressFactory] Adding loopback multicast interface Microsoft Wi-Fi Direct Virtual Adapter-Native WiFi Filter Driver-0000
21:55:36.705 [DEBUG] [org.gradle.messaging.remote.internal.inet.InetAddressFactory] Adding IP addresses for network interface Microsoft Hosted Network Virtual Adapter-QoS Packet Scheduler-0000
21:55:36.706 [DEBUG] [org.gradle.messaging.remote.internal.inet.InetAddressFactory] Is this a loopback interface? false
21:55:36.708 [DEBUG] [org.gradle.messaging.remote.internal.inet.InetAddressFactory] Is this a multicast interface? true
21:55:36.708 [DEBUG] [org.gradle.messaging.remote.internal.inet.InetAddressFactory] Adding loopback multicast interface Microsoft Hosted Network Virtual Adapter-QoS Packet Scheduler-0000
21:55:36.708 [DEBUG] [org.gradle.messaging.remote.internal.inet.InetAddressFactory] Adding IP addresses for network interface Microsoft Hosted Network Virtual Adapter-WFP 802.3 MAC Layer LightWeight Filter-0000
21:55:36.709 [DEBUG] [org.gradle.messaging.remote.internal.inet.InetAddressFactory] Is this a loopback interface? false
21:55:36.710 [DEBUG] [org.gradle.messaging.remote.internal.inet.InetAddressFactory] Is this a multicast interface? true
21:55:36.710 [DEBUG] [org.gradle.messaging.remote.internal.inet.InetAddressFactory] Adding loopback multicast interface Microsoft Hosted Network Virtual Adapter-WFP 802.3 MAC Layer LightWeight Filter-0000
21:55:36.710 [DEBUG] [org.gradle.messaging.remote.internal.inet.InetAddressFactory] Adding IP addresses for network interface Microsoft Wi-Fi Direct Virtual Adapter-QoS Packet Scheduler-0000
21:55:36.711 [DEBUG] [org.gradle.messaging.remote.internal.inet.InetAddressFactory] Is this a loopback interface? false
21:55:36.712 [DEBUG] [org.gradle.messaging.remote.internal.inet.InetAddressFactory] Is this a multicast interface? true
21:55:36.712 [DEBUG] [org.gradle.messaging.remote.internal.inet.InetAddressFactory] Adding loopback multicast interface Microsoft Wi-Fi Direct Virtual Adapter-QoS Packet Scheduler-0000
21:55:36.712 [DEBUG] [org.gradle.messaging.remote.internal.inet.InetAddressFactory] Adding IP addresses for network interface Microsoft Wi-Fi Direct Virtual Adapter-WFP 802.3 MAC Layer LightWeight Filter-0000
21:55:36.713 [DEBUG] [org.gradle.messaging.remote.internal.inet.InetAddressFactory] Is this a loopback interface? false
21:55:36.714 [DEBUG] [org.gradle.messaging.remote.internal.inet.InetAddressFactory] Is this a multicast interface? true
21:55:36.714 [DEBUG] [org.gradle.messaging.remote.internal.inet.InetAddressFactory] Adding loopback multicast interface Microsoft Wi-Fi Direct Virtual Adapter-WFP 802.3 MAC Layer LightWeight Filter-0000
21:55:36.790 [DEBUG] [org.gradle.messaging.remote.internal.inet.TcpIncomingConnector] Listening on [cf199e94-40e0-4ac5-8e20-a2f4845ebf2a port:50810, addresses:[/127.0.0.1, /0:0:0:0:0:0:0:1]].
21:55:36.793 [DEBUG] [org.gradle.launcher.daemon.server.Daemon] Daemon starting at: Mon Feb 06 21:55:36 IST 2017, with address: [cf199e94-40e0-4ac5-8e20-a2f4845ebf2a port:50810, addresses:[/127.0.0.1, /0:0:0:0:0:0:0:1]]
21:55:36.793 [INFO] [org.gradle.launcher.daemon.server.DomainRegistryUpdater] Advertising the daemon address to the clients: [cf199e94-40e0-4ac5-8e20-a2f4845ebf2a port:50810, addresses:[/127.0.0.1, /0:0:0:0:0:0:0:1]]
21:55:36.793 [DEBUG] [org.gradle.launcher.daemon.server.DomainRegistryUpdater] Advertised daemon context: DefaultDaemonContext[uid=995fc3c4-e6c3-41a7-9f8d-69854b515151,javaHome=C:\Program Files\Java\jdk1.8.0_45,daemonRegistryDir=H:\red arrow\app\RedArrow\gradle\daemon,pid=3460,idleTimeout=10800000,daemonOpts=-XX:MaxPermSize=256m,-XX:+HeapDumpOnOutOfMemoryError,-Xmx1024m,-Dfile.encoding=windows-1252,-Duser.country=IN,-Duser.language=en,-Duser.variant]
21:55:36.796 [DEBUG] [org.gradle.launcher.daemon.registry.PersistentDaemonRegistry] Storing daemon address: [cf199e94-40e0-4ac5-8e20-a2f4845ebf2a port:50810, addresses:[/127.0.0.1, /0:0:0:0:0:0:0:1]], context: DefaultDaemonContext[uid=995fc3c4-e6c3-41a7-9f8d-69854b515151,javaHome=C:\Program Files\Java\jdk1.8.0_45,daemonRegistryDir=H:\red arrow\app\RedArrow\gradle\daemon,pid=3460,idleTimeout=10800000,daemonOpts=-XX:MaxPermSize=256m,-XX:+HeapDumpOnOutOfMemoryError,-Xmx1024m,-Dfile.encoding=windows-1252,-Duser.country=IN,-Duser.language=en,-Duser.variant]
21:55:36.888 [DEBUG] [org.gradle.cache.internal.DefaultFileLockManager] Waiting to acquire exclusive lock on daemon addresses registry.
21:55:36.899 [DEBUG] [org.gradle.cache.internal.DefaultFileLockManager] Lock acquired.
21:55:37.067 [DEBUG] [org.gradle.cache.internal.DefaultFileLockManager] Releasing lock on daemon addresses registry.
21:55:37.076 [LIFECYCLE] [org.gradle.launcher.daemon.server.Daemon] Daemon server started.
21:55:37.080 [DEBUG] [org.gradle.launcher.daemon.bootstrap.DaemonStartupCommunication] Completed writing the daemon greeting. Closing streams...
21:55:37.080 [DEBUG] [org.gradle.launcher.daemon.server.Daemon] requestStopOnIdleTimeout(10800000 MILLISECONDS) called on daemon
21:55:37.081 [DEBUG] [org.gradle.launcher.daemon.server.DaemonStateCoordinator] Idle timeout: waiting for daemon to stop or be idle for 10800000ms
21:55:37.082 [DEBUG] [org.gradle.launcher.daemon.server.DaemonStateCoordinator] Daemon is idle, sleeping until state change or idle timeout at Tue Feb 07 00:55:36 IST 2017
21:55:37.139 [DEBUG] [org.gradle.messaging.remote.internal.inet.TcpIncomingConnector] Accepted connection from /127.0.0.1:50812 to /127.0.0.1:50810.
21:55:37.415 [DEBUG] [org.gradle.launcher.daemon.server.SynchronizedDispatchConnection] thread 15: received class org.gradle.launcher.daemon.protocol.Build
21:55:37.416 [DEBUG] [org.gradle.launcher.daemon.server.DefaultDaemonConnection] Received non-IO message from client: Build{id=ff90b868-8b47-419b-8355-10dc4cba8b64.1, currentDir=H:\red arrow\app\RedArrow}
21:55:37.417 [INFO] [org.gradle.launcher.daemon.server.DefaultIncomingConnectionHandler] Received command: Build{id=ff90b868-8b47-419b-8355-10dc4cba8b64.1, currentDir=H:\red arrow\app\RedArrow}.
21:55:37.418 [DEBUG] [org.gradle.launcher.daemon.server.DefaultIncomingConnectionHandler] Starting executing command: Build{id=ff90b868-8b47-419b-8355-10dc4cba8b64.1, currentDir=H:\red arrow\app\RedArrow} with connection: socket connection from /127.0.0.1:50810 to /127.0.0.1:50812.
21:55:37.505 [DEBUG] [org.gradle.launcher.daemon.server.DaemonStateCoordinator] Command execution: started DaemonCommandExecution[command = Build{id=ff90b868-8b47-419b-8355-10dc4cba8b64.1, currentDir=H:\red arrow\app\RedArrow}, connection = org.gradle.launcher.daemon.server.DefaultDaemonConnection@36e0b86a] after 0.0 minutes of idle
21:55:37.506 [INFO] [org.gradle.launcher.daemon.server.DomainRegistryUpdater] Marking the daemon as busy, address: [cf199e94-40e0-4ac5-8e20-a2f4845ebf2a port:50810, addresses:[/127.0.0.1, /0:0:0:0:0:0:0:1]]
21:55:37.506 [DEBUG] [org.gradle.launcher.daemon.registry.PersistentDaemonRegistry] Marking busy by address: [cf199e94-40e0-4ac5-8e20-a2f4845ebf2a port:50810, addresses:[/127.0.0.1, /0:0:0:0:0:0:0:1]]
21:55:37.516 [DEBUG] [org.gradle.cache.internal.DefaultFileLockManager] Waiting to acquire exclusive lock on daemon addresses registry.
21:55:37.517 [DEBUG] [org.gradle.cache.internal.DefaultFileLockManager] Lock acquired.
21:55:37.558 [DEBUG] [org.gradle.cache.internal.DefaultFileLockManager] Releasing lock on daemon addresses registry.
21:55:37.573 [DEBUG] [org.gradle.launcher.daemon.server.DaemonStateCoordinator] updating lastActivityAt to 1486398337572
21:55:37.574 [DEBUG] [org.gradle.launcher.daemon.server.DaemonStateCoordinator] Daemon is busy, sleeping until state changes.
21:55:37.575 [INFO] [org.gradle.launcher.daemon.server.exec.StartBuildOrRespondWithBusy] Daemon is about to start building Build{id=ff90b868-8b47-419b-8355-10dc4cba8b64.1, currentDir=H:\red arrow\app\RedArrow}. Dispatching build started information...
21:55:37.576 [DEBUG] [org.gradle.launcher.daemon.server.SynchronizedDispatchConnection] thread 17: dispatching class org.gradle.launcher.daemon.protocol.BuildStarted
21:55:37.584 [DEBUG] [org.gradle.launcher.daemon.server.exec.EstablishBuildEnvironment] Configuring env variables: {USERDOMAIN_ROAMINGPROFILE=my-pc, LOCALAPPDATA=C:\Users\jit\AppData\Local, PROCESSOR_LEVEL=6, FP_NO_HOST_CHECK=NO, USERDOMAIN=my-pc, LOGONSERVER=\\MY-PC, SESSIONNAME=Console, ALLUSERSPROFILE=C:\ProgramData, PROCESSOR_ARCHITECTURE=AMD64, PSModulePath=C:\Windows\system32\WindowsPowerShell\v1.0\Modules\, SystemDrive=C:, APPDATA=C:\Users\jit\AppData\Roaming, USERNAME=jit, ProgramFiles(x86)=C:\Program Files (x86), CommonProgramFiles=C:\Program Files\Common Files, Path=C:\ProgramData\Oracle\Java\javapath;C:\Program Files (x86)\NVIDIA Corporation\PhysX\Common;C:\Windows\system32;C:\Windows;C:\Windows\System32\Wbem;C:\Windows\System32\WindowsPowerShell\v1.0\;C:\Program Files (x86)\Windows Live\Shared;C:\Program Files\nodejs\;C:\Users\jit\Anaconda2;C:\Users\jit\Anaconda2\Scripts;C:\Users\jit\Anaconda2\Library\bin;C:\Users\jit\AppData\Roaming\npm;C:\Program Files\Java\jdk1.8.0_45\bin;C:\Program Files\Java\jre1.8.0_121\bin;, PATHEXT=.COM;.EXE;.BAT;.CMD;.VBS;.VBE;.JS;.JSE;.WSF;.WSH;.MSC, OS=Windows_NT, COMPUTERNAME=MY-PC, PROCESSOR_REVISION=3a09, CommonProgramW6432=C:\Program Files\Common Files, ComSpec=C:\Windows\system32\cmd.exe, ProgramData=C:\ProgramData, ProgramW6432=C:\Program Files, HOMEPATH=\Users\jit, SystemRoot=C:\Windows, TEMP=C:\Users\jit\AppData\Local\Temp, HOMEDRIVE=C:, PROCESSOR_IDENTIFIER=Intel64 Family 6 Model 58 Stepping 9, GenuineIntel, USERPROFILE=C:\Users\jit, TMP=C:\Users\jit\AppData\Local\Temp, CommonProgramFiles(x86)=C:\Program Files (x86)\Common Files, ProgramFiles=C:\Program Files, PUBLIC=C:\Users\Public, NUMBER_OF_PROCESSORS=4, windir=C:\Windows, =::=::\}
21:55:37.614 [DEBUG] [org.gradle.launcher.daemon.server.SynchronizedDispatchConnection] thread 15: received class org.gradle.launcher.daemon.protocol.CloseInput
21:55:37.615 [DEBUG] [org.gradle.launcher.daemon.server.DefaultDaemonConnection] Received IO message from client: org.gradle.launcher.daemon.protocol.CloseInput@7c5367f5
21:55:37.683 [DEBUG] [org.gradle.launcher.daemon.server.exec.LogToClient] About to start relaying all logs to the client via the connection.
21:55:37.683 [INFO] [org.gradle.launcher.daemon.server.exec.LogToClient] The client will now receive all logging from the daemon (pid: 3460). The daemon log file: H:\red arrow\app\RedArrow\gradle\daemon\2.10\daemon-3460.out.log
21:55:37.739 [INFO] [org.gradle.launcher.daemon.server.health.DaemonHealthTracker] Starting build in new daemon [memory: 954.7 MB]
21:55:37.741 [INFO] [org.gradle.launcher.daemon.server.exec.ForwardClientInput] Closing daemon's stdin at end of input.
21:55:37.741 [INFO] [org.gradle.launcher.daemon.server.exec.ForwardClientInput] The daemon will no longer process any standard input.
21:55:37.745 [DEBUG] [org.gradle.launcher.daemon.server.exec.ExecuteBuild] The daemon has started executing the build.
21:55:37.746 [INFO] [org.gradle.launcher.daemon.server.exec.ExecuteBuild] Executing build with daemon context: DefaultDaemonContext[uid=995fc3c4-e6c3-41a7-9f8d-69854b515151,javaHome=C:\Program Files\Java\jdk1.8.0_45,daemonRegistryDir=H:\red arrow\app\RedArrow\gradle\daemon,pid=3460,idleTimeout=10800000,daemonOpts=-XX:MaxPermSize=256m,-XX:+HeapDumpOnOutOfMemoryError,-Xmx1024m,-Dfile.encoding=windows-1252,-Duser.country=IN,-Duser.language=en,-Duser.variant]
21:55:41.717 [DEBUG] [org.gradle.internal.nativeintegration.services.NativeServices] Native-platform posix files is not available.  Continuing with fallback.
21:55:42.606 [INFO] [org.gradle.tooling.internal.provider.DefaultPayloadClassLoaderRegistry] Creating ClassLoader 4247a779-bf21-4763-8ef4-2876b5d8b21b from [Spec classpath:[file:/C:/Program%20Files/Android/Android%20Studio/plugins/gradle/lib/gradle-tooling-api-2.2.jar, file:/C:/Program%20Files/Android/Android%20Studio/plugins/gradle/lib/guava-jdk5-17.0.jar, file:/C:/Program%20Files/Android/Android%20Studio/plugins/gradle/lib/gradle-base-services-2.2.jar, file:/C:/Program%20Files/Android/Android%20Studio/plugins/gradle/lib/gradle-tooling-extension-api.jar, file:/C:/Program%20Files/Android/Android%20Studio/lib/openapi.jar, file:/C:/Program%20Files/Android/Android%20Studio/plugins/google-cloud-tools-core/lib/gradle-appengine-builder-model-0.1.0.jar, file:/C:/Program%20Files/Android/Android%20Studio/plugins/android/lib/builder-model-1.5.0-beta2.jar]] and [org.gradle.internal.classloader.FilteringClassLoader@70afbe4].
21:55:42.622 [DEBUG] [org.gradle.cache.internal.DefaultFileLockManager] Waiting to acquire exclusive lock on jars (H:\red arrow\app\RedArrow\gradle\caches\jars-1).
21:55:42.624 [DEBUG] [org.gradle.cache.internal.DefaultFileLockManager] Lock acquired.
21:55:42.630 [DEBUG] [org.gradle.cache.internal.locklistener.DefaultFileLockContentionHandler] Starting file lock listener thread.
Incremental java compilation is an incubating feature.

BUILD SUCCESSFUL

Total time: 49.346 secs
21:56:22.032 [DEBUG] [org.gradle.cache.internal.DefaultFileLockManager] Releasing lock on cp_init class cache for initialization script 'C:\Users\jit\AppData\Local\Temp\asLocalRepo563.gradle' (H:\red arrow\app\RedArrow\gradle\caches\2.10\scripts\asLocalRepo563_6sdjwjzd9vgd4z6gky7ndhrwp\cp_init).
21:56:22.032 [DEBUG] [org.gradle.cache.internal.DefaultFileLockManager] Releasing lock on init class cache for initialization script 'C:\Users\jit\AppData\Local\Temp\asLocalRepo563.gradle' (H:\red arrow\app\RedArrow\gradle\caches\2.10\scripts\asLocalRepo563_6sdjwjzd9vgd4z6gky7ndhrwp\init).
21:56:22.033 [DEBUG] [org.gradle.cache.internal.DefaultFileLockManager] Releasing lock on cp_init class cache for initialization script 'C:\Users\jit\AppData\Local\Temp\ijinit125.gradle' (H:\red arrow\app\RedArrow\gradle\caches\2.10\scripts\ijinit125_v1fs789a8wen3fzdp8rtfs9e\cp_init).
21:56:22.033 [DEBUG] [org.gradle.cache.internal.DefaultFileLockManager] Releasing lock on init class cache for initialization script 'C:\Users\jit\AppData\Local\Temp\ijinit125.gradle' (H:\red arrow\app\RedArrow\gradle\caches\2.10\scripts\ijinit125_v1fs789a8wen3fzdp8rtfs9e\init).
21:56:22.033 [DEBUG] [org.gradle.cache.internal.DefaultFileLockManager] Releasing lock on cp_settings class cache for settings file 'H:\red arrow\app\RedArrow\settings.gradle' (H:\red arrow\app\RedArrow\gradle\caches\2.10\scripts\settings_davvb4xkg6bcji94khj3ixd9r\cp_settings).
21:56:22.033 [DEBUG] [org.gradle.cache.internal.DefaultFileLockManager] Releasing lock on settings class cache for settings file 'H:\red arrow\app\RedArrow\settings.gradle' (H:\red arrow\app\RedArrow\gradle\caches\2.10\scripts\settings_davvb4xkg6bcji94khj3ixd9r\settings).
21:56:22.034 [DEBUG] [org.gradle.cache.internal.DefaultFileLockManager] Releasing lock on cp_proj class cache for build file 'H:\red arrow\app\RedArrow\build.gradle' (H:\red arrow\app\RedArrow\gradle\caches\2.10\scripts\build_cej92dhjga2omm7425a6ojgi5\cp_proj).
21:56:22.034 [DEBUG] [org.gradle.cache.internal.DefaultFileLockManager] Releasing lock on proj class cache for build file 'H:\red arrow\app\RedArrow\build.gradle' (H:\red arrow\app\RedArrow\gradle\caches\2.10\scripts\build_cej92dhjga2omm7425a6ojgi5\proj).
21:56:22.034 [DEBUG] [org.gradle.cache.internal.DefaultFileLockManager] Releasing lock on cp_proj class cache for build file 'H:\red arrow\app\RedArrow\app\build.gradle' (H:\red arrow\app\RedArrow\gradle\caches\2.10\scripts\build_bq4gay2mn1w7tgk9pt3fvsgo3\cp_proj).
21:56:22.034 [DEBUG] [org.gradle.cache.internal.DefaultFileLockManager] Releasing lock on proj class cache for build file 'H:\red arrow\app\RedArrow\app\build.gradle' (H:\red arrow\app\RedArrow\gradle\caches\2.10\scripts\build_bq4gay2mn1w7tgk9pt3fvsgo3\proj).
21:56:22.035 [DEBUG] [org.gradle.cache.internal.DefaultFileLockManager] Releasing lock on jars (H:\red arrow\app\RedArrow\gradle\caches\jars-1).
21:56:22.036 [DEBUG] [org.gradle.cache.internal.btree.BTreePersistentIndexedCache] Closing cache module-metadata.bin (H:\red arrow\app\RedArrow\gradle\caches\modules-2\metadata-2.16\module-metadata.bin)
21:56:22.037 [DEBUG] [org.gradle.cache.internal.btree.BTreePersistentIndexedCache] Closing cache module-artifacts.bin (H:\red arrow\app\RedArrow\gradle\caches\modules-2\metadata-2.16\module-artifacts.bin)
21:56:22.037 [DEBUG] [org.gradle.cache.internal.btree.BTreePersistentIndexedCache] Closing cache artifact-at-repository.bin (H:\red arrow\app\RedArrow\gradle\caches\modules-2\metadata-2.16\artifact-at-repository.bin)
21:56:22.037 [DEBUG] [org.gradle.cache.internal.btree.BTreePersistentIndexedCache] Closing cache module-versions.bin (H:\red arrow\app\RedArrow\gradle\caches\modules-2\metadata-2.16\module-versions.bin)
21:56:22.043 [DEBUG] [org.gradle.cache.internal.DefaultFileLockManager] Releasing lock on artifact cache (H:\red arrow\app\RedArrow\gradle\caches\modules-2).
21:56:22.048 [DEBUG] [org.gradle.api.internal.artifacts.ivyservice.resolveengine.store.CachedStoreFactory] Resolution result cache closed. Cache reads: 0, disk reads: 0 (avg: 0.0 secs, total: 0.0 secs)
21:56:22.050 [DEBUG] [org.gradle.api.internal.artifacts.ivyservice.resolveengine.store.CachedStoreFactory] Resolution result cache closed. Cache reads: 12, disk reads: 13 (avg: 0.005 secs, total: 0.068 secs)
21:56:22.050 [DEBUG] [org.gradle.api.internal.artifacts.ivyservice.resolveengine.store.ResolutionResultsStoreFactory] Deleted 2 resolution results binary files in 0.003 secs
21:56:22.051 [DEBUG] [org.gradle.api.internal.artifacts.ivyservice.ivyresolve.memcache.InMemoryCachedRepositoryFactory] In-memory dependency metadata cache closed. Repos cached: 51, cache instances: 4, modules served from cache: 1121, artifacts: 351
21:56:22.051 [DEBUG] [org.gradle.cache.internal.DefaultCacheAccess] Cache Plugin Resolution Cache (H:\red arrow\app\RedArrow\gradle\caches\2.10\plugin-resolution) was closed 0 times.
21:56:22.052 [DEBUG] [org.gradle.api.internal.tasks.compile.daemon.CompilerDaemonManager] Stopping 0 compiler daemon(s).
21:56:22.053 [INFO] [org.gradle.api.internal.tasks.compile.daemon.CompilerDaemonManager] Stopped 0 compiler daemon(s).
21:56:22.053 [DEBUG] [org.gradle.launcher.daemon.server.exec.ExecuteBuild] The daemon has finished executing the build.
21:56:22.471 [DEBUG] [org.gradle.launcher.daemon.server.DaemonStateCoordinator] Command execution: finished waiting for DaemonCommandExecution[command = Build{id=ff90b868-8b47-419b-8355-10dc4cba8b64.1, currentDir=H:\red arrow\app\RedArrow}, connection = org.gradle.launcher.daemon.server.DefaultDaemonConnection@36e0b86a]. Result org.gradle.launcher.daemon.server.DaemonStateCoordinator@3ae8bd1 with state Running
21:56:22.471 [DEBUG] [org.gradle.launcher.daemon.server.DaemonStateCoordinator] Command execution: completed DaemonCommandExecution[command = Build{id=ff90b868-8b47-419b-8355-10dc4cba8b64.1, currentDir=H:\red arrow\app\RedArrow}, connection = org.gradle.launcher.daemon.server.DefaultDaemonConnection@36e0b86a]
21:56:22.471 [DEBUG] [org.apache.http.impl.conn.PoolingClientConnectionManager] Connection manager is shutting down
21:56:22.471 [DEBUG] [org.gradle.launcher.daemon.server.DaemonStateCoordinator] updating lastActivityAt to 1486398382471
21:56:22.471 [INFO] [org.gradle.launcher.daemon.server.DomainRegistryUpdater] Marking the daemon as idle, address: [cf199e94-40e0-4ac5-8e20-a2f4845ebf2a port:50810, addresses:[/127.0.0.1, /0:0:0:0:0:0:0:1]]
21:56:22.472 [DEBUG] [org.apache.http.impl.conn.DefaultClientConnection] Connection 0.0.0.0:50839<->108.168.243.150:443 closed
21:56:22.472 [DEBUG] [org.gradle.launcher.daemon.registry.PersistentDaemonRegistry] Marking idle by address: [cf199e94-40e0-4ac5-8e20-a2f4845ebf2a port:50810, addresses:[/127.0.0.1, /0:0:0:0:0:0:0:1]]
21:56:22.472 [DEBUG] [org.apache.http.impl.conn.DefaultClientConnection] Connection 0.0.0.0:50839<->108.168.243.150:443 closed
21:56:22.472 [DEBUG] [org.apache.http.impl.conn.PoolingClientConnectionManager] Connection manager shut down
21:56:22.473 [DEBUG] [org.gradle.cache.internal.DefaultFileLockManager] Waiting to acquire exclusive lock on daemon addresses registry.
21:56:22.473 [DEBUG] [org.gradle.cache.internal.DefaultFileLockManager] Lock acquired.
21:56:22.481 [DEBUG] [org.gradle.cache.internal.DefaultFileLockManager] Releasing lock on daemon addresses registry.
21:56:22.486 [DEBUG] [org.gradle.launcher.daemon.server.exec.ReturnResult] Daemon is dispatching the build result: Success[value=org.gradle.tooling.internal.provider.BuildActionResult@516e56ef]
21:56:22.486 [DEBUG] [org.gradle.launcher.daemon.server.SynchronizedDispatchConnection] thread 14: dispatching class org.gradle.launcher.daemon.protocol.Success
21:56:22.486 [DEBUG] [org.gradle.launcher.daemon.server.DaemonStateCoordinator] Daemon is idle, sleeping until state change or idle timeout at Tue Feb 07 00:56:22 IST 2017
21:56:22.523 [DEBUG] [org.gradle.launcher.daemon.server.DefaultIncomingConnectionHandler] Finishing executing command: Build{id=ff90b868-8b47-419b-8355-10dc4cba8b64.1, currentDir=H:\red arrow\app\RedArrow}
21:56:22.542 [DEBUG] [org.gradle.launcher.daemon.server.SynchronizedDispatchConnection] thread 15: received class org.gradle.launcher.daemon.protocol.Finished
21:56:22.543 [DEBUG] [org.gradle.launcher.daemon.server.DefaultDaemonConnection] Received non-IO message from client: org.gradle.launcher.daemon.protocol.Finished@6c5abc0b
21:56:22.543 [DEBUG] [org.gradle.launcher.daemon.server.DefaultIncomingConnectionHandler] Received finished message: org.gradle.launcher.daemon.protocol.Finished@6c5abc0b
21:56:22.544 [DEBUG] [org.gradle.launcher.daemon.server.SynchronizedDispatchConnection] thread 14: stopping connection
21:56:22.545 [DEBUG] [org.gradle.messaging.remote.internal.inet.SocketConnection] Discarding EOFException: java.io.EOFException
21:56:22.546 [DEBUG] [org.gradle.launcher.daemon.server.SynchronizedDispatchConnection] thread 15: received null
21:56:22.546 [DEBUG] [org.gradle.launcher.daemon.server.DefaultDaemonConnection] Received end-of-input from client.
21:56:22.547 [DEBUG] [org.gradle.launcher.daemon.server.SynchronizedDispatchConnection] thread 14: stopping connection
21:56:29.289 [DEBUG] [org.gradle.messaging.remote.internal.inet.TcpIncomingConnector] Accepted connection from /127.0.0.1:50848 to /127.0.0.1:50810.
21:56:29.342 [DEBUG] [org.gradle.launcher.daemon.server.SynchronizedDispatchConnection] thread 20: received class org.gradle.launcher.daemon.protocol.Build
21:56:29.342 [DEBUG] [org.gradle.launcher.daemon.server.DefaultDaemonConnection] Received non-IO message from client: Build{id=01e1e612-a931-47ff-9ccf-b62739f3eaa8.1, currentDir=H:\red arrow\app\RedArrow}
21:56:29.343 [INFO] [org.gradle.launcher.daemon.server.DefaultIncomingConnectionHandler] Received command: Build{id=01e1e612-a931-47ff-9ccf-b62739f3eaa8.1, currentDir=H:\red arrow\app\RedArrow}.
21:56:29.346 [DEBUG] [org.gradle.launcher.daemon.server.DefaultIncomingConnectionHandler] Starting executing command: Build{id=01e1e612-a931-47ff-9ccf-b62739f3eaa8.1, currentDir=H:\red arrow\app\RedArrow} with connection: socket connection from /127.0.0.1:50810 to /127.0.0.1:50848.
21:56:29.347 [DEBUG] [org.gradle.launcher.daemon.server.DaemonStateCoordinator] Command execution: started DaemonCommandExecution[command = Build{id=01e1e612-a931-47ff-9ccf-b62739f3eaa8.1, currentDir=H:\red arrow\app\RedArrow}, connection = org.gradle.launcher.daemon.server.DefaultDaemonConnection@2b481d13] after 0.0 minutes of idle
21:56:29.347 [INFO] [org.gradle.launcher.daemon.server.DomainRegistryUpdater] Marking the daemon as busy, address: [cf199e94-40e0-4ac5-8e20-a2f4845ebf2a port:50810, addresses:[/127.0.0.1, /0:0:0:0:0:0:0:1]]
21:56:29.348 [DEBUG] [org.gradle.launcher.daemon.registry.PersistentDaemonRegistry] Marking busy by address: [cf199e94-40e0-4ac5-8e20-a2f4845ebf2a port:50810, addresses:[/127.0.0.1, /0:0:0:0:0:0:0:1]]
21:56:29.348 [DEBUG] [org.gradle.cache.internal.DefaultFileLockManager] Waiting to acquire exclusive lock on daemon addresses registry.
21:56:29.348 [DEBUG] [org.gradle.cache.internal.DefaultFileLockManager] Lock acquired.
21:56:29.367 [DEBUG] [org.gradle.cache.internal.DefaultFileLockManager] Releasing lock on daemon addresses registry.
21:56:29.371 [DEBUG] [org.gradle.launcher.daemon.server.DaemonStateCoordinator] updating lastActivityAt to 1486398389371
21:56:29.372 [DEBUG] [org.gradle.launcher.daemon.server.DaemonStateCoordinator] Daemon is busy, sleeping until state changes.
21:56:29.372 [INFO] [org.gradle.launcher.daemon.server.exec.StartBuildOrRespondWithBusy] Daemon is about to start building Build{id=01e1e612-a931-47ff-9ccf-b62739f3eaa8.1, currentDir=H:\red arrow\app\RedArrow}. Dispatching build started information...
21:56:29.372 [DEBUG] [org.gradle.launcher.daemon.server.SynchronizedDispatchConnection] thread 17: dispatching class org.gradle.launcher.daemon.protocol.BuildStarted
21:56:29.374 [DEBUG] [org.gradle.launcher.daemon.server.exec.EstablishBuildEnvironment] Configuring env variables: {USERDOMAIN_ROAMINGPROFILE=my-pc, LOCALAPPDATA=C:\Users\jit\AppData\Local, PROCESSOR_LEVEL=6, FP_NO_HOST_CHECK=NO, USERDOMAIN=my-pc, LOGONSERVER=\\MY-PC, SESSIONNAME=Console, ALLUSERSPROFILE=C:\ProgramData, PROCESSOR_ARCHITECTURE=AMD64, PSModulePath=C:\Windows\system32\WindowsPowerShell\v1.0\Modules\, SystemDrive=C:, APPDATA=C:\Users\jit\AppData\Roaming, USERNAME=jit, ProgramFiles(x86)=C:\Program Files (x86), CommonProgramFiles=C:\Program Files\Common Files, Path=C:\ProgramData\Oracle\Java\javapath;C:\Program Files (x86)\NVIDIA Corporation\PhysX\Common;C:\Windows\system32;C:\Windows;C:\Windows\System32\Wbem;C:\Windows\System32\WindowsPowerShell\v1.0\;C:\Program Files (x86)\Windows Live\Shared;C:\Program Files\nodejs\;C:\Users\jit\Anaconda2;C:\Users\jit\Anaconda2\Scripts;C:\Users\jit\Anaconda2\Library\bin;C:\Users\jit\AppData\Roaming\npm;C:\Program Files\Java\jdk1.8.0_45\bin;C:\Program Files\Java\jre1.8.0_121\bin;, PATHEXT=.COM;.EXE;.BAT;.CMD;.VBS;.VBE;.JS;.JSE;.WSF;.WSH;.MSC, OS=Windows_NT, COMPUTERNAME=MY-PC, PROCESSOR_REVISION=3a09, CommonProgramW6432=C:\Program Files\Common Files, ComSpec=C:\Windows\system32\cmd.exe, ProgramData=C:\ProgramData, ProgramW6432=C:\Program Files, HOMEPATH=\Users\jit, SystemRoot=C:\Windows, TEMP=C:\Users\jit\AppData\Local\Temp, HOMEDRIVE=C:, PROCESSOR_IDENTIFIER=Intel64 Family 6 Model 58 Stepping 9, GenuineIntel, USERPROFILE=C:\Users\jit, TMP=C:\Users\jit\AppData\Local\Temp, CommonProgramFiles(x86)=C:\Program Files (x86)\Common Files, ProgramFiles=C:\Program Files, PUBLIC=C:\Users\Public, NUMBER_OF_PROCESSORS=4, windir=C:\Windows, =::=::\}
21:56:29.378 [DEBUG] [org.gradle.launcher.daemon.server.exec.LogToClient] About to start relaying all logs to the client via the connection.
21:56:29.378 [INFO] [org.gradle.launcher.daemon.server.exec.LogToClient] The client will now receive all logging from the daemon (pid: 3460). The daemon log file: H:\red arrow\app\RedArrow\gradle\daemon\2.10\daemon-3460.out.log
21:56:29.379 [INFO] [org.gradle.launcher.daemon.server.health.DaemonHealthTracker] Starting 2nd build in daemon [uptime: 52.95 secs, performance: 100%, memory: 29% of 954.7 MB]
21:56:29.379 [DEBUG] [org.gradle.launcher.daemon.server.exec.ExecuteBuild] The daemon has started executing the build.
21:56:29.379 [INFO] [org.gradle.launcher.daemon.server.exec.ExecuteBuild] Executing build with daemon context: DefaultDaemonContext[uid=995fc3c4-e6c3-41a7-9f8d-69854b515151,javaHome=C:\Program Files\Java\jdk1.8.0_45,daemonRegistryDir=H:\red arrow\app\RedArrow\gradle\daemon,pid=3460,idleTimeout=10800000,daemonOpts=-XX:MaxPermSize=256m,-XX:+HeapDumpOnOutOfMemoryError,-Xmx1024m,-Dfile.encoding=windows-1252,-Duser.country=IN,-Duser.language=en,-Duser.variant]
Configuration on demand is an incubating feature.
Incremental java compilation is an incubating feature.
:app:preBuild UP-TO-DATE
:app:preDebugBuild UP-TO-DATE
:app:checkDebugManifest
:app:preReleaseBuild UP-TO-DATE
:app:prepareComAndroidSupportAnimatedVectorDrawable2400Library UP-TO-DATE
:app:prepareComAndroidSupportAppcompatV72400Library UP-TO-DATE
:app:prepareComAndroidSupportDesign2340Library UP-TO-DATE
:app:prepareComAndroidSupportMediarouterV72400Library UP-TO-DATE
:app:prepareComAndroidSupportMultidex101Library UP-TO-DATE
:app:prepareComAndroidSupportPaletteV72400Library UP-TO-DATE
:app:prepareComAndroidSupportRecyclerviewV72340Library UP-TO-DATE
:app:prepareComAndroidSupportSupportV42400Library UP-TO-DATE
:app:prepareComAndroidSupportSupportVectorDrawable2400Library UP-TO-DATE
:app:prepareComAndroidVolleyVolley100Library UP-TO-DATE
:app:prepareComGoogleAndroidGmsPlayServices960Library UP-TO-DATE
:app:prepareComGoogleAndroidGmsPlayServicesAds960Library UP-TO-DATE
:app:prepareComGoogleAndroidGmsPlayServicesAdsLite960Library UP-TO-DATE
:app:prepareComGoogleAndroidGmsPlayServicesAnalytics960Library UP-TO-DATE
:app:prepareComGoogleAndroidGmsPlayServicesAnalyticsImpl960Library UP-TO-DATE
:app:prepareComGoogleAndroidGmsPlayServicesAppindexing960Library UP-TO-DATE
:app:prepareComGoogleAndroidGmsPlayServicesAppinvite960Library UP-TO-DATE
:app:prepareComGoogleAndroidGmsPlayServicesAuth960Library UP-TO-DATE
:app:prepareComGoogleAndroidGmsPlayServicesAuthBase960Library UP-TO-DATE
:app:prepareComGoogleAndroidGmsPlayServicesAwareness960Library UP-TO-DATE
:app:prepareComGoogleAndroidGmsPlayServicesBase960Library UP-TO-DATE
:app:prepareComGoogleAndroidGmsPlayServicesBasement960Library UP-TO-DATE
:app:prepareComGoogleAndroidGmsPlayServicesCast960Library UP-TO-DATE
:app:prepareComGoogleAndroidGmsPlayServicesCastFramework960Library UP-TO-DATE
:app:prepareComGoogleAndroidGmsPlayServicesClearcut960Library UP-TO-DATE
:app:prepareComGoogleAndroidGmsPlayServicesDrive960Library UP-TO-DATE
:app:prepareComGoogleAndroidGmsPlayServicesFitness960Library UP-TO-DATE
:app:prepareComGoogleAndroidGmsPlayServicesGames960Library UP-TO-DATE
:app:prepareComGoogleAndroidGmsPlayServicesGass960Library UP-TO-DATE
:app:prepareComGoogleAndroidGmsPlayServicesGcm960Library UP-TO-DATE
:app:prepareComGoogleAndroidGmsPlayServicesIdentity960Library UP-TO-DATE
:app:prepareComGoogleAndroidGmsPlayServicesIid960Library UP-TO-DATE
:app:prepareComGoogleAndroidGmsPlayServicesInstantapps960Library UP-TO-DATE
:app:prepareComGoogleAndroidGmsPlayServicesLocation960Library UP-TO-DATE
:app:prepareComGoogleAndroidGmsPlayServicesMaps960Library UP-TO-DATE
:app:prepareComGoogleAndroidGmsPlayServicesNearby960Library UP-TO-DATE
:app:prepareComGoogleAndroidGmsPlayServicesPanorama960Library UP-TO-DATE
:app:prepareComGoogleAndroidGmsPlayServicesPlaces960Library UP-TO-DATE
:app:prepareComGoogleAndroidGmsPlayServicesPlus960Library UP-TO-DATE
:app:prepareComGoogleAndroidGmsPlayServicesSafetynet960Library UP-TO-DATE
:app:prepareComGoogleAndroidGmsPlayServicesTagmanager960Library UP-TO-DATE
:app:prepareComGoogleAndroidGmsPlayServicesTagmanagerApi960Library UP-TO-DATE
:app:prepareComGoogleAndroidGmsPlayServicesTasks960Library UP-TO-DATE
:app:prepareComGoogleAndroidGmsPlayServicesVision960Library UP-TO-DATE
:app:prepareComGoogleAndroidGmsPlayServicesWallet960Library UP-TO-DATE
:app:prepareComGoogleAndroidGmsPlayServicesWearable960Library UP-TO-DATE
:app:prepareComGoogleFirebaseFirebaseAnalytics960Library UP-TO-DATE
:app:prepareComGoogleFirebaseFirebaseAnalyticsImpl960Library UP-TO-DATE
:app:prepareComGoogleFirebaseFirebaseAuth960Library UP-TO-DATE
:app:prepareComGoogleFirebaseFirebaseAuthCommon960Library UP-TO-DATE
:app:prepareComGoogleFirebaseFirebaseAuthModule960Library UP-TO-DATE
:app:prepareComGoogleFirebaseFirebaseCommon960Library UP-TO-DATE
:app:prepareComGoogleFirebaseFirebaseConfig960Library UP-TO-DATE
:app:prepareComGoogleFirebaseFirebaseCore960Library UP-TO-DATE
:app:prepareComGoogleFirebaseFirebaseCrash960Library UP-TO-DATE
:app:prepareComGoogleFirebaseFirebaseDatabase960Library UP-TO-DATE
:app:prepareComGoogleFirebaseFirebaseDatabaseConnection960Library UP-TO-DATE
:app:prepareComGoogleFirebaseFirebaseIid960Library UP-TO-DATE
:app:prepareComGoogleFirebaseFirebaseMessaging960Library UP-TO-DATE
:app:prepareComGoogleFirebaseFirebaseStorage960Library UP-TO-DATE
:app:prepareComGoogleFirebaseFirebaseStorageCommon960Library UP-TO-DATE
:app:prepareComGoogleMapsAndroidAndroidMapsUtils034Library UP-TO-DATE
:app:prepareDebugDependencies
:app:compileDebugAidl UP-TO-DATE
:app:compileDebugRenderscript UP-TO-DATE
:app:generateDebugBuildConfig UP-TO-DATE
:app:generateDebugAssets UP-TO-DATE
:app:mergeDebugAssets UP-TO-DATE
:app:generateDebugResValues UP-TO-DATE
:app:processDebugGoogleServices
Parsing json file: H:\red arrow\app\RedArrow\app\google-services.json
:app:generateDebugResources
:app:mergeDebugResources UP-TO-DATE
:app:processDebugManifest UP-TO-DATE
:app:processDebugResources UP-TO-DATE
:app:generateDebugSources UP-TO-DATE
:app:preDebugAndroidTestBuild UP-TO-DATE
:app:prepareComAndroidSupportMultidexInstrumentation101Library UP-TO-DATE
:app:prepareDebugAndroidTestDependencies
:app:compileDebugAndroidTestAidl UP-TO-DATE
:app:processDebugAndroidTestManifest UP-TO-DATE
:app:compileDebugAndroidTestRenderscript UP-TO-DATE
:app:generateDebugAndroidTestBuildConfig UP-TO-DATE
:app:generateDebugAndroidTestAssets UP-TO-DATE
:app:mergeDebugAndroidTestAssets UP-TO-DATE
:app:generateDebugAndroidTestResValues UP-TO-DATE
:app:generateDebugAndroidTestResources UP-TO-DATE
:app:mergeDebugAndroidTestResources UP-TO-DATE
:app:processDebugAndroidTestResources UP-TO-DATE
:app:generateDebugAndroidTestSources UP-TO-DATE

BUILD SUCCESSFUL

Total time: 8.187 secs
21:56:37.400 [DEBUG] [org.gradle.cache.internal.btree.BTreePersistentIndexedCache] Closing cache outputFileStates.bin (H:\red arrow\app\RedArrow\.gradle\2.10\taskArtifacts\outputFileStates.bin)
21:56:37.401 [DEBUG] [org.gradle.cache.internal.btree.BTreePersistentIndexedCache] Closing cache fileHashes.bin (H:\red arrow\app\RedArrow\.gradle\2.10\taskArtifacts\fileHashes.bin)
21:56:37.406 [DEBUG] [org.gradle.cache.internal.btree.BTreePersistentIndexedCache] Closing cache taskArtifacts.bin (H:\red arrow\app\RedArrow\.gradle\2.10\taskArtifacts\taskArtifacts.bin)
21:56:37.407 [DEBUG] [org.gradle.cache.internal.btree.BTreePersistentIndexedCache] Closing cache fileSnapshots.bin (H:\red arrow\app\RedArrow\.gradle\2.10\taskArtifacts\fileSnapshots.bin)
21:56:37.407 [DEBUG] [org.gradle.cache.internal.DefaultFileLockManager] Releasing lock on task history cache (H:\red arrow\app\RedArrow\.gradle\2.10\taskArtifacts).
21:56:37.412 [DEBUG] [org.gradle.cache.internal.DefaultFileLockManager] Releasing lock on cp_init class cache for initialization script 'C:\Users\jit\AppData\Local\Temp\asLocalRepo564.gradle' (H:\red arrow\app\RedArrow\gradle\caches\2.10\scripts\asLocalRepo564_eu2wznwxaj32y4sp9q6w4bq17\cp_init).
21:56:37.413 [DEBUG] [org.gradle.cache.internal.DefaultFileLockManager] Releasing lock on init class cache for initialization script 'C:\Users\jit\AppData\Local\Temp\asLocalRepo564.gradle' (H:\red arrow\app\RedArrow\gradle\caches\2.10\scripts\asLocalRepo564_eu2wznwxaj32y4sp9q6w4bq17\init).
21:56:37.413 [DEBUG] [org.gradle.cache.internal.DefaultFileLockManager] Releasing lock on cp_settings class cache for settings file 'H:\red arrow\app\RedArrow\settings.gradle' (H:\red arrow\app\RedArrow\gradle\caches\2.10\scripts\settings_davvb4xkg6bcji94khj3ixd9r\cp_settings).
21:56:37.413 [DEBUG] [org.gradle.cache.internal.DefaultFileLockManager] Releasing lock on settings class cache for settings file 'H:\red arrow\app\RedArrow\settings.gradle' (H:\red arrow\app\RedArrow\gradle\caches\2.10\scripts\settings_davvb4xkg6bcji94khj3ixd9r\settings).
21:56:37.413 [DEBUG] [org.gradle.cache.internal.DefaultFileLockManager] Releasing lock on cp_proj class cache for build file 'H:\red arrow\app\RedArrow\build.gradle' (H:\red arrow\app\RedArrow\gradle\caches\2.10\scripts\build_cej92dhjga2omm7425a6ojgi5\cp_proj).
21:56:37.414 [DEBUG] [org.gradle.cache.internal.DefaultFileLockManager] Releasing lock on proj class cache for build file 'H:\red arrow\app\RedArrow\build.gradle' (H:\red arrow\app\RedArrow\gradle\caches\2.10\scripts\build_cej92dhjga2omm7425a6ojgi5\proj).
21:56:37.414 [DEBUG] [org.gradle.cache.internal.DefaultFileLockManager] Releasing lock on cp_proj class cache for build file 'H:\red arrow\app\RedArrow\app\build.gradle' (H:\red arrow\app\RedArrow\gradle\caches\2.10\scripts\build_bq4gay2mn1w7tgk9pt3fvsgo3\cp_proj).
21:56:37.414 [DEBUG] [org.gradle.cache.internal.DefaultFileLockManager] Releasing lock on proj class cache for build file 'H:\red arrow\app\RedArrow\app\build.gradle' (H:\red arrow\app\RedArrow\gradle\caches\2.10\scripts\build_bq4gay2mn1w7tgk9pt3fvsgo3\proj).
21:56:37.414 [DEBUG] [org.gradle.cache.internal.DefaultCacheAccess] Cache jars (H:\red arrow\app\RedArrow\gradle\caches\jars-1) was closed 0 times.
21:56:37.414 [DEBUG] [org.gradle.cache.internal.btree.BTreePersistentIndexedCache] Closing cache artifact-at-repository.bin (H:\red arrow\app\RedArrow\gradle\caches\modules-2\metadata-2.16\artifact-at-repository.bin)
21:56:37.415 [DEBUG] [org.gradle.cache.internal.btree.BTreePersistentIndexedCache] Closing cache module-versions.bin (H:\red arrow\app\RedArrow\gradle\caches\modules-2\metadata-2.16\module-versions.bin)
21:56:37.415 [DEBUG] [org.gradle.cache.internal.btree.BTreePersistentIndexedCache] Closing cache module-artifacts.bin (H:\red arrow\app\RedArrow\gradle\caches\modules-2\metadata-2.16\module-artifacts.bin)
21:56:37.415 [DEBUG] [org.gradle.cache.internal.btree.BTreePersistentIndexedCache] Closing cache module-metadata.bin (H:\red arrow\app\RedArrow\gradle\caches\modules-2\metadata-2.16\module-metadata.bin)
21:56:37.415 [DEBUG] [org.gradle.cache.internal.DefaultFileLockManager] Releasing lock on artifact cache (H:\red arrow\app\RedArrow\gradle\caches\modules-2).
21:56:37.421 [DEBUG] [org.gradle.api.internal.artifacts.ivyservice.resolveengine.store.CachedStoreFactory] Resolution result cache closed. Cache reads: 0, disk reads: 0 (avg: 0.0 secs, total: 0.0 secs)
21:56:37.422 [DEBUG] [org.gradle.api.internal.artifacts.ivyservice.resolveengine.store.CachedStoreFactory] Resolution result cache closed. Cache reads: 0, disk reads: 10 (avg: 0.001 secs, total: 0.016 secs)
21:56:37.423 [DEBUG] [org.gradle.api.internal.artifacts.ivyservice.resolveengine.store.ResolutionResultsStoreFactory] Deleted 2 resolution results binary files in 0.003 secs
21:56:37.423 [DEBUG] [org.gradle.api.internal.artifacts.ivyservice.ivyresolve.memcache.InMemoryCachedRepositoryFactory] In-memory dependency metadata cache closed. Repos cached: 32, cache instances: 4, modules served from cache: 599, artifacts: 98
21:56:37.423 [DEBUG] [org.gradle.cache.internal.DefaultCacheAccess] Cache Plugin Resolution Cache (H:\red arrow\app\RedArrow\gradle\caches\2.10\plugin-resolution) was closed 0 times.
21:56:37.423 [DEBUG] [org.gradle.api.internal.tasks.compile.daemon.CompilerDaemonManager] Stopping 0 compiler daemon(s).
21:56:37.423 [INFO] [org.gradle.api.internal.tasks.compile.daemon.CompilerDaemonManager] Stopped 0 compiler daemon(s).
21:56:37.424 [DEBUG] [org.gradle.launcher.daemon.server.exec.ExecuteBuild] The daemon has finished executing the build.
21:56:37.426 [DEBUG] [org.gradle.launcher.daemon.server.DaemonStateCoordinator] Daemon is busy, sleeping until state changes.
21:56:37.426 [DEBUG] [org.gradle.launcher.daemon.server.DaemonStateCoordinator] Command execution: finished waiting for DaemonCommandExecution[command = Build{id=01e1e612-a931-47ff-9ccf-b62739f3eaa8.1, currentDir=H:\red arrow\app\RedArrow}, connection = org.gradle.launcher.daemon.server.DefaultDaemonConnection@2b481d13]. Result org.gradle.launcher.daemon.server.DaemonStateCoordinator@3ae8bd1 with state Running
21:56:37.426 [DEBUG] [org.gradle.launcher.daemon.server.DaemonStateCoordinator] Command execution: completed DaemonCommandExecution[command = Build{id=01e1e612-a931-47ff-9ccf-b62739f3eaa8.1, currentDir=H:\red arrow\app\RedArrow}, connection = org.gradle.launcher.daemon.server.DefaultDaemonConnection@2b481d13]
21:56:37.427 [DEBUG] [org.gradle.launcher.daemon.server.DaemonStateCoordinator] updating lastActivityAt to 1486398397427
21:56:37.427 [INFO] [org.gradle.launcher.daemon.server.DomainRegistryUpdater] Marking the daemon as idle, address: [cf199e94-40e0-4ac5-8e20-a2f4845ebf2a port:50810, addresses:[/127.0.0.1, /0:0:0:0:0:0:0:1]]
21:56:37.427 [DEBUG] [org.gradle.launcher.daemon.registry.PersistentDaemonRegistry] Marking idle by address: [cf199e94-40e0-4ac5-8e20-a2f4845ebf2a port:50810, addresses:[/127.0.0.1, /0:0:0:0:0:0:0:1]]
21:56:37.428 [DEBUG] [org.gradle.cache.internal.DefaultFileLockManager] Waiting to acquire exclusive lock on daemon addresses registry.
21:56:37.429 [DEBUG] [org.gradle.cache.internal.DefaultFileLockManager] Lock acquired.
21:56:37.435 [DEBUG] [org.gradle.cache.internal.DefaultFileLockManager] Releasing lock on daemon addresses registry.
21:56:37.440 [DEBUG] [org.gradle.launcher.daemon.server.exec.ReturnResult] Daemon is dispatching the build result: Success[value=org.gradle.tooling.internal.provider.BuildActionResult@2eb1a93c]
21:56:37.441 [DEBUG] [org.gradle.launcher.daemon.server.SynchronizedDispatchConnection] thread 14: dispatching class org.gradle.launcher.daemon.protocol.Success
21:56:37.442 [DEBUG] [org.gradle.launcher.daemon.server.DaemonStateCoordinator] Daemon is idle, sleeping until state change or idle timeout at Tue Feb 07 00:56:37 IST 2017
21:56:37.443 [DEBUG] [org.gradle.launcher.daemon.server.DefaultIncomingConnectionHandler] Finishing executing command: Build{id=01e1e612-a931-47ff-9ccf-b62739f3eaa8.1, currentDir=H:\red arrow\app\RedArrow}
21:56:37.448 [DEBUG] [org.gradle.launcher.daemon.server.SynchronizedDispatchConnection] thread 20: received class org.gradle.launcher.daemon.protocol.Finished
21:56:37.448 [DEBUG] [org.gradle.launcher.daemon.server.DefaultDaemonConnection] Received non-IO message from client: org.gradle.launcher.daemon.protocol.Finished@28a20e1c
21:56:37.449 [DEBUG] [org.gradle.launcher.daemon.server.DefaultIncomingConnectionHandler] Received finished message: org.gradle.launcher.daemon.protocol.Finished@28a20e1c
21:56:37.450 [DEBUG] [org.gradle.launcher.daemon.server.SynchronizedDispatchConnection] thread 14: stopping connection
21:56:37.450 [DEBUG] [org.gradle.messaging.remote.internal.inet.SocketConnection] Discarding EOFException: java.io.EOFException
21:56:37.450 [DEBUG] [org.gradle.launcher.daemon.server.SynchronizedDispatchConnection] thread 20: received null
21:56:37.451 [DEBUG] [org.gradle.launcher.daemon.server.DefaultDaemonConnection] Received end-of-input from client.
21:56:37.452 [DEBUG] [org.gradle.launcher.daemon.server.SynchronizedDispatchConnection] thread 14: stopping connection
