09:39:02.510 [INFO] [org.gradle.launcher.daemon.server.Daemon] start() called on daemon - DefaultDaemonContext[uid=e9e691cf-5494-458b-8a9c-c99a6ecb97f5,javaHome=C:\Program Files\Java\jdk1.8.0_45,daemonRegistryDir=H:\red arrow\app\RedArrow\gradle\daemon,pid=2264,idleTimeout=10800000,daemonOpts=-XX:MaxPermSize=256m,-XX:+HeapDumpOnOutOfMemoryError,-Xmx1024m,-Dfile.encoding=windows-1252,-Duser.country=IN,-Duser.language=en,-Duser.variant]
09:39:02.524 [DEBUG] [org.gradle.launcher.daemon.server.DaemonStateCoordinator] updating lastActivityAt to 1485835742524
09:39:02.627 [DEBUG] [org.gradle.messaging.remote.internal.inet.InetAddressFactory] Adding IP addresses for network interface Software Loopback Interface 1
09:39:02.628 [DEBUG] [org.gradle.messaging.remote.internal.inet.InetAddressFactory] Is this a loopback interface? true
09:39:02.629 [DEBUG] [org.gradle.messaging.remote.internal.inet.InetAddressFactory] Is this a multicast interface? true
09:39:02.629 [DEBUG] [org.gradle.messaging.remote.internal.inet.InetAddressFactory] Adding loopback address /127.0.0.1
09:39:02.630 [DEBUG] [org.gradle.messaging.remote.internal.inet.InetAddressFactory] Adding loopback address /0:0:0:0:0:0:0:1
09:39:02.630 [DEBUG] [org.gradle.messaging.remote.internal.inet.InetAddressFactory] Adding loopback multicast interface Software Loopback Interface 1
09:39:02.631 [DEBUG] [org.gradle.messaging.remote.internal.inet.InetAddressFactory] Adding IP addresses for network interface Microsoft Kernel Debug Network Adapter
09:39:02.631 [DEBUG] [org.gradle.messaging.remote.internal.inet.InetAddressFactory] Is this a loopback interface? false
09:39:02.632 [DEBUG] [org.gradle.messaging.remote.internal.inet.InetAddressFactory] Is this a multicast interface? true
09:39:02.633 [DEBUG] [org.gradle.messaging.remote.internal.inet.InetAddressFactory] Adding loopback multicast interface Microsoft Kernel Debug Network Adapter
09:39:02.633 [DEBUG] [org.gradle.messaging.remote.internal.inet.InetAddressFactory] Adding IP addresses for network interface Realtek PCIe GBE Family Controller
09:39:02.634 [DEBUG] [org.gradle.messaging.remote.internal.inet.InetAddressFactory] Is this a loopback interface? false
09:39:02.634 [DEBUG] [org.gradle.messaging.remote.internal.inet.InetAddressFactory] Is this a multicast interface? true
09:39:02.635 [DEBUG] [org.gradle.messaging.remote.internal.inet.InetAddressFactory] Adding loopback multicast interface Realtek PCIe GBE Family Controller
09:39:02.635 [DEBUG] [org.gradle.messaging.remote.internal.inet.InetAddressFactory] Adding IP addresses for network interface D-Link DWA-131 Wireless N Nano USB Adapter(rev.E)
09:39:02.636 [DEBUG] [org.gradle.messaging.remote.internal.inet.InetAddressFactory] Is this a loopback interface? false
09:39:02.637 [DEBUG] [org.gradle.messaging.remote.internal.inet.InetAddressFactory] Is this a multicast interface? true
09:39:02.637 [DEBUG] [org.gradle.messaging.remote.internal.inet.InetAddressFactory] Adding remote address /fe80:0:0:0:b8bc:3b54:2d14:c6c0%wlan0
09:39:02.637 [DEBUG] [org.gradle.messaging.remote.internal.inet.InetAddressFactory] Adding remote multicast interface D-Link DWA-131 Wireless N Nano USB Adapter(rev.E)
09:39:02.637 [DEBUG] [org.gradle.messaging.remote.internal.inet.InetAddressFactory] Adding IP addresses for network interface Microsoft Wi-Fi Direct Virtual Adapter
09:39:02.638 [DEBUG] [org.gradle.messaging.remote.internal.inet.InetAddressFactory] Is this a loopback interface? false
09:39:02.639 [DEBUG] [org.gradle.messaging.remote.internal.inet.InetAddressFactory] Is this a multicast interface? true
09:39:02.640 [DEBUG] [org.gradle.messaging.remote.internal.inet.InetAddressFactory] Adding remote address /fe80:0:0:0:91f6:db80:db75:fc1%wlan1
09:39:02.640 [DEBUG] [org.gradle.messaging.remote.internal.inet.InetAddressFactory] Adding remote multicast interface Microsoft Wi-Fi Direct Virtual Adapter
09:39:02.640 [DEBUG] [org.gradle.messaging.remote.internal.inet.InetAddressFactory] Adding IP addresses for network interface WAN Miniport (SSTP)
09:39:02.641 [DEBUG] [org.gradle.messaging.remote.internal.inet.InetAddressFactory] Is this a loopback interface? false
09:39:02.642 [DEBUG] [org.gradle.messaging.remote.internal.inet.InetAddressFactory] Is this a multicast interface? true
09:39:02.642 [DEBUG] [org.gradle.messaging.remote.internal.inet.InetAddressFactory] Adding loopback multicast interface WAN Miniport (SSTP)
09:39:02.642 [DEBUG] [org.gradle.messaging.remote.internal.inet.InetAddressFactory] Adding IP addresses for network interface WAN Miniport (PPPOE)
09:39:02.643 [DEBUG] [org.gradle.messaging.remote.internal.inet.InetAddressFactory] Is this a loopback interface? false
09:39:02.644 [DEBUG] [org.gradle.messaging.remote.internal.inet.InetAddressFactory] Is this a multicast interface? true
09:39:02.644 [DEBUG] [org.gradle.messaging.remote.internal.inet.InetAddressFactory] Adding loopback multicast interface WAN Miniport (PPPOE)
09:39:02.645 [DEBUG] [org.gradle.messaging.remote.internal.inet.InetAddressFactory] Adding IP addresses for network interface WAN Miniport (PPTP)
09:39:02.645 [DEBUG] [org.gradle.messaging.remote.internal.inet.InetAddressFactory] Is this a loopback interface? false
09:39:02.646 [DEBUG] [org.gradle.messaging.remote.internal.inet.InetAddressFactory] Is this a multicast interface? true
09:39:02.646 [DEBUG] [org.gradle.messaging.remote.internal.inet.InetAddressFactory] Adding loopback multicast interface WAN Miniport (PPTP)
09:39:02.647 [DEBUG] [org.gradle.messaging.remote.internal.inet.InetAddressFactory] Adding IP addresses for network interface WAN Miniport (L2TP)
09:39:02.649 [DEBUG] [org.gradle.messaging.remote.internal.inet.InetAddressFactory] Is this a loopback interface? false
09:39:02.649 [DEBUG] [org.gradle.messaging.remote.internal.inet.InetAddressFactory] Is this a multicast interface? true
09:39:02.650 [DEBUG] [org.gradle.messaging.remote.internal.inet.InetAddressFactory] Adding loopback multicast interface WAN Miniport (L2TP)
09:39:02.650 [DEBUG] [org.gradle.messaging.remote.internal.inet.InetAddressFactory] Adding IP addresses for network interface WAN Miniport (IKEv2)
09:39:02.651 [DEBUG] [org.gradle.messaging.remote.internal.inet.InetAddressFactory] Is this a loopback interface? false
09:39:02.652 [DEBUG] [org.gradle.messaging.remote.internal.inet.InetAddressFactory] Is this a multicast interface? true
09:39:02.652 [DEBUG] [org.gradle.messaging.remote.internal.inet.InetAddressFactory] Adding loopback multicast interface WAN Miniport (IKEv2)
09:39:02.652 [DEBUG] [org.gradle.messaging.remote.internal.inet.InetAddressFactory] Adding IP addresses for network interface WAN Miniport (IP)
09:39:02.653 [DEBUG] [org.gradle.messaging.remote.internal.inet.InetAddressFactory] Is this a loopback interface? false
09:39:02.654 [DEBUG] [org.gradle.messaging.remote.internal.inet.InetAddressFactory] Is this a multicast interface? true
09:39:02.655 [DEBUG] [org.gradle.messaging.remote.internal.inet.InetAddressFactory] Adding loopback multicast interface WAN Miniport (IP)
09:39:02.655 [DEBUG] [org.gradle.messaging.remote.internal.inet.InetAddressFactory] Adding IP addresses for network interface WAN Miniport (IPv6)
09:39:02.656 [DEBUG] [org.gradle.messaging.remote.internal.inet.InetAddressFactory] Is this a loopback interface? false
09:39:02.657 [DEBUG] [org.gradle.messaging.remote.internal.inet.InetAddressFactory] Is this a multicast interface? true
09:39:02.657 [DEBUG] [org.gradle.messaging.remote.internal.inet.InetAddressFactory] Adding loopback multicast interface WAN Miniport (IPv6)
09:39:02.657 [DEBUG] [org.gradle.messaging.remote.internal.inet.InetAddressFactory] Adding IP addresses for network interface WAN Miniport (Network Monitor)
09:39:02.658 [DEBUG] [org.gradle.messaging.remote.internal.inet.InetAddressFactory] Is this a loopback interface? false
09:39:02.659 [DEBUG] [org.gradle.messaging.remote.internal.inet.InetAddressFactory] Is this a multicast interface? true
09:39:02.659 [DEBUG] [org.gradle.messaging.remote.internal.inet.InetAddressFactory] Adding loopback multicast interface WAN Miniport (Network Monitor)
09:39:02.659 [DEBUG] [org.gradle.messaging.remote.internal.inet.InetAddressFactory] Adding IP addresses for network interface RAS Async Adapter
09:39:02.660 [DEBUG] [org.gradle.messaging.remote.internal.inet.InetAddressFactory] Is this a loopback interface? false
09:39:02.660 [DEBUG] [org.gradle.messaging.remote.internal.inet.InetAddressFactory] Is this a multicast interface? true
09:39:02.661 [DEBUG] [org.gradle.messaging.remote.internal.inet.InetAddressFactory] Adding loopback multicast interface RAS Async Adapter
09:39:02.661 [DEBUG] [org.gradle.messaging.remote.internal.inet.InetAddressFactory] Adding IP addresses for network interface Microsoft Hosted Network Virtual Adapter
09:39:02.662 [DEBUG] [org.gradle.messaging.remote.internal.inet.InetAddressFactory] Is this a loopback interface? false
09:39:02.663 [DEBUG] [org.gradle.messaging.remote.internal.inet.InetAddressFactory] Is this a multicast interface? true
09:39:02.663 [DEBUG] [org.gradle.messaging.remote.internal.inet.InetAddressFactory] Adding remote address /fe80:0:0:0:e02b:dc5a:3fb4:bf0f%wlan2
09:39:02.663 [DEBUG] [org.gradle.messaging.remote.internal.inet.InetAddressFactory] Adding remote multicast interface Microsoft Hosted Network Virtual Adapter
09:39:02.663 [DEBUG] [org.gradle.messaging.remote.internal.inet.InetAddressFactory] Adding IP addresses for network interface D-Link DWA-131 Wireless N Nano USB Adapter(rev.E) #2
09:39:02.665 [DEBUG] [org.gradle.messaging.remote.internal.inet.InetAddressFactory] Is this a loopback interface? false
09:39:02.667 [DEBUG] [org.gradle.messaging.remote.internal.inet.InetAddressFactory] Is this a multicast interface? true
09:39:02.667 [DEBUG] [org.gradle.messaging.remote.internal.inet.InetAddressFactory] Adding loopback multicast interface D-Link DWA-131 Wireless N Nano USB Adapter(rev.E) #2
09:39:02.668 [DEBUG] [org.gradle.messaging.remote.internal.inet.InetAddressFactory] Adding IP addresses for network interface Microsoft Hosted Network Virtual Adapter #2
09:39:02.669 [DEBUG] [org.gradle.messaging.remote.internal.inet.InetAddressFactory] Is this a loopback interface? false
09:39:02.669 [DEBUG] [org.gradle.messaging.remote.internal.inet.InetAddressFactory] Is this a multicast interface? true
09:39:02.670 [DEBUG] [org.gradle.messaging.remote.internal.inet.InetAddressFactory] Adding loopback multicast interface Microsoft Hosted Network Virtual Adapter #2
09:39:02.670 [DEBUG] [org.gradle.messaging.remote.internal.inet.InetAddressFactory] Adding IP addresses for network interface Microsoft Wi-Fi Direct Virtual Adapter #2
09:39:02.671 [DEBUG] [org.gradle.messaging.remote.internal.inet.InetAddressFactory] Is this a loopback interface? false
09:39:02.672 [DEBUG] [org.gradle.messaging.remote.internal.inet.InetAddressFactory] Is this a multicast interface? true
09:39:02.672 [DEBUG] [org.gradle.messaging.remote.internal.inet.InetAddressFactory] Adding loopback multicast interface Microsoft Wi-Fi Direct Virtual Adapter #2
09:39:02.672 [DEBUG] [org.gradle.messaging.remote.internal.inet.InetAddressFactory] Adding IP addresses for network interface Microsoft ISATAP Adapter
09:39:02.673 [DEBUG] [org.gradle.messaging.remote.internal.inet.InetAddressFactory] Is this a loopback interface? false
09:39:02.674 [DEBUG] [org.gradle.messaging.remote.internal.inet.InetAddressFactory] Is this a multicast interface? true
09:39:02.675 [DEBUG] [org.gradle.messaging.remote.internal.inet.InetAddressFactory] Adding loopback multicast interface Microsoft ISATAP Adapter
09:39:02.675 [DEBUG] [org.gradle.messaging.remote.internal.inet.InetAddressFactory] Adding IP addresses for network interface Teredo Tunneling Pseudo-Interface
09:39:02.676 [DEBUG] [org.gradle.messaging.remote.internal.inet.InetAddressFactory] Is this a loopback interface? false
09:39:02.678 [DEBUG] [org.gradle.messaging.remote.internal.inet.InetAddressFactory] Is this a multicast interface? true
09:39:02.678 [DEBUG] [org.gradle.messaging.remote.internal.inet.InetAddressFactory] Adding loopback multicast interface Teredo Tunneling Pseudo-Interface
09:39:02.678 [DEBUG] [org.gradle.messaging.remote.internal.inet.InetAddressFactory] Adding IP addresses for network interface D-Link DWA-131 Wireless N Nano USB Adapter(rev.E) #3
09:39:02.679 [DEBUG] [org.gradle.messaging.remote.internal.inet.InetAddressFactory] Is this a loopback interface? false
09:39:02.680 [DEBUG] [org.gradle.messaging.remote.internal.inet.InetAddressFactory] Is this a multicast interface? true
09:39:02.680 [DEBUG] [org.gradle.messaging.remote.internal.inet.InetAddressFactory] Adding loopback multicast interface D-Link DWA-131 Wireless N Nano USB Adapter(rev.E) #3
09:39:02.680 [DEBUG] [org.gradle.messaging.remote.internal.inet.InetAddressFactory] Adding IP addresses for network interface Microsoft Wi-Fi Direct Virtual Adapter #4
09:39:02.681 [DEBUG] [org.gradle.messaging.remote.internal.inet.InetAddressFactory] Is this a loopback interface? false
09:39:02.681 [DEBUG] [org.gradle.messaging.remote.internal.inet.InetAddressFactory] Is this a multicast interface? true
09:39:02.682 [DEBUG] [org.gradle.messaging.remote.internal.inet.InetAddressFactory] Adding loopback multicast interface Microsoft Wi-Fi Direct Virtual Adapter #4
09:39:02.682 [DEBUG] [org.gradle.messaging.remote.internal.inet.InetAddressFactory] Adding IP addresses for network interface Microsoft Hosted Network Virtual Adapter #4
09:39:02.682 [DEBUG] [org.gradle.messaging.remote.internal.inet.InetAddressFactory] Is this a loopback interface? false
09:39:02.683 [DEBUG] [org.gradle.messaging.remote.internal.inet.InetAddressFactory] Is this a multicast interface? true
09:39:02.683 [DEBUG] [org.gradle.messaging.remote.internal.inet.InetAddressFactory] Adding loopback multicast interface Microsoft Hosted Network Virtual Adapter #4
09:39:02.683 [DEBUG] [org.gradle.messaging.remote.internal.inet.InetAddressFactory] Adding IP addresses for network interface Microsoft ISATAP Adapter #2
09:39:02.684 [DEBUG] [org.gradle.messaging.remote.internal.inet.InetAddressFactory] Is this a loopback interface? false
09:39:02.685 [DEBUG] [org.gradle.messaging.remote.internal.inet.InetAddressFactory] Is this a multicast interface? true
09:39:02.685 [DEBUG] [org.gradle.messaging.remote.internal.inet.InetAddressFactory] Adding loopback multicast interface Microsoft ISATAP Adapter #2
09:39:02.685 [DEBUG] [org.gradle.messaging.remote.internal.inet.InetAddressFactory] Adding IP addresses for network interface Remote NDIS based Internet Sharing Device
09:39:02.686 [DEBUG] [org.gradle.messaging.remote.internal.inet.InetAddressFactory] Is this a loopback interface? false
09:39:02.687 [DEBUG] [org.gradle.messaging.remote.internal.inet.InetAddressFactory] Is this a multicast interface? true
09:39:02.687 [DEBUG] [org.gradle.messaging.remote.internal.inet.InetAddressFactory] Adding loopback multicast interface Remote NDIS based Internet Sharing Device
09:39:02.687 [DEBUG] [org.gradle.messaging.remote.internal.inet.InetAddressFactory] Adding IP addresses for network interface D-Link DWA-131 Wireless N Nano USB Adapter(rev.E)-WFP Native MAC Layer LightWeight Filter-0000
09:39:02.688 [DEBUG] [org.gradle.messaging.remote.internal.inet.InetAddressFactory] Is this a loopback interface? false
09:39:02.689 [DEBUG] [org.gradle.messaging.remote.internal.inet.InetAddressFactory] Is this a multicast interface? true
09:39:02.689 [DEBUG] [org.gradle.messaging.remote.internal.inet.InetAddressFactory] Adding loopback multicast interface D-Link DWA-131 Wireless N Nano USB Adapter(rev.E)-WFP Native MAC Layer LightWeight Filter-0000
09:39:02.689 [DEBUG] [org.gradle.messaging.remote.internal.inet.InetAddressFactory] Adding IP addresses for network interface D-Link DWA-131 Wireless N Nano USB Adapter(rev.E)-Virtual WiFi Filter Driver-0000
09:39:02.690 [DEBUG] [org.gradle.messaging.remote.internal.inet.InetAddressFactory] Is this a loopback interface? false
09:39:02.691 [DEBUG] [org.gradle.messaging.remote.internal.inet.InetAddressFactory] Is this a multicast interface? true
09:39:02.691 [DEBUG] [org.gradle.messaging.remote.internal.inet.InetAddressFactory] Adding loopback multicast interface D-Link DWA-131 Wireless N Nano USB Adapter(rev.E)-Virtual WiFi Filter Driver-0000
09:39:02.691 [DEBUG] [org.gradle.messaging.remote.internal.inet.InetAddressFactory] Adding IP addresses for network interface D-Link DWA-131 Wireless N Nano USB Adapter(rev.E)-Native WiFi Filter Driver-0000
09:39:02.692 [DEBUG] [org.gradle.messaging.remote.internal.inet.InetAddressFactory] Is this a loopback interface? false
09:39:02.693 [DEBUG] [org.gradle.messaging.remote.internal.inet.InetAddressFactory] Is this a multicast interface? true
09:39:02.693 [DEBUG] [org.gradle.messaging.remote.internal.inet.InetAddressFactory] Adding loopback multicast interface D-Link DWA-131 Wireless N Nano USB Adapter(rev.E)-Native WiFi Filter Driver-0000
09:39:02.694 [DEBUG] [org.gradle.messaging.remote.internal.inet.InetAddressFactory] Adding IP addresses for network interface D-Link DWA-131 Wireless N Nano USB Adapter(rev.E)-QoS Packet Scheduler-0000
09:39:02.695 [DEBUG] [org.gradle.messaging.remote.internal.inet.InetAddressFactory] Is this a loopback interface? false
09:39:02.695 [DEBUG] [org.gradle.messaging.remote.internal.inet.InetAddressFactory] Is this a multicast interface? true
09:39:02.696 [DEBUG] [org.gradle.messaging.remote.internal.inet.InetAddressFactory] Adding loopback multicast interface D-Link DWA-131 Wireless N Nano USB Adapter(rev.E)-QoS Packet Scheduler-0000
09:39:02.696 [DEBUG] [org.gradle.messaging.remote.internal.inet.InetAddressFactory] Adding IP addresses for network interface D-Link DWA-131 Wireless N Nano USB Adapter(rev.E)-WFP 802.3 MAC Layer LightWeight Filter-0000
09:39:02.697 [DEBUG] [org.gradle.messaging.remote.internal.inet.InetAddressFactory] Is this a loopback interface? false
09:39:02.698 [DEBUG] [org.gradle.messaging.remote.internal.inet.InetAddressFactory] Is this a multicast interface? true
09:39:02.698 [DEBUG] [org.gradle.messaging.remote.internal.inet.InetAddressFactory] Adding loopback multicast interface D-Link DWA-131 Wireless N Nano USB Adapter(rev.E)-WFP 802.3 MAC Layer LightWeight Filter-0000
09:39:02.698 [DEBUG] [org.gradle.messaging.remote.internal.inet.InetAddressFactory] Adding IP addresses for network interface Microsoft Hosted Network Virtual Adapter-WFP Native MAC Layer LightWeight Filter-0000
09:39:02.699 [DEBUG] [org.gradle.messaging.remote.internal.inet.InetAddressFactory] Is this a loopback interface? false
09:39:02.700 [DEBUG] [org.gradle.messaging.remote.internal.inet.InetAddressFactory] Is this a multicast interface? true
09:39:02.700 [DEBUG] [org.gradle.messaging.remote.internal.inet.InetAddressFactory] Adding loopback multicast interface Microsoft Hosted Network Virtual Adapter-WFP Native MAC Layer LightWeight Filter-0000
09:39:02.700 [DEBUG] [org.gradle.messaging.remote.internal.inet.InetAddressFactory] Adding IP addresses for network interface Microsoft Hosted Network Virtual Adapter-Native WiFi Filter Driver-0000
09:39:02.701 [DEBUG] [org.gradle.messaging.remote.internal.inet.InetAddressFactory] Is this a loopback interface? false
09:39:02.703 [DEBUG] [org.gradle.messaging.remote.internal.inet.InetAddressFactory] Is this a multicast interface? true
09:39:02.703 [DEBUG] [org.gradle.messaging.remote.internal.inet.InetAddressFactory] Adding loopback multicast interface Microsoft Hosted Network Virtual Adapter-Native WiFi Filter Driver-0000
09:39:02.703 [DEBUG] [org.gradle.messaging.remote.internal.inet.InetAddressFactory] Adding IP addresses for network interface Microsoft Wi-Fi Direct Virtual Adapter-WFP Native MAC Layer LightWeight Filter-0000
09:39:02.704 [DEBUG] [org.gradle.messaging.remote.internal.inet.InetAddressFactory] Is this a loopback interface? false
09:39:02.705 [DEBUG] [org.gradle.messaging.remote.internal.inet.InetAddressFactory] Is this a multicast interface? true
09:39:02.706 [DEBUG] [org.gradle.messaging.remote.internal.inet.InetAddressFactory] Adding loopback multicast interface Microsoft Wi-Fi Direct Virtual Adapter-WFP Native MAC Layer LightWeight Filter-0000
09:39:02.706 [DEBUG] [org.gradle.messaging.remote.internal.inet.InetAddressFactory] Adding IP addresses for network interface Microsoft Wi-Fi Direct Virtual Adapter-Native WiFi Filter Driver-0000
09:39:02.707 [DEBUG] [org.gradle.messaging.remote.internal.inet.InetAddressFactory] Is this a loopback interface? false
09:39:02.708 [DEBUG] [org.gradle.messaging.remote.internal.inet.InetAddressFactory] Is this a multicast interface? true
09:39:02.708 [DEBUG] [org.gradle.messaging.remote.internal.inet.InetAddressFactory] Adding loopback multicast interface Microsoft Wi-Fi Direct Virtual Adapter-Native WiFi Filter Driver-0000
09:39:02.708 [DEBUG] [org.gradle.messaging.remote.internal.inet.InetAddressFactory] Adding IP addresses for network interface Microsoft Hosted Network Virtual Adapter-QoS Packet Scheduler-0000
09:39:02.710 [DEBUG] [org.gradle.messaging.remote.internal.inet.InetAddressFactory] Is this a loopback interface? false
09:39:02.711 [DEBUG] [org.gradle.messaging.remote.internal.inet.InetAddressFactory] Is this a multicast interface? true
09:39:02.711 [DEBUG] [org.gradle.messaging.remote.internal.inet.InetAddressFactory] Adding loopback multicast interface Microsoft Hosted Network Virtual Adapter-QoS Packet Scheduler-0000
09:39:02.711 [DEBUG] [org.gradle.messaging.remote.internal.inet.InetAddressFactory] Adding IP addresses for network interface Microsoft Hosted Network Virtual Adapter-WFP 802.3 MAC Layer LightWeight Filter-0000
09:39:02.712 [DEBUG] [org.gradle.messaging.remote.internal.inet.InetAddressFactory] Is this a loopback interface? false
09:39:02.713 [DEBUG] [org.gradle.messaging.remote.internal.inet.InetAddressFactory] Is this a multicast interface? true
09:39:02.713 [DEBUG] [org.gradle.messaging.remote.internal.inet.InetAddressFactory] Adding loopback multicast interface Microsoft Hosted Network Virtual Adapter-WFP 802.3 MAC Layer LightWeight Filter-0000
09:39:02.713 [DEBUG] [org.gradle.messaging.remote.internal.inet.InetAddressFactory] Adding IP addresses for network interface Microsoft Wi-Fi Direct Virtual Adapter-QoS Packet Scheduler-0000
09:39:02.714 [DEBUG] [org.gradle.messaging.remote.internal.inet.InetAddressFactory] Is this a loopback interface? false
09:39:02.714 [DEBUG] [org.gradle.messaging.remote.internal.inet.InetAddressFactory] Is this a multicast interface? true
09:39:02.714 [DEBUG] [org.gradle.messaging.remote.internal.inet.InetAddressFactory] Adding loopback multicast interface Microsoft Wi-Fi Direct Virtual Adapter-QoS Packet Scheduler-0000
09:39:02.714 [DEBUG] [org.gradle.messaging.remote.internal.inet.InetAddressFactory] Adding IP addresses for network interface Microsoft Wi-Fi Direct Virtual Adapter-WFP 802.3 MAC Layer LightWeight Filter-0000
09:39:02.715 [DEBUG] [org.gradle.messaging.remote.internal.inet.InetAddressFactory] Is this a loopback interface? false
09:39:02.716 [DEBUG] [org.gradle.messaging.remote.internal.inet.InetAddressFactory] Is this a multicast interface? true
09:39:02.716 [DEBUG] [org.gradle.messaging.remote.internal.inet.InetAddressFactory] Adding loopback multicast interface Microsoft Wi-Fi Direct Virtual Adapter-WFP 802.3 MAC Layer LightWeight Filter-0000
09:39:02.804 [DEBUG] [org.gradle.messaging.remote.internal.inet.TcpIncomingConnector] Listening on [96536fa6-69a4-42d4-8101-f84e5f4dec28 port:49256, addresses:[/127.0.0.1, /0:0:0:0:0:0:0:1]].
09:39:02.807 [DEBUG] [org.gradle.launcher.daemon.server.Daemon] Daemon starting at: Tue Jan 31 09:39:02 IST 2017, with address: [96536fa6-69a4-42d4-8101-f84e5f4dec28 port:49256, addresses:[/127.0.0.1, /0:0:0:0:0:0:0:1]]
09:39:02.807 [INFO] [org.gradle.launcher.daemon.server.DomainRegistryUpdater] Advertising the daemon address to the clients: [96536fa6-69a4-42d4-8101-f84e5f4dec28 port:49256, addresses:[/127.0.0.1, /0:0:0:0:0:0:0:1]]
09:39:02.808 [DEBUG] [org.gradle.launcher.daemon.server.DomainRegistryUpdater] Advertised daemon context: DefaultDaemonContext[uid=e9e691cf-5494-458b-8a9c-c99a6ecb97f5,javaHome=C:\Program Files\Java\jdk1.8.0_45,daemonRegistryDir=H:\red arrow\app\RedArrow\gradle\daemon,pid=2264,idleTimeout=10800000,daemonOpts=-XX:MaxPermSize=256m,-XX:+HeapDumpOnOutOfMemoryError,-Xmx1024m,-Dfile.encoding=windows-1252,-Duser.country=IN,-Duser.language=en,-Duser.variant]
09:39:02.808 [DEBUG] [org.gradle.launcher.daemon.registry.PersistentDaemonRegistry] Storing daemon address: [96536fa6-69a4-42d4-8101-f84e5f4dec28 port:49256, addresses:[/127.0.0.1, /0:0:0:0:0:0:0:1]], context: DefaultDaemonContext[uid=e9e691cf-5494-458b-8a9c-c99a6ecb97f5,javaHome=C:\Program Files\Java\jdk1.8.0_45,daemonRegistryDir=H:\red arrow\app\RedArrow\gradle\daemon,pid=2264,idleTimeout=10800000,daemonOpts=-XX:MaxPermSize=256m,-XX:+HeapDumpOnOutOfMemoryError,-Xmx1024m,-Dfile.encoding=windows-1252,-Duser.country=IN,-Duser.language=en,-Duser.variant]
09:39:02.903 [DEBUG] [org.gradle.cache.internal.DefaultFileLockManager] Waiting to acquire exclusive lock on daemon addresses registry.
09:39:02.905 [DEBUG] [org.gradle.cache.internal.DefaultFileLockManager] Lock acquired.
09:39:03.063 [DEBUG] [org.gradle.cache.internal.DefaultFileLockManager] Releasing lock on daemon addresses registry.
09:39:03.076 [LIFECYCLE] [org.gradle.launcher.daemon.server.Daemon] Daemon server started.
09:39:03.083 [DEBUG] [org.gradle.launcher.daemon.bootstrap.DaemonStartupCommunication] Completed writing the daemon greeting. Closing streams...
09:39:03.083 [DEBUG] [org.gradle.launcher.daemon.server.Daemon] requestStopOnIdleTimeout(10800000 MILLISECONDS) called on daemon
09:39:03.084 [DEBUG] [org.gradle.launcher.daemon.server.DaemonStateCoordinator] Idle timeout: waiting for daemon to stop or be idle for 10800000ms
09:39:03.084 [DEBUG] [org.gradle.launcher.daemon.server.DaemonStateCoordinator] Daemon is idle, sleeping until state change or idle timeout at Tue Jan 31 12:39:02 IST 2017
09:39:03.212 [DEBUG] [org.gradle.messaging.remote.internal.inet.TcpIncomingConnector] Accepted connection from /127.0.0.1:49257 to /127.0.0.1:49256.
09:39:03.379 [DEBUG] [org.gradle.launcher.daemon.server.SynchronizedDispatchConnection] thread 15: received class org.gradle.launcher.daemon.protocol.Build
09:39:03.380 [DEBUG] [org.gradle.launcher.daemon.server.DefaultDaemonConnection] Received non-IO message from client: Build{id=a1142573-fbee-49c0-bbaa-3ab55eb763fc.1, currentDir=H:\red arrow\app\RedArrow}
09:39:03.380 [INFO] [org.gradle.launcher.daemon.server.DefaultIncomingConnectionHandler] Received command: Build{id=a1142573-fbee-49c0-bbaa-3ab55eb763fc.1, currentDir=H:\red arrow\app\RedArrow}.
09:39:03.381 [DEBUG] [org.gradle.launcher.daemon.server.DefaultIncomingConnectionHandler] Starting executing command: Build{id=a1142573-fbee-49c0-bbaa-3ab55eb763fc.1, currentDir=H:\red arrow\app\RedArrow} with connection: socket connection from /127.0.0.1:49256 to /127.0.0.1:49257.
09:39:03.430 [DEBUG] [org.gradle.launcher.daemon.server.DaemonStateCoordinator] Command execution: started DaemonCommandExecution[command = Build{id=a1142573-fbee-49c0-bbaa-3ab55eb763fc.1, currentDir=H:\red arrow\app\RedArrow}, connection = org.gradle.launcher.daemon.server.DefaultDaemonConnection@47db71b8] after 0.0 minutes of idle
09:39:03.430 [INFO] [org.gradle.launcher.daemon.server.DomainRegistryUpdater] Marking the daemon as busy, address: [96536fa6-69a4-42d4-8101-f84e5f4dec28 port:49256, addresses:[/127.0.0.1, /0:0:0:0:0:0:0:1]]
09:39:03.430 [DEBUG] [org.gradle.launcher.daemon.registry.PersistentDaemonRegistry] Marking busy by address: [96536fa6-69a4-42d4-8101-f84e5f4dec28 port:49256, addresses:[/127.0.0.1, /0:0:0:0:0:0:0:1]]
09:39:03.437 [DEBUG] [org.gradle.cache.internal.DefaultFileLockManager] Waiting to acquire exclusive lock on daemon addresses registry.
09:39:03.445 [DEBUG] [org.gradle.cache.internal.DefaultFileLockManager] Lock acquired.
09:39:03.490 [DEBUG] [org.gradle.cache.internal.DefaultFileLockManager] Releasing lock on daemon addresses registry.
09:39:03.516 [DEBUG] [org.gradle.launcher.daemon.server.DaemonStateCoordinator] updating lastActivityAt to 1485835743516
09:39:03.516 [DEBUG] [org.gradle.launcher.daemon.server.DaemonStateCoordinator] Daemon is busy, sleeping until state changes.
09:39:03.518 [INFO] [org.gradle.launcher.daemon.server.exec.StartBuildOrRespondWithBusy] Daemon is about to start building Build{id=a1142573-fbee-49c0-bbaa-3ab55eb763fc.1, currentDir=H:\red arrow\app\RedArrow}. Dispatching build started information...
09:39:03.519 [DEBUG] [org.gradle.launcher.daemon.server.SynchronizedDispatchConnection] thread 17: dispatching class org.gradle.launcher.daemon.protocol.BuildStarted
09:39:03.534 [DEBUG] [org.gradle.launcher.daemon.server.exec.EstablishBuildEnvironment] Configuring env variables: {USERDOMAIN_ROAMINGPROFILE=my-pc, LOCALAPPDATA=C:\Users\jit\AppData\Local, PROCESSOR_LEVEL=6, FP_NO_HOST_CHECK=NO, USERDOMAIN=my-pc, LOGONSERVER=\\MY-PC, SESSIONNAME=Console, ALLUSERSPROFILE=C:\ProgramData, PROCESSOR_ARCHITECTURE=AMD64, PSModulePath=C:\Windows\system32\WindowsPowerShell\v1.0\Modules\, SystemDrive=C:, APPDATA=C:\Users\jit\AppData\Roaming, USERNAME=jit, ProgramFiles(x86)=C:\Program Files (x86), CommonProgramFiles=C:\Program Files\Common Files, Path=C:\ProgramData\Oracle\Java\javapath;C:\Program Files (x86)\NVIDIA Corporation\PhysX\Common;C:\Windows\system32;C:\Windows;C:\Windows\System32\Wbem;C:\Windows\System32\WindowsPowerShell\v1.0\;C:\Program Files (x86)\Windows Live\Shared;C:\Program Files\nodejs\;C:\Users\jit\Anaconda2;C:\Users\jit\Anaconda2\Scripts;C:\Users\jit\Anaconda2\Library\bin;C:\Users\jit\AppData\Roaming\npm;C:\Program Files\Java\jdk1.8.0_45\bin;C:\Program Files\Java\jre1.8.0_121\bin;, PATHEXT=.COM;.EXE;.BAT;.CMD;.VBS;.VBE;.JS;.JSE;.WSF;.WSH;.MSC, OS=Windows_NT, COMPUTERNAME=MY-PC, PROCESSOR_REVISION=3a09, CommonProgramW6432=C:\Program Files\Common Files, ComSpec=C:\Windows\system32\cmd.exe, ProgramData=C:\ProgramData, ProgramW6432=C:\Program Files, HOMEPATH=\Users\jit, SystemRoot=C:\Windows, TEMP=C:\Users\jit\AppData\Local\Temp, HOMEDRIVE=C:, PROCESSOR_IDENTIFIER=Intel64 Family 6 Model 58 Stepping 9, GenuineIntel, USERPROFILE=C:\Users\jit, TMP=C:\Users\jit\AppData\Local\Temp, CommonProgramFiles(x86)=C:\Program Files (x86)\Common Files, ProgramFiles=C:\Program Files, PUBLIC=C:\Users\Public, NUMBER_OF_PROCESSORS=4, windir=C:\Windows, =::=::\}
09:39:03.557 [DEBUG] [org.gradle.launcher.daemon.server.SynchronizedDispatchConnection] thread 15: received class org.gradle.launcher.daemon.protocol.CloseInput
09:39:03.557 [DEBUG] [org.gradle.launcher.daemon.server.DefaultDaemonConnection] Received IO message from client: org.gradle.launcher.daemon.protocol.CloseInput@157aa965
09:39:03.608 [DEBUG] [org.gradle.launcher.daemon.server.exec.LogToClient] About to start relaying all logs to the client via the connection.
09:39:03.609 [INFO] [org.gradle.launcher.daemon.server.exec.LogToClient] The client will now receive all logging from the daemon (pid: 2264). The daemon log file: H:\red arrow\app\RedArrow\gradle\daemon\2.10\daemon-2264.out.log
09:39:03.659 [INFO] [org.gradle.launcher.daemon.server.health.DaemonHealthTracker] Starting build in new daemon [memory: 954.7 MB]
09:39:03.660 [INFO] [org.gradle.launcher.daemon.server.exec.ForwardClientInput] Closing daemon's stdin at end of input.
09:39:03.660 [INFO] [org.gradle.launcher.daemon.server.exec.ForwardClientInput] The daemon will no longer process any standard input.
09:39:03.663 [DEBUG] [org.gradle.launcher.daemon.server.exec.ExecuteBuild] The daemon has started executing the build.
09:39:03.663 [INFO] [org.gradle.launcher.daemon.server.exec.ExecuteBuild] Executing build with daemon context: DefaultDaemonContext[uid=e9e691cf-5494-458b-8a9c-c99a6ecb97f5,javaHome=C:\Program Files\Java\jdk1.8.0_45,daemonRegistryDir=H:\red arrow\app\RedArrow\gradle\daemon,pid=2264,idleTimeout=10800000,daemonOpts=-XX:MaxPermSize=256m,-XX:+HeapDumpOnOutOfMemoryError,-Xmx1024m,-Dfile.encoding=windows-1252,-Duser.country=IN,-Duser.language=en,-Duser.variant]
09:39:07.386 [DEBUG] [org.gradle.internal.nativeintegration.services.NativeServices] Native-platform posix files is not available.  Continuing with fallback.
09:39:09.039 [INFO] [org.gradle.tooling.internal.provider.DefaultPayloadClassLoaderRegistry] Creating ClassLoader b84351dc-6615-4b1e-a88f-593040ebc9b7 from [Spec classpath:[file:/C:/Program%20Files/Android/Android%20Studio/plugins/gradle/lib/gradle-tooling-api-2.2.jar, file:/C:/Program%20Files/Android/Android%20Studio/plugins/gradle/lib/guava-jdk5-17.0.jar, file:/C:/Program%20Files/Android/Android%20Studio/plugins/gradle/lib/gradle-base-services-2.2.jar, file:/C:/Program%20Files/Android/Android%20Studio/plugins/gradle/lib/gradle-tooling-extension-api.jar, file:/C:/Program%20Files/Android/Android%20Studio/lib/openapi.jar, file:/C:/Program%20Files/Android/Android%20Studio/plugins/android/lib/builder-model-1.5.0-beta2.jar, file:/C:/Program%20Files/Android/Android%20Studio/plugins/google-cloud-tools-core/lib/gradle-appengine-builder-model-0.1.0.jar]] and [org.gradle.internal.classloader.FilteringClassLoader@6a2c244c].
09:39:09.078 [DEBUG] [org.gradle.cache.internal.DefaultFileLockManager] Waiting to acquire exclusive lock on jars (H:\red arrow\app\RedArrow\gradle\caches\jars-1).
09:39:09.116 [DEBUG] [org.gradle.cache.internal.DefaultFileLockManager] Lock acquired.
09:39:09.129 [DEBUG] [org.gradle.cache.internal.locklistener.DefaultFileLockContentionHandler] Starting file lock listener thread.
Incremental java compilation is an incubating feature.

BUILD SUCCESSFUL

Total time: 53.697 secs
09:39:51.498 [DEBUG] [org.gradle.cache.internal.DefaultFileLockManager] Releasing lock on cp_init class cache for initialization script 'C:\Users\jit\AppData\Local\Temp\asLocalRepo517.gradle' (H:\red arrow\app\RedArrow\gradle\caches\2.10\scripts\asLocalRepo517_7rt9l0133s5mogpr3huq91971\cp_init).
09:39:51.499 [DEBUG] [org.gradle.cache.internal.DefaultFileLockManager] Releasing lock on init class cache for initialization script 'C:\Users\jit\AppData\Local\Temp\asLocalRepo517.gradle' (H:\red arrow\app\RedArrow\gradle\caches\2.10\scripts\asLocalRepo517_7rt9l0133s5mogpr3huq91971\init).
09:39:51.499 [DEBUG] [org.gradle.cache.internal.DefaultFileLockManager] Releasing lock on cp_init class cache for initialization script 'C:\Users\jit\AppData\Local\Temp\ijinit104.gradle' (H:\red arrow\app\RedArrow\gradle\caches\2.10\scripts\ijinit104_ehrw6yhrn5e9fdcx0ngt1kwt8\cp_init).
09:39:51.499 [DEBUG] [org.gradle.cache.internal.DefaultFileLockManager] Releasing lock on init class cache for initialization script 'C:\Users\jit\AppData\Local\Temp\ijinit104.gradle' (H:\red arrow\app\RedArrow\gradle\caches\2.10\scripts\ijinit104_ehrw6yhrn5e9fdcx0ngt1kwt8\init).
09:39:51.499 [DEBUG] [org.gradle.cache.internal.DefaultFileLockManager] Releasing lock on cp_settings class cache for settings file 'H:\red arrow\app\RedArrow\settings.gradle' (H:\red arrow\app\RedArrow\gradle\caches\2.10\scripts\settings_davvb4xkg6bcji94khj3ixd9r\cp_settings).
09:39:51.500 [DEBUG] [org.gradle.cache.internal.DefaultFileLockManager] Releasing lock on settings class cache for settings file 'H:\red arrow\app\RedArrow\settings.gradle' (H:\red arrow\app\RedArrow\gradle\caches\2.10\scripts\settings_davvb4xkg6bcji94khj3ixd9r\settings).
09:39:51.501 [DEBUG] [org.gradle.cache.internal.DefaultFileLockManager] Releasing lock on cp_proj class cache for build file 'H:\red arrow\app\RedArrow\build.gradle' (H:\red arrow\app\RedArrow\gradle\caches\2.10\scripts\build_cej92dhjga2omm7425a6ojgi5\cp_proj).
09:39:51.502 [DEBUG] [org.gradle.cache.internal.DefaultFileLockManager] Releasing lock on proj class cache for build file 'H:\red arrow\app\RedArrow\build.gradle' (H:\red arrow\app\RedArrow\gradle\caches\2.10\scripts\build_cej92dhjga2omm7425a6ojgi5\proj).
09:39:51.503 [DEBUG] [org.gradle.cache.internal.DefaultFileLockManager] Releasing lock on cp_proj class cache for build file 'H:\red arrow\app\RedArrow\app\build.gradle' (H:\red arrow\app\RedArrow\gradle\caches\2.10\scripts\build_bq4gay2mn1w7tgk9pt3fvsgo3\cp_proj).
09:39:51.503 [DEBUG] [org.gradle.cache.internal.DefaultFileLockManager] Releasing lock on proj class cache for build file 'H:\red arrow\app\RedArrow\app\build.gradle' (H:\red arrow\app\RedArrow\gradle\caches\2.10\scripts\build_bq4gay2mn1w7tgk9pt3fvsgo3\proj).
09:39:51.504 [DEBUG] [org.gradle.cache.internal.DefaultFileLockManager] Releasing lock on jars (H:\red arrow\app\RedArrow\gradle\caches\jars-1).
09:39:51.525 [DEBUG] [org.gradle.cache.internal.btree.BTreePersistentIndexedCache] Closing cache module-versions.bin (H:\red arrow\app\RedArrow\gradle\caches\modules-2\metadata-2.16\module-versions.bin)
09:39:51.525 [DEBUG] [org.gradle.cache.internal.btree.BTreePersistentIndexedCache] Closing cache artifact-at-repository.bin (H:\red arrow\app\RedArrow\gradle\caches\modules-2\metadata-2.16\artifact-at-repository.bin)
09:39:51.525 [DEBUG] [org.gradle.cache.internal.btree.BTreePersistentIndexedCache] Closing cache module-artifacts.bin (H:\red arrow\app\RedArrow\gradle\caches\modules-2\metadata-2.16\module-artifacts.bin)
09:39:51.526 [DEBUG] [org.gradle.cache.internal.btree.BTreePersistentIndexedCache] Closing cache module-metadata.bin (H:\red arrow\app\RedArrow\gradle\caches\modules-2\metadata-2.16\module-metadata.bin)
09:39:51.526 [DEBUG] [org.gradle.cache.internal.DefaultFileLockManager] Releasing lock on artifact cache (H:\red arrow\app\RedArrow\gradle\caches\modules-2).
09:39:51.549 [DEBUG] [org.gradle.api.internal.artifacts.ivyservice.resolveengine.store.CachedStoreFactory] Resolution result cache closed. Cache reads: 0, disk reads: 0 (avg: 0.0 secs, total: 0.0 secs)
09:39:51.550 [DEBUG] [org.gradle.api.internal.artifacts.ivyservice.resolveengine.store.CachedStoreFactory] Resolution result cache closed. Cache reads: 12, disk reads: 13 (avg: 0.003 secs, total: 0.051 secs)
09:39:51.551 [DEBUG] [org.gradle.api.internal.artifacts.ivyservice.resolveengine.store.ResolutionResultsStoreFactory] Deleted 2 resolution results binary files in 0.004 secs
09:39:51.551 [DEBUG] [org.gradle.api.internal.artifacts.ivyservice.ivyresolve.memcache.InMemoryCachedRepositoryFactory] In-memory dependency metadata cache closed. Repos cached: 51, cache instances: 4, modules served from cache: 1116, artifacts: 347
09:39:51.551 [DEBUG] [org.gradle.cache.internal.DefaultCacheAccess] Cache Plugin Resolution Cache (H:\red arrow\app\RedArrow\gradle\caches\2.10\plugin-resolution) was closed 0 times.
09:39:51.552 [DEBUG] [org.gradle.api.internal.tasks.compile.daemon.CompilerDaemonManager] Stopping 0 compiler daemon(s).
09:39:51.552 [INFO] [org.gradle.api.internal.tasks.compile.daemon.CompilerDaemonManager] Stopped 0 compiler daemon(s).
09:39:51.552 [DEBUG] [org.gradle.launcher.daemon.server.exec.ExecuteBuild] The daemon has finished executing the build.
09:39:52.006 [DEBUG] [org.apache.http.impl.conn.PoolingClientConnectionManager] Connection manager is shutting down
09:39:52.006 [DEBUG] [org.apache.http.impl.conn.PoolingClientConnectionManager] Connection manager shut down
09:39:52.009 [DEBUG] [org.apache.http.impl.conn.PoolingClientConnectionManager] Connection manager is shutting down
09:39:52.009 [DEBUG] [org.apache.http.impl.conn.PoolingClientConnectionManager] Connection manager shut down
09:39:52.009 [DEBUG] [org.apache.http.impl.conn.PoolingClientConnectionManager] Connection manager is shutting down
09:39:52.009 [DEBUG] [org.apache.http.impl.conn.PoolingClientConnectionManager] Connection manager shut down
09:39:52.010 [DEBUG] [org.apache.http.impl.conn.PoolingClientConnectionManager] Connection manager is shutting down
09:39:52.010 [DEBUG] [org.apache.http.impl.conn.PoolingClientConnectionManager] Connection manager shut down
09:39:52.010 [DEBUG] [org.apache.http.impl.conn.PoolingClientConnectionManager] Connection manager is shutting down
09:39:52.010 [DEBUG] [org.apache.http.impl.conn.PoolingClientConnectionManager] Connection manager shut down
09:39:52.011 [DEBUG] [org.gradle.launcher.daemon.server.DaemonStateCoordinator] Daemon is busy, sleeping until state changes.
09:39:52.012 [DEBUG] [org.gradle.launcher.daemon.server.DaemonStateCoordinator] Command execution: finished waiting for DaemonCommandExecution[command = Build{id=a1142573-fbee-49c0-bbaa-3ab55eb763fc.1, currentDir=H:\red arrow\app\RedArrow}, connection = org.gradle.launcher.daemon.server.DefaultDaemonConnection@47db71b8]. Result org.gradle.launcher.daemon.server.DaemonStateCoordinator@9af3b64 with state Running
09:39:52.012 [DEBUG] [org.gradle.launcher.daemon.server.DaemonStateCoordinator] Command execution: completed DaemonCommandExecution[command = Build{id=a1142573-fbee-49c0-bbaa-3ab55eb763fc.1, currentDir=H:\red arrow\app\RedArrow}, connection = org.gradle.launcher.daemon.server.DefaultDaemonConnection@47db71b8]
09:39:52.012 [DEBUG] [org.gradle.launcher.daemon.server.DaemonStateCoordinator] updating lastActivityAt to 1485835792012
09:39:52.014 [INFO] [org.gradle.launcher.daemon.server.DomainRegistryUpdater] Marking the daemon as idle, address: [96536fa6-69a4-42d4-8101-f84e5f4dec28 port:49256, addresses:[/127.0.0.1, /0:0:0:0:0:0:0:1]]
09:39:52.014 [DEBUG] [org.gradle.launcher.daemon.registry.PersistentDaemonRegistry] Marking idle by address: [96536fa6-69a4-42d4-8101-f84e5f4dec28 port:49256, addresses:[/127.0.0.1, /0:0:0:0:0:0:0:1]]
09:39:52.055 [DEBUG] [org.gradle.cache.internal.DefaultFileLockManager] Waiting to acquire exclusive lock on daemon addresses registry.
09:39:52.057 [DEBUG] [org.gradle.cache.internal.DefaultFileLockManager] Lock acquired.
09:39:52.081 [DEBUG] [org.gradle.cache.internal.DefaultFileLockManager] Releasing lock on daemon addresses registry.
09:39:52.144 [DEBUG] [org.gradle.launcher.daemon.server.exec.ReturnResult] Daemon is dispatching the build result: Success[value=org.gradle.tooling.internal.provider.BuildActionResult@7791d09d]
09:39:52.145 [DEBUG] [org.gradle.launcher.daemon.server.SynchronizedDispatchConnection] thread 14: dispatching class org.gradle.launcher.daemon.protocol.Success
09:39:52.216 [DEBUG] [org.gradle.launcher.daemon.server.DaemonStateCoordinator] Daemon is idle, sleeping until state change or idle timeout at Tue Jan 31 12:39:52 IST 2017
09:39:52.224 [DEBUG] [org.gradle.launcher.daemon.server.SynchronizedDispatchConnection] thread 15: received class org.gradle.launcher.daemon.protocol.Finished
09:39:52.224 [DEBUG] [org.gradle.launcher.daemon.server.DefaultDaemonConnection] Received non-IO message from client: org.gradle.launcher.daemon.protocol.Finished@438b2ea2
09:39:52.225 [DEBUG] [org.gradle.messaging.remote.internal.inet.SocketConnection] Discarding EOFException: java.io.EOFException
09:39:52.227 [DEBUG] [org.gradle.launcher.daemon.server.SynchronizedDispatchConnection] thread 15: received null
09:39:52.228 [DEBUG] [org.gradle.launcher.daemon.server.DefaultDaemonConnection] Received end-of-input from client.
09:39:52.229 [DEBUG] [org.gradle.launcher.daemon.server.DefaultIncomingConnectionHandler] Finishing executing command: Build{id=a1142573-fbee-49c0-bbaa-3ab55eb763fc.1, currentDir=H:\red arrow\app\RedArrow}
09:39:52.233 [DEBUG] [org.gradle.launcher.daemon.server.DefaultIncomingConnectionHandler] Received finished message: null
09:39:52.240 [DEBUG] [org.gradle.launcher.daemon.server.SynchronizedDispatchConnection] thread 14: stopping connection
09:39:52.268 [DEBUG] [org.gradle.launcher.daemon.server.SynchronizedDispatchConnection] thread 14: stopping connection
09:39:53.619 [DEBUG] [org.gradle.messaging.remote.internal.inet.TcpIncomingConnector] Accepted connection from /127.0.0.1:49291 to /127.0.0.1:49256.
09:39:53.641 [DEBUG] [org.gradle.launcher.daemon.server.SynchronizedDispatchConnection] thread 20: received class org.gradle.launcher.daemon.protocol.StopWhenIdle
09:39:53.641 [DEBUG] [org.gradle.launcher.daemon.server.DefaultDaemonConnection] Received non-IO message from client: StopWhenIdle[id=d9971244-9f2e-4f4e-ab63-68505317ef8c.1]
09:39:53.641 [INFO] [org.gradle.launcher.daemon.server.DefaultIncomingConnectionHandler] Received command: StopWhenIdle[id=d9971244-9f2e-4f4e-ab63-68505317ef8c.1].
09:39:53.641 [DEBUG] [org.gradle.launcher.daemon.server.DefaultIncomingConnectionHandler] Starting executing command: StopWhenIdle[id=d9971244-9f2e-4f4e-ab63-68505317ef8c.1] with connection: socket connection from /127.0.0.1:49256 to /127.0.0.1:49291.
09:39:53.641 [DEBUG] [org.gradle.launcher.daemon.server.DaemonStateCoordinator] Stop as soon as idle requested. The daemon is busy: false
09:39:53.641 [DEBUG] [org.gradle.launcher.daemon.server.DaemonStateCoordinator] Marking daemon stopped due to stop requested and daemon idle. The daemon is running a build: false
09:39:53.641 [DEBUG] [org.gradle.launcher.daemon.server.SynchronizedDispatchConnection] thread 14: dispatching class org.gradle.launcher.daemon.protocol.Success
09:39:53.656 [DEBUG] [org.gradle.launcher.daemon.server.SynchronizedDispatchConnection] thread 20: received class org.gradle.launcher.daemon.protocol.Finished
09:39:53.656 [DEBUG] [org.gradle.launcher.daemon.server.DefaultDaemonConnection] Received non-IO message from client: org.gradle.launcher.daemon.protocol.Finished@18015c00
09:39:53.656 [DEBUG] [org.gradle.messaging.remote.internal.inet.SocketConnection] Discarding EOFException: java.io.EOFException
09:39:53.656 [DEBUG] [org.gradle.launcher.daemon.server.SynchronizedDispatchConnection] thread 20: received null
09:39:53.656 [DEBUG] [org.gradle.launcher.daemon.server.DefaultDaemonConnection] Received end-of-input from client.
09:39:53.688 [DEBUG] [org.gradle.launcher.daemon.server.DefaultIncomingConnectionHandler] Finishing executing command: StopWhenIdle[id=d9971244-9f2e-4f4e-ab63-68505317ef8c.1]
09:39:53.688 [DEBUG] [org.gradle.launcher.daemon.server.DefaultIncomingConnectionHandler] Received finished message: null
09:39:53.688 [DEBUG] [org.gradle.launcher.daemon.server.SynchronizedDispatchConnection] thread 14: stopping connection
09:39:53.696 [DEBUG] [org.gradle.launcher.daemon.server.DaemonStateCoordinator] Idle timeout: daemon has stopped.
09:39:53.696 [DEBUG] [org.gradle.launcher.daemon.server.Daemon] stop() called on daemon
09:39:53.696 [INFO] [org.gradle.launcher.daemon.server.Daemon] Stop requested. Daemon is removing its presence from the registry...
09:39:53.696 [DEBUG] [org.gradle.launcher.daemon.server.DomainRegistryUpdater] Removing our presence to clients, eg. removing this address from the registry: [96536fa6-69a4-42d4-8101-f84e5f4dec28 port:49256, addresses:[/127.0.0.1, /0:0:0:0:0:0:0:1]]
09:39:53.696 [DEBUG] [org.gradle.launcher.daemon.registry.PersistentDaemonRegistry] Removing daemon address: [96536fa6-69a4-42d4-8101-f84e5f4dec28 port:49256, addresses:[/127.0.0.1, /0:0:0:0:0:0:0:1]]
09:39:53.697 [DEBUG] [org.gradle.cache.internal.DefaultFileLockManager] Waiting to acquire exclusive lock on daemon addresses registry.
09:39:53.698 [DEBUG] [org.gradle.cache.internal.DefaultFileLockManager] Lock acquired.
09:39:53.708 [DEBUG] [org.gradle.launcher.daemon.server.SynchronizedDispatchConnection] thread 14: stopping connection
09:39:53.715 [DEBUG] [org.gradle.cache.internal.DefaultFileLockManager] Releasing lock on daemon addresses registry.
09:39:53.734 [DEBUG] [org.gradle.launcher.daemon.server.DomainRegistryUpdater] Address removed from registry.
Daemon vm is shutting down... The daemon has exited normally or was terminated in response to a user interrupt.
09:39:53.838 [DEBUG] [org.gradle.launcher.daemon.registry.PersistentDaemonRegistry] Removing daemon address: [96536fa6-69a4-42d4-8101-f84e5f4dec28 port:49256, addresses:[/127.0.0.1, /0:0:0:0:0:0:0:1]]
09:39:53.838 [DEBUG] [org.gradle.cache.internal.DefaultFileLockManager] Waiting to acquire exclusive lock on daemon addresses registry.
09:39:53.838 [DEBUG] [org.gradle.cache.internal.DefaultFileLockManager] Lock acquired.
09:39:53.886 [DEBUG] [org.gradle.cache.internal.DefaultFileLockManager] Releasing lock on daemon addresses registry.
