15:06:27.592 [INFO] [org.gradle.launcher.daemon.server.Daemon] start() called on daemon - DefaultDaemonContext[uid=d3b64a50-1abf-4547-8e97-74218278a898,javaHome=C:\Program Files\Java\jdk1.8.0_45,daemonRegistryDir=H:\red arrow\app\RedArrow\gradle\daemon,pid=6120,idleTimeout=10800000,daemonOpts=-XX:MaxPermSize=256m,-XX:+HeapDumpOnOutOfMemoryError,-Xmx1024m,-Dfile.encoding=windows-1252,-Duser.country=IN,-Duser.language=en,-Duser.variant]
15:06:27.596 [DEBUG] [org.gradle.launcher.daemon.server.DaemonStateCoordinator] updating lastActivityAt to 1485164187596
15:06:27.680 [DEBUG] [org.gradle.messaging.remote.internal.inet.InetAddressFactory] Adding IP addresses for network interface Software Loopback Interface 1
15:06:27.681 [DEBUG] [org.gradle.messaging.remote.internal.inet.InetAddressFactory] Is this a loopback interface? true
15:06:27.682 [DEBUG] [org.gradle.messaging.remote.internal.inet.InetAddressFactory] Is this a multicast interface? true
15:06:27.682 [DEBUG] [org.gradle.messaging.remote.internal.inet.InetAddressFactory] Adding loopback address /127.0.0.1
15:06:27.683 [DEBUG] [org.gradle.messaging.remote.internal.inet.InetAddressFactory] Adding loopback address /0:0:0:0:0:0:0:1
15:06:27.683 [DEBUG] [org.gradle.messaging.remote.internal.inet.InetAddressFactory] Adding loopback multicast interface Software Loopback Interface 1
15:06:27.684 [DEBUG] [org.gradle.messaging.remote.internal.inet.InetAddressFactory] Adding IP addresses for network interface Microsoft Kernel Debug Network Adapter
15:06:27.685 [DEBUG] [org.gradle.messaging.remote.internal.inet.InetAddressFactory] Is this a loopback interface? false
15:06:27.686 [DEBUG] [org.gradle.messaging.remote.internal.inet.InetAddressFactory] Is this a multicast interface? true
15:06:27.686 [DEBUG] [org.gradle.messaging.remote.internal.inet.InetAddressFactory] Adding loopback multicast interface Microsoft Kernel Debug Network Adapter
15:06:27.686 [DEBUG] [org.gradle.messaging.remote.internal.inet.InetAddressFactory] Adding IP addresses for network interface Realtek PCIe GBE Family Controller
15:06:27.687 [DEBUG] [org.gradle.messaging.remote.internal.inet.InetAddressFactory] Is this a loopback interface? false
15:06:27.688 [DEBUG] [org.gradle.messaging.remote.internal.inet.InetAddressFactory] Is this a multicast interface? true
15:06:27.688 [DEBUG] [org.gradle.messaging.remote.internal.inet.InetAddressFactory] Adding loopback multicast interface Realtek PCIe GBE Family Controller
15:06:27.689 [DEBUG] [org.gradle.messaging.remote.internal.inet.InetAddressFactory] Adding IP addresses for network interface D-Link DWA-131 Wireless N Nano USB Adapter(rev.E)
15:06:27.690 [DEBUG] [org.gradle.messaging.remote.internal.inet.InetAddressFactory] Is this a loopback interface? false
15:06:27.691 [DEBUG] [org.gradle.messaging.remote.internal.inet.InetAddressFactory] Is this a multicast interface? true
15:06:27.691 [DEBUG] [org.gradle.messaging.remote.internal.inet.InetAddressFactory] Adding remote address /192.168.10.107
15:06:27.691 [DEBUG] [org.gradle.messaging.remote.internal.inet.InetAddressFactory] Adding remote address /fe80:0:0:0:b8bc:3b54:2d14:c6c0%wlan0
15:06:27.691 [DEBUG] [org.gradle.messaging.remote.internal.inet.InetAddressFactory] Adding remote multicast interface D-Link DWA-131 Wireless N Nano USB Adapter(rev.E)
15:06:27.692 [DEBUG] [org.gradle.messaging.remote.internal.inet.InetAddressFactory] Adding IP addresses for network interface Microsoft Wi-Fi Direct Virtual Adapter
15:06:27.693 [DEBUG] [org.gradle.messaging.remote.internal.inet.InetAddressFactory] Is this a loopback interface? false
15:06:27.694 [DEBUG] [org.gradle.messaging.remote.internal.inet.InetAddressFactory] Is this a multicast interface? true
15:06:27.694 [DEBUG] [org.gradle.messaging.remote.internal.inet.InetAddressFactory] Adding remote address /fe80:0:0:0:91f6:db80:db75:fc1%wlan1
15:06:27.695 [DEBUG] [org.gradle.messaging.remote.internal.inet.InetAddressFactory] Adding remote multicast interface Microsoft Wi-Fi Direct Virtual Adapter
15:06:27.695 [DEBUG] [org.gradle.messaging.remote.internal.inet.InetAddressFactory] Adding IP addresses for network interface WAN Miniport (SSTP)
15:06:27.696 [DEBUG] [org.gradle.messaging.remote.internal.inet.InetAddressFactory] Is this a loopback interface? false
15:06:27.697 [DEBUG] [org.gradle.messaging.remote.internal.inet.InetAddressFactory] Is this a multicast interface? true
15:06:27.697 [DEBUG] [org.gradle.messaging.remote.internal.inet.InetAddressFactory] Adding loopback multicast interface WAN Miniport (SSTP)
15:06:27.697 [DEBUG] [org.gradle.messaging.remote.internal.inet.InetAddressFactory] Adding IP addresses for network interface WAN Miniport (PPPOE)
15:06:27.698 [DEBUG] [org.gradle.messaging.remote.internal.inet.InetAddressFactory] Is this a loopback interface? false
15:06:27.699 [DEBUG] [org.gradle.messaging.remote.internal.inet.InetAddressFactory] Is this a multicast interface? true
15:06:27.699 [DEBUG] [org.gradle.messaging.remote.internal.inet.InetAddressFactory] Adding loopback multicast interface WAN Miniport (PPPOE)
15:06:27.699 [DEBUG] [org.gradle.messaging.remote.internal.inet.InetAddressFactory] Adding IP addresses for network interface WAN Miniport (PPTP)
15:06:27.700 [DEBUG] [org.gradle.messaging.remote.internal.inet.InetAddressFactory] Is this a loopback interface? false
15:06:27.701 [DEBUG] [org.gradle.messaging.remote.internal.inet.InetAddressFactory] Is this a multicast interface? true
15:06:27.702 [DEBUG] [org.gradle.messaging.remote.internal.inet.InetAddressFactory] Adding loopback multicast interface WAN Miniport (PPTP)
15:06:27.703 [DEBUG] [org.gradle.messaging.remote.internal.inet.InetAddressFactory] Adding IP addresses for network interface WAN Miniport (L2TP)
15:06:27.704 [DEBUG] [org.gradle.messaging.remote.internal.inet.InetAddressFactory] Is this a loopback interface? false
15:06:27.705 [DEBUG] [org.gradle.messaging.remote.internal.inet.InetAddressFactory] Is this a multicast interface? true
15:06:27.705 [DEBUG] [org.gradle.messaging.remote.internal.inet.InetAddressFactory] Adding loopback multicast interface WAN Miniport (L2TP)
15:06:27.705 [DEBUG] [org.gradle.messaging.remote.internal.inet.InetAddressFactory] Adding IP addresses for network interface WAN Miniport (IKEv2)
15:06:27.706 [DEBUG] [org.gradle.messaging.remote.internal.inet.InetAddressFactory] Is this a loopback interface? false
15:06:27.707 [DEBUG] [org.gradle.messaging.remote.internal.inet.InetAddressFactory] Is this a multicast interface? true
15:06:27.707 [DEBUG] [org.gradle.messaging.remote.internal.inet.InetAddressFactory] Adding loopback multicast interface WAN Miniport (IKEv2)
15:06:27.707 [DEBUG] [org.gradle.messaging.remote.internal.inet.InetAddressFactory] Adding IP addresses for network interface WAN Miniport (IP)
15:06:27.708 [DEBUG] [org.gradle.messaging.remote.internal.inet.InetAddressFactory] Is this a loopback interface? false
15:06:27.709 [DEBUG] [org.gradle.messaging.remote.internal.inet.InetAddressFactory] Is this a multicast interface? true
15:06:27.710 [DEBUG] [org.gradle.messaging.remote.internal.inet.InetAddressFactory] Adding loopback multicast interface WAN Miniport (IP)
15:06:27.710 [DEBUG] [org.gradle.messaging.remote.internal.inet.InetAddressFactory] Adding IP addresses for network interface WAN Miniport (IPv6)
15:06:27.711 [DEBUG] [org.gradle.messaging.remote.internal.inet.InetAddressFactory] Is this a loopback interface? false
15:06:27.712 [DEBUG] [org.gradle.messaging.remote.internal.inet.InetAddressFactory] Is this a multicast interface? true
15:06:27.712 [DEBUG] [org.gradle.messaging.remote.internal.inet.InetAddressFactory] Adding loopback multicast interface WAN Miniport (IPv6)
15:06:27.712 [DEBUG] [org.gradle.messaging.remote.internal.inet.InetAddressFactory] Adding IP addresses for network interface WAN Miniport (Network Monitor)
15:06:27.713 [DEBUG] [org.gradle.messaging.remote.internal.inet.InetAddressFactory] Is this a loopback interface? false
15:06:27.714 [DEBUG] [org.gradle.messaging.remote.internal.inet.InetAddressFactory] Is this a multicast interface? true
15:06:27.715 [DEBUG] [org.gradle.messaging.remote.internal.inet.InetAddressFactory] Adding loopback multicast interface WAN Miniport (Network Monitor)
15:06:27.715 [DEBUG] [org.gradle.messaging.remote.internal.inet.InetAddressFactory] Adding IP addresses for network interface RAS Async Adapter
15:06:27.716 [DEBUG] [org.gradle.messaging.remote.internal.inet.InetAddressFactory] Is this a loopback interface? false
15:06:27.717 [DEBUG] [org.gradle.messaging.remote.internal.inet.InetAddressFactory] Is this a multicast interface? true
15:06:27.717 [DEBUG] [org.gradle.messaging.remote.internal.inet.InetAddressFactory] Adding loopback multicast interface RAS Async Adapter
15:06:27.717 [DEBUG] [org.gradle.messaging.remote.internal.inet.InetAddressFactory] Adding IP addresses for network interface Microsoft Hosted Network Virtual Adapter
15:06:27.718 [DEBUG] [org.gradle.messaging.remote.internal.inet.InetAddressFactory] Is this a loopback interface? false
15:06:27.719 [DEBUG] [org.gradle.messaging.remote.internal.inet.InetAddressFactory] Is this a multicast interface? true
15:06:27.719 [DEBUG] [org.gradle.messaging.remote.internal.inet.InetAddressFactory] Adding remote address /fe80:0:0:0:e02b:dc5a:3fb4:bf0f%wlan2
15:06:27.719 [DEBUG] [org.gradle.messaging.remote.internal.inet.InetAddressFactory] Adding remote multicast interface Microsoft Hosted Network Virtual Adapter
15:06:27.719 [DEBUG] [org.gradle.messaging.remote.internal.inet.InetAddressFactory] Adding IP addresses for network interface D-Link DWA-131 Wireless N Nano USB Adapter(rev.E) #2
15:06:27.721 [DEBUG] [org.gradle.messaging.remote.internal.inet.InetAddressFactory] Is this a loopback interface? false
15:06:27.723 [DEBUG] [org.gradle.messaging.remote.internal.inet.InetAddressFactory] Is this a multicast interface? true
15:06:27.723 [DEBUG] [org.gradle.messaging.remote.internal.inet.InetAddressFactory] Adding loopback multicast interface D-Link DWA-131 Wireless N Nano USB Adapter(rev.E) #2
15:06:27.724 [DEBUG] [org.gradle.messaging.remote.internal.inet.InetAddressFactory] Adding IP addresses for network interface Microsoft Hosted Network Virtual Adapter #2
15:06:27.724 [DEBUG] [org.gradle.messaging.remote.internal.inet.InetAddressFactory] Is this a loopback interface? false
15:06:27.725 [DEBUG] [org.gradle.messaging.remote.internal.inet.InetAddressFactory] Is this a multicast interface? true
15:06:27.725 [DEBUG] [org.gradle.messaging.remote.internal.inet.InetAddressFactory] Adding loopback multicast interface Microsoft Hosted Network Virtual Adapter #2
15:06:27.726 [DEBUG] [org.gradle.messaging.remote.internal.inet.InetAddressFactory] Adding IP addresses for network interface Microsoft Wi-Fi Direct Virtual Adapter #2
15:06:27.726 [DEBUG] [org.gradle.messaging.remote.internal.inet.InetAddressFactory] Is this a loopback interface? false
15:06:27.727 [DEBUG] [org.gradle.messaging.remote.internal.inet.InetAddressFactory] Is this a multicast interface? true
15:06:27.727 [DEBUG] [org.gradle.messaging.remote.internal.inet.InetAddressFactory] Adding loopback multicast interface Microsoft Wi-Fi Direct Virtual Adapter #2
15:06:27.728 [DEBUG] [org.gradle.messaging.remote.internal.inet.InetAddressFactory] Adding IP addresses for network interface Microsoft ISATAP Adapter
15:06:27.729 [DEBUG] [org.gradle.messaging.remote.internal.inet.InetAddressFactory] Is this a loopback interface? false
15:06:27.730 [DEBUG] [org.gradle.messaging.remote.internal.inet.InetAddressFactory] Is this a multicast interface? false
15:06:27.730 [DEBUG] [org.gradle.messaging.remote.internal.inet.InetAddressFactory] Adding remote address /fe80:0:0:0:0:5efe:c0a8:a6b%net4
15:06:27.730 [DEBUG] [org.gradle.messaging.remote.internal.inet.InetAddressFactory] Adding IP addresses for network interface Teredo Tunneling Pseudo-Interface
15:06:27.731 [DEBUG] [org.gradle.messaging.remote.internal.inet.InetAddressFactory] Is this a loopback interface? false
15:06:27.732 [DEBUG] [org.gradle.messaging.remote.internal.inet.InetAddressFactory] Is this a multicast interface? false
15:06:27.733 [DEBUG] [org.gradle.messaging.remote.internal.inet.InetAddressFactory] Adding remote address /2001:0:682f:9980:1ca2:3f1:d404:566c
15:06:27.733 [DEBUG] [org.gradle.messaging.remote.internal.inet.InetAddressFactory] Adding remote address /fe80:0:0:0:1ca2:3f1:d404:566c%net5
15:06:27.733 [DEBUG] [org.gradle.messaging.remote.internal.inet.InetAddressFactory] Adding IP addresses for network interface D-Link DWA-131 Wireless N Nano USB Adapter(rev.E) #3
15:06:27.734 [DEBUG] [org.gradle.messaging.remote.internal.inet.InetAddressFactory] Is this a loopback interface? false
15:06:27.736 [DEBUG] [org.gradle.messaging.remote.internal.inet.InetAddressFactory] Is this a multicast interface? true
15:06:27.736 [DEBUG] [org.gradle.messaging.remote.internal.inet.InetAddressFactory] Adding loopback multicast interface D-Link DWA-131 Wireless N Nano USB Adapter(rev.E) #3
15:06:27.736 [DEBUG] [org.gradle.messaging.remote.internal.inet.InetAddressFactory] Adding IP addresses for network interface Microsoft Wi-Fi Direct Virtual Adapter #4
15:06:27.737 [DEBUG] [org.gradle.messaging.remote.internal.inet.InetAddressFactory] Is this a loopback interface? false
15:06:27.739 [DEBUG] [org.gradle.messaging.remote.internal.inet.InetAddressFactory] Is this a multicast interface? true
15:06:27.739 [DEBUG] [org.gradle.messaging.remote.internal.inet.InetAddressFactory] Adding loopback multicast interface Microsoft Wi-Fi Direct Virtual Adapter #4
15:06:27.740 [DEBUG] [org.gradle.messaging.remote.internal.inet.InetAddressFactory] Adding IP addresses for network interface Microsoft Hosted Network Virtual Adapter #4
15:06:27.741 [DEBUG] [org.gradle.messaging.remote.internal.inet.InetAddressFactory] Is this a loopback interface? false
15:06:27.742 [DEBUG] [org.gradle.messaging.remote.internal.inet.InetAddressFactory] Is this a multicast interface? true
15:06:27.742 [DEBUG] [org.gradle.messaging.remote.internal.inet.InetAddressFactory] Adding loopback multicast interface Microsoft Hosted Network Virtual Adapter #4
15:06:27.742 [DEBUG] [org.gradle.messaging.remote.internal.inet.InetAddressFactory] Adding IP addresses for network interface D-Link DWA-131 Wireless N Nano USB Adapter(rev.E)-WFP Native MAC Layer LightWeight Filter-0000
15:06:27.743 [DEBUG] [org.gradle.messaging.remote.internal.inet.InetAddressFactory] Is this a loopback interface? false
15:06:27.744 [DEBUG] [org.gradle.messaging.remote.internal.inet.InetAddressFactory] Is this a multicast interface? true
15:06:27.745 [DEBUG] [org.gradle.messaging.remote.internal.inet.InetAddressFactory] Adding loopback multicast interface D-Link DWA-131 Wireless N Nano USB Adapter(rev.E)-WFP Native MAC Layer LightWeight Filter-0000
15:06:27.745 [DEBUG] [org.gradle.messaging.remote.internal.inet.InetAddressFactory] Adding IP addresses for network interface D-Link DWA-131 Wireless N Nano USB Adapter(rev.E)-Virtual WiFi Filter Driver-0000
15:06:27.746 [DEBUG] [org.gradle.messaging.remote.internal.inet.InetAddressFactory] Is this a loopback interface? false
15:06:27.747 [DEBUG] [org.gradle.messaging.remote.internal.inet.InetAddressFactory] Is this a multicast interface? true
15:06:27.747 [DEBUG] [org.gradle.messaging.remote.internal.inet.InetAddressFactory] Adding loopback multicast interface D-Link DWA-131 Wireless N Nano USB Adapter(rev.E)-Virtual WiFi Filter Driver-0000
15:06:27.747 [DEBUG] [org.gradle.messaging.remote.internal.inet.InetAddressFactory] Adding IP addresses for network interface D-Link DWA-131 Wireless N Nano USB Adapter(rev.E)-Native WiFi Filter Driver-0000
15:06:27.748 [DEBUG] [org.gradle.messaging.remote.internal.inet.InetAddressFactory] Is this a loopback interface? false
15:06:27.749 [DEBUG] [org.gradle.messaging.remote.internal.inet.InetAddressFactory] Is this a multicast interface? true
15:06:27.749 [DEBUG] [org.gradle.messaging.remote.internal.inet.InetAddressFactory] Adding loopback multicast interface D-Link DWA-131 Wireless N Nano USB Adapter(rev.E)-Native WiFi Filter Driver-0000
15:06:27.749 [DEBUG] [org.gradle.messaging.remote.internal.inet.InetAddressFactory] Adding IP addresses for network interface D-Link DWA-131 Wireless N Nano USB Adapter(rev.E)-QoS Packet Scheduler-0000
15:06:27.767 [DEBUG] [org.gradle.messaging.remote.internal.inet.InetAddressFactory] Is this a loopback interface? false
15:06:27.768 [DEBUG] [org.gradle.messaging.remote.internal.inet.InetAddressFactory] Is this a multicast interface? true
15:06:27.768 [DEBUG] [org.gradle.messaging.remote.internal.inet.InetAddressFactory] Adding loopback multicast interface D-Link DWA-131 Wireless N Nano USB Adapter(rev.E)-QoS Packet Scheduler-0000
15:06:27.768 [DEBUG] [org.gradle.messaging.remote.internal.inet.InetAddressFactory] Adding IP addresses for network interface D-Link DWA-131 Wireless N Nano USB Adapter(rev.E)-WFP 802.3 MAC Layer LightWeight Filter-0000
15:06:27.769 [DEBUG] [org.gradle.messaging.remote.internal.inet.InetAddressFactory] Is this a loopback interface? false
15:06:27.770 [DEBUG] [org.gradle.messaging.remote.internal.inet.InetAddressFactory] Is this a multicast interface? true
15:06:27.770 [DEBUG] [org.gradle.messaging.remote.internal.inet.InetAddressFactory] Adding loopback multicast interface D-Link DWA-131 Wireless N Nano USB Adapter(rev.E)-WFP 802.3 MAC Layer LightWeight Filter-0000
15:06:27.770 [DEBUG] [org.gradle.messaging.remote.internal.inet.InetAddressFactory] Adding IP addresses for network interface Microsoft Hosted Network Virtual Adapter-WFP Native MAC Layer LightWeight Filter-0000
15:06:27.771 [DEBUG] [org.gradle.messaging.remote.internal.inet.InetAddressFactory] Is this a loopback interface? false
15:06:27.772 [DEBUG] [org.gradle.messaging.remote.internal.inet.InetAddressFactory] Is this a multicast interface? true
15:06:27.772 [DEBUG] [org.gradle.messaging.remote.internal.inet.InetAddressFactory] Adding loopback multicast interface Microsoft Hosted Network Virtual Adapter-WFP Native MAC Layer LightWeight Filter-0000
15:06:27.773 [DEBUG] [org.gradle.messaging.remote.internal.inet.InetAddressFactory] Adding IP addresses for network interface Microsoft Hosted Network Virtual Adapter-Native WiFi Filter Driver-0000
15:06:27.774 [DEBUG] [org.gradle.messaging.remote.internal.inet.InetAddressFactory] Is this a loopback interface? false
15:06:27.775 [DEBUG] [org.gradle.messaging.remote.internal.inet.InetAddressFactory] Is this a multicast interface? true
15:06:27.775 [DEBUG] [org.gradle.messaging.remote.internal.inet.InetAddressFactory] Adding loopback multicast interface Microsoft Hosted Network Virtual Adapter-Native WiFi Filter Driver-0000
15:06:27.775 [DEBUG] [org.gradle.messaging.remote.internal.inet.InetAddressFactory] Adding IP addresses for network interface Microsoft Wi-Fi Direct Virtual Adapter-WFP Native MAC Layer LightWeight Filter-0000
15:06:27.777 [DEBUG] [org.gradle.messaging.remote.internal.inet.InetAddressFactory] Is this a loopback interface? false
15:06:27.778 [DEBUG] [org.gradle.messaging.remote.internal.inet.InetAddressFactory] Is this a multicast interface? true
15:06:27.778 [DEBUG] [org.gradle.messaging.remote.internal.inet.InetAddressFactory] Adding loopback multicast interface Microsoft Wi-Fi Direct Virtual Adapter-WFP Native MAC Layer LightWeight Filter-0000
15:06:27.778 [DEBUG] [org.gradle.messaging.remote.internal.inet.InetAddressFactory] Adding IP addresses for network interface Microsoft Wi-Fi Direct Virtual Adapter-Native WiFi Filter Driver-0000
15:06:27.780 [DEBUG] [org.gradle.messaging.remote.internal.inet.InetAddressFactory] Is this a loopback interface? false
15:06:27.781 [DEBUG] [org.gradle.messaging.remote.internal.inet.InetAddressFactory] Is this a multicast interface? true
15:06:27.781 [DEBUG] [org.gradle.messaging.remote.internal.inet.InetAddressFactory] Adding loopback multicast interface Microsoft Wi-Fi Direct Virtual Adapter-Native WiFi Filter Driver-0000
15:06:27.782 [DEBUG] [org.gradle.messaging.remote.internal.inet.InetAddressFactory] Adding IP addresses for network interface Microsoft Hosted Network Virtual Adapter-QoS Packet Scheduler-0000
15:06:27.783 [DEBUG] [org.gradle.messaging.remote.internal.inet.InetAddressFactory] Is this a loopback interface? false
15:06:27.784 [DEBUG] [org.gradle.messaging.remote.internal.inet.InetAddressFactory] Is this a multicast interface? true
15:06:27.785 [DEBUG] [org.gradle.messaging.remote.internal.inet.InetAddressFactory] Adding loopback multicast interface Microsoft Hosted Network Virtual Adapter-QoS Packet Scheduler-0000
15:06:27.785 [DEBUG] [org.gradle.messaging.remote.internal.inet.InetAddressFactory] Adding IP addresses for network interface Microsoft Hosted Network Virtual Adapter-WFP 802.3 MAC Layer LightWeight Filter-0000
15:06:27.786 [DEBUG] [org.gradle.messaging.remote.internal.inet.InetAddressFactory] Is this a loopback interface? false
15:06:27.787 [DEBUG] [org.gradle.messaging.remote.internal.inet.InetAddressFactory] Is this a multicast interface? true
15:06:27.788 [DEBUG] [org.gradle.messaging.remote.internal.inet.InetAddressFactory] Adding loopback multicast interface Microsoft Hosted Network Virtual Adapter-WFP 802.3 MAC Layer LightWeight Filter-0000
15:06:27.788 [DEBUG] [org.gradle.messaging.remote.internal.inet.InetAddressFactory] Adding IP addresses for network interface Microsoft Wi-Fi Direct Virtual Adapter-QoS Packet Scheduler-0000
15:06:27.789 [DEBUG] [org.gradle.messaging.remote.internal.inet.InetAddressFactory] Is this a loopback interface? false
15:06:27.790 [DEBUG] [org.gradle.messaging.remote.internal.inet.InetAddressFactory] Is this a multicast interface? true
15:06:27.790 [DEBUG] [org.gradle.messaging.remote.internal.inet.InetAddressFactory] Adding loopback multicast interface Microsoft Wi-Fi Direct Virtual Adapter-QoS Packet Scheduler-0000
15:06:27.790 [DEBUG] [org.gradle.messaging.remote.internal.inet.InetAddressFactory] Adding IP addresses for network interface Microsoft Wi-Fi Direct Virtual Adapter-WFP 802.3 MAC Layer LightWeight Filter-0000
15:06:27.792 [DEBUG] [org.gradle.messaging.remote.internal.inet.InetAddressFactory] Is this a loopback interface? false
15:06:27.793 [DEBUG] [org.gradle.messaging.remote.internal.inet.InetAddressFactory] Is this a multicast interface? true
15:06:27.793 [DEBUG] [org.gradle.messaging.remote.internal.inet.InetAddressFactory] Adding loopback multicast interface Microsoft Wi-Fi Direct Virtual Adapter-WFP 802.3 MAC Layer LightWeight Filter-0000
15:06:28.006 [DEBUG] [org.gradle.messaging.remote.internal.inet.TcpIncomingConnector] Listening on [08977187-ff5e-491b-9c67-d889997cf287 port:64123, addresses:[/127.0.0.1, /0:0:0:0:0:0:0:1]].
15:06:28.028 [DEBUG] [org.gradle.launcher.daemon.server.Daemon] Daemon starting at: Mon Jan 23 15:06:28 IST 2017, with address: [08977187-ff5e-491b-9c67-d889997cf287 port:64123, addresses:[/127.0.0.1, /0:0:0:0:0:0:0:1]]
15:06:28.029 [INFO] [org.gradle.launcher.daemon.server.DomainRegistryUpdater] Advertising the daemon address to the clients: [08977187-ff5e-491b-9c67-d889997cf287 port:64123, addresses:[/127.0.0.1, /0:0:0:0:0:0:0:1]]
15:06:28.029 [DEBUG] [org.gradle.launcher.daemon.server.DomainRegistryUpdater] Advertised daemon context: DefaultDaemonContext[uid=d3b64a50-1abf-4547-8e97-74218278a898,javaHome=C:\Program Files\Java\jdk1.8.0_45,daemonRegistryDir=H:\red arrow\app\RedArrow\gradle\daemon,pid=6120,idleTimeout=10800000,daemonOpts=-XX:MaxPermSize=256m,-XX:+HeapDumpOnOutOfMemoryError,-Xmx1024m,-Dfile.encoding=windows-1252,-Duser.country=IN,-Duser.language=en,-Duser.variant]
15:06:28.029 [DEBUG] [org.gradle.launcher.daemon.registry.PersistentDaemonRegistry] Storing daemon address: [08977187-ff5e-491b-9c67-d889997cf287 port:64123, addresses:[/127.0.0.1, /0:0:0:0:0:0:0:1]], context: DefaultDaemonContext[uid=d3b64a50-1abf-4547-8e97-74218278a898,javaHome=C:\Program Files\Java\jdk1.8.0_45,daemonRegistryDir=H:\red arrow\app\RedArrow\gradle\daemon,pid=6120,idleTimeout=10800000,daemonOpts=-XX:MaxPermSize=256m,-XX:+HeapDumpOnOutOfMemoryError,-Xmx1024m,-Dfile.encoding=windows-1252,-Duser.country=IN,-Duser.language=en,-Duser.variant]
15:06:28.053 [DEBUG] [org.gradle.cache.internal.DefaultFileLockManager] Waiting to acquire exclusive lock on daemon addresses registry.
15:06:28.054 [DEBUG] [org.gradle.cache.internal.DefaultFileLockManager] Lock acquired.
15:06:28.119 [DEBUG] [org.gradle.cache.internal.DefaultFileLockManager] Releasing lock on daemon addresses registry.
15:06:28.122 [LIFECYCLE] [org.gradle.launcher.daemon.server.Daemon] Daemon server started.
15:06:28.124 [DEBUG] [org.gradle.launcher.daemon.bootstrap.DaemonStartupCommunication] Completed writing the daemon greeting. Closing streams...
15:06:28.124 [DEBUG] [org.gradle.launcher.daemon.server.Daemon] requestStopOnIdleTimeout(10800000 MILLISECONDS) called on daemon
15:06:28.124 [DEBUG] [org.gradle.launcher.daemon.server.DaemonStateCoordinator] Idle timeout: waiting for daemon to stop or be idle for 10800000ms
15:06:28.125 [DEBUG] [org.gradle.launcher.daemon.server.DaemonStateCoordinator] Daemon is idle, sleeping until state change or idle timeout at Mon Jan 23 18:06:27 IST 2017
15:06:28.141 [DEBUG] [org.gradle.messaging.remote.internal.inet.TcpIncomingConnector] Accepted connection from /127.0.0.1:64125 to /127.0.0.1:64123.
15:06:28.324 [DEBUG] [org.gradle.launcher.daemon.server.SynchronizedDispatchConnection] thread 15: received class org.gradle.launcher.daemon.protocol.Build
15:06:28.324 [DEBUG] [org.gradle.launcher.daemon.server.DefaultDaemonConnection] Received non-IO message from client: Build{id=6ff6667f-af1c-4b8a-9266-3113298c1f9d.1, currentDir=H:\red arrow\app\RedArrow}
15:06:28.325 [INFO] [org.gradle.launcher.daemon.server.DefaultIncomingConnectionHandler] Received command: Build{id=6ff6667f-af1c-4b8a-9266-3113298c1f9d.1, currentDir=H:\red arrow\app\RedArrow}.
15:06:28.325 [DEBUG] [org.gradle.launcher.daemon.server.DefaultIncomingConnectionHandler] Starting executing command: Build{id=6ff6667f-af1c-4b8a-9266-3113298c1f9d.1, currentDir=H:\red arrow\app\RedArrow} with connection: socket connection from /127.0.0.1:64123 to /127.0.0.1:64125.
15:06:28.353 [DEBUG] [org.gradle.launcher.daemon.server.DaemonStateCoordinator] Command execution: started DaemonCommandExecution[command = Build{id=6ff6667f-af1c-4b8a-9266-3113298c1f9d.1, currentDir=H:\red arrow\app\RedArrow}, connection = org.gradle.launcher.daemon.server.DefaultDaemonConnection@766b1c33] after 0.0 minutes of idle
15:06:28.354 [INFO] [org.gradle.launcher.daemon.server.DomainRegistryUpdater] Marking the daemon as busy, address: [08977187-ff5e-491b-9c67-d889997cf287 port:64123, addresses:[/127.0.0.1, /0:0:0:0:0:0:0:1]]
15:06:28.354 [DEBUG] [org.gradle.launcher.daemon.registry.PersistentDaemonRegistry] Marking busy by address: [08977187-ff5e-491b-9c67-d889997cf287 port:64123, addresses:[/127.0.0.1, /0:0:0:0:0:0:0:1]]
15:06:28.355 [DEBUG] [org.gradle.cache.internal.DefaultFileLockManager] Waiting to acquire exclusive lock on daemon addresses registry.
15:06:28.355 [DEBUG] [org.gradle.cache.internal.DefaultFileLockManager] Lock acquired.
15:06:28.358 [DEBUG] [org.gradle.cache.internal.DefaultFileLockManager] Releasing lock on daemon addresses registry.
15:06:28.361 [DEBUG] [org.gradle.launcher.daemon.server.DaemonStateCoordinator] updating lastActivityAt to 1485164188361
15:06:28.361 [DEBUG] [org.gradle.launcher.daemon.server.DaemonStateCoordinator] Daemon is busy, sleeping until state changes.
15:06:28.362 [INFO] [org.gradle.launcher.daemon.server.exec.StartBuildOrRespondWithBusy] Daemon is about to start building Build{id=6ff6667f-af1c-4b8a-9266-3113298c1f9d.1, currentDir=H:\red arrow\app\RedArrow}. Dispatching build started information...
15:06:28.362 [DEBUG] [org.gradle.launcher.daemon.server.SynchronizedDispatchConnection] thread 17: dispatching class org.gradle.launcher.daemon.protocol.BuildStarted
15:06:28.367 [DEBUG] [org.gradle.launcher.daemon.server.SynchronizedDispatchConnection] thread 15: received class org.gradle.launcher.daemon.protocol.CloseInput
15:06:28.367 [DEBUG] [org.gradle.launcher.daemon.server.DefaultDaemonConnection] Received IO message from client: org.gradle.launcher.daemon.protocol.CloseInput@2bdb0ff4
15:06:28.373 [DEBUG] [org.gradle.launcher.daemon.server.exec.EstablishBuildEnvironment] Configuring env variables: {USERDOMAIN_ROAMINGPROFILE=my-pc, LOCALAPPDATA=C:\Users\jit\AppData\Local, PROCESSOR_LEVEL=6, FP_NO_HOST_CHECK=NO, USERDOMAIN=my-pc, LOGONSERVER=\\MY-PC, SESSIONNAME=Console, ALLUSERSPROFILE=C:\ProgramData, PROCESSOR_ARCHITECTURE=AMD64, PSModulePath=C:\Windows\system32\WindowsPowerShell\v1.0\Modules\, SystemDrive=C:, APPDATA=C:\Users\jit\AppData\Roaming, USERNAME=jit, ProgramFiles(x86)=C:\Program Files (x86), CommonProgramFiles=C:\Program Files\Common Files, Path=C:\ProgramData\Oracle\Java\javapath;C:\Program Files (x86)\NVIDIA Corporation\PhysX\Common;C:\Windows\system32;C:\Windows;C:\Windows\System32\Wbem;C:\Windows\System32\WindowsPowerShell\v1.0\;C:\Program Files (x86)\Windows Live\Shared;C:\Program Files\nodejs\;C:\Users\jit\Anaconda2;C:\Users\jit\Anaconda2\Scripts;C:\Users\jit\Anaconda2\Library\bin;C:\Users\jit\AppData\Roaming\npm;C:\Program Files\Java\jdk1.8.0_45\bin;, PATHEXT=.COM;.EXE;.BAT;.CMD;.VBS;.VBE;.JS;.JSE;.WSF;.WSH;.MSC, OS=Windows_NT, COMPUTERNAME=MY-PC, PROCESSOR_REVISION=3a09, CommonProgramW6432=C:\Program Files\Common Files, ComSpec=C:\Windows\system32\cmd.exe, ProgramData=C:\ProgramData, ProgramW6432=C:\Program Files, HOMEPATH=\Users\jit, SystemRoot=C:\Windows, TEMP=C:\Users\jit\AppData\Local\Temp, HOMEDRIVE=C:, PROCESSOR_IDENTIFIER=Intel64 Family 6 Model 58 Stepping 9, GenuineIntel, USERPROFILE=C:\Users\jit, TMP=C:\Users\jit\AppData\Local\Temp, CommonProgramFiles(x86)=C:\Program Files (x86)\Common Files, ProgramFiles=C:\Program Files, PUBLIC=C:\Users\Public, NUMBER_OF_PROCESSORS=4, windir=C:\Windows, =::=::\}
15:06:28.416 [DEBUG] [org.gradle.launcher.daemon.server.exec.LogToClient] About to start relaying all logs to the client via the connection.
15:06:28.416 [INFO] [org.gradle.launcher.daemon.server.exec.LogToClient] The client will now receive all logging from the daemon (pid: 6120). The daemon log file: H:\red arrow\app\RedArrow\gradle\daemon\2.10\daemon-6120.out.log
15:06:28.432 [INFO] [org.gradle.launcher.daemon.server.health.DaemonHealthTracker] Starting build in new daemon [memory: 954.7 MB]
15:06:28.433 [INFO] [org.gradle.launcher.daemon.server.exec.ForwardClientInput] Closing daemon's stdin at end of input.
15:06:28.433 [INFO] [org.gradle.launcher.daemon.server.exec.ForwardClientInput] The daemon will no longer process any standard input.
15:06:28.436 [DEBUG] [org.gradle.launcher.daemon.server.exec.ExecuteBuild] The daemon has started executing the build.
15:06:28.436 [INFO] [org.gradle.launcher.daemon.server.exec.ExecuteBuild] Executing build with daemon context: DefaultDaemonContext[uid=d3b64a50-1abf-4547-8e97-74218278a898,javaHome=C:\Program Files\Java\jdk1.8.0_45,daemonRegistryDir=H:\red arrow\app\RedArrow\gradle\daemon,pid=6120,idleTimeout=10800000,daemonOpts=-XX:MaxPermSize=256m,-XX:+HeapDumpOnOutOfMemoryError,-Xmx1024m,-Dfile.encoding=windows-1252,-Duser.country=IN,-Duser.language=en,-Duser.variant]
15:06:29.544 [DEBUG] [org.gradle.internal.nativeintegration.services.NativeServices] Native-platform posix files is not available.  Continuing with fallback.
Configuration on demand is an incubating feature.
client disconnection detected, stopping the daemon
Unable to execute command Build{id=6ff6667f-af1c-4b8a-9266-3113298c1f9d.1, currentDir=H:\red arrow\app\RedArrow} from socket connection from /127.0.0.1:64123 to /127.0.0.1:64125. Dispatching the failure to the daemon client
org.gradle.messaging.remote.internal.MessageIOException: Could not write message Failure[value=org.gradle.launcher.daemon.server.api.DaemonStoppedException: Gradle build daemon has been stopped.] to '/127.0.0.1:64125'.
	at org.gradle.messaging.remote.internal.inet.SocketConnection.dispatch(SocketConnection.java:111)
	at org.gradle.launcher.daemon.server.SynchronizedDispatchConnection.dispatch(SynchronizedDispatchConnection.java:55)
	at org.gradle.launcher.daemon.server.DefaultDaemonConnection.completed(DefaultDaemonConnection.java:129)
	at org.gradle.launcher.daemon.server.exec.StartBuildOrRespondWithBusy.doBuild(StartBuildOrRespondWithBusy.java:59)
	at org.gradle.launcher.daemon.server.exec.BuildCommandOnly.execute(BuildCommandOnly.java:36)
	at org.gradle.launcher.daemon.server.api.DaemonCommandExecution.proceed(DaemonCommandExecution.java:120)
	at org.gradle.launcher.daemon.server.exec.ReturnResult.execute(ReturnResult.java:36)
	at org.gradle.launcher.daemon.server.api.DaemonCommandExecution.proceed(DaemonCommandExecution.java:120)
	at org.gradle.launcher.daemon.server.exec.HandleCancel.execute(HandleCancel.java:37)
	at org.gradle.launcher.daemon.server.api.DaemonCommandExecution.proceed(DaemonCommandExecution.java:120)
	at org.gradle.launcher.daemon.server.api.HandleStop.execute(HandleStop.java:33)
	at org.gradle.launcher.daemon.server.api.DaemonCommandExecution.proceed(DaemonCommandExecution.java:120)
	at org.gradle.launcher.daemon.server.exec.DefaultDaemonCommandExecuter.executeCommand(DefaultDaemonCommandExecuter.java:56)
	at org.gradle.launcher.daemon.server.DefaultIncomingConnectionHandler$ConnectionWorker.handleCommand(DefaultIncomingConnectionHandler.java:154)
	at org.gradle.launcher.daemon.server.DefaultIncomingConnectionHandler$ConnectionWorker.receiveAndHandleCommand(DefaultIncomingConnectionHandler.java:129)
	at org.gradle.launcher.daemon.server.DefaultIncomingConnectionHandler$ConnectionWorker.run(DefaultIncomingConnectionHandler.java:117)
	at org.gradle.internal.concurrent.ExecutorPolicy$CatchAndRecordFailures.onExecute(ExecutorPolicy.java:54)
	at org.gradle.internal.concurrent.StoppableExecutorImpl$1.run(StoppableExecutorImpl.java:40)
	at java.util.concurrent.ThreadPoolExecutor.runWorker(ThreadPoolExecutor.java:1142)
	at java.util.concurrent.ThreadPoolExecutor$Worker.run(ThreadPoolExecutor.java:617)
	at java.lang.Thread.run(Thread.java:745)
Caused by: com.esotericsoftware.kryo.KryoException: java.io.IOException: An existing connection was forcibly closed by the remote host
	at com.esotericsoftware.kryo.io.Output.flush(Output.java:156)
	at com.esotericsoftware.kryo.io.Output.require(Output.java:134)
	at com.esotericsoftware.kryo.io.Output.writeBytes(Output.java:219)
	at org.gradle.internal.serialize.kryo.KryoBackedEncoder.writeBytes(KryoBackedEncoder.java:43)
	at org.gradle.internal.serialize.AbstractEncoder$EncoderStream.write(AbstractEncoder.java:72)
	at java.io.ObjectOutputStream$BlockDataOutputStream.drain(ObjectOutputStream.java:1877)
	at java.io.ObjectOutputStream$BlockDataOutputStream.flush(ObjectOutputStream.java:1822)
	at java.io.ObjectOutputStream.flush(ObjectOutputStream.java:719)
	at org.gradle.messaging.remote.internal.Message.send(Message.java:42)
	at org.gradle.internal.serialize.BaseSerializerFactory$ThrowableSerializer.write(BaseSerializerFactory.java:152)
	at org.gradle.internal.serialize.BaseSerializerFactory$ThrowableSerializer.write(BaseSerializerFactory.java:146)
	at org.gradle.launcher.daemon.protocol.DaemonMessageSerializer$FailureSerializer.write(DaemonMessageSerializer.java:66)
	at org.gradle.launcher.daemon.protocol.DaemonMessageSerializer$FailureSerializer.write(DaemonMessageSerializer.java:57)
	at org.gradle.internal.serialize.DefaultSerializerRegistry$TaggedTypeSerializer.write(DefaultSerializerRegistry.java:91)
	at org.gradle.internal.serialize.Serializers$StatefulSerializerAdapter$2.write(Serializers.java:46)
	at org.gradle.messaging.remote.internal.KryoBackedMessageSerializer$1.write(KryoBackedMessageSerializer.java:55)
	at org.gradle.messaging.remote.internal.inet.SocketConnection.dispatch(SocketConnection.java:108)
	... 20 more
Caused by: java.io.IOException: An existing connection was forcibly closed by the remote host
	at sun.nio.ch.SocketDispatcher.write0(Native Method)
	at sun.nio.ch.SocketDispatcher.write(SocketDispatcher.java:51)
	at sun.nio.ch.IOUtil.writeFromNativeBuffer(IOUtil.java:93)
	at sun.nio.ch.IOUtil.write(IOUtil.java:51)
	at sun.nio.ch.SocketChannelImpl.write(SocketChannelImpl.java:471)
	at org.gradle.messaging.remote.internal.inet.SocketConnection$SocketOutputStream.flush(SocketConnection.java:236)
	at org.gradle.messaging.remote.internal.inet.SocketConnection$SocketOutputStream.write(SocketConnection.java:223)
	at com.esotericsoftware.kryo.io.Output.flush(Output.java:154)
	... 36 more
Daemon vm is shutting down... The daemon has exited normally or was terminated in response to a user interrupt.
