00:38:53.798 [INFO] [org.gradle.launcher.daemon.server.Daemon] start() called on daemon - DefaultDaemonContext[uid=3dadab9c-8a14-4dfa-8a28-3d66ccfa9a3e,javaHome=C:\Program Files\Java\jdk1.8.0_45,daemonRegistryDir=H:\red arrow\app\RedArrow\gradle\daemon,pid=6344,idleTimeout=10800000,daemonOpts=-XX:MaxPermSize=256m,-XX:+HeapDumpOnOutOfMemoryError,-Xmx1024m,-Dfile.encoding=windows-1252,-Duser.country=IN,-Duser.language=en,-Duser.variant]
00:38:53.801 [DEBUG] [org.gradle.launcher.daemon.server.DaemonStateCoordinator] updating lastActivityAt to 1482692933801
00:38:53.846 [DEBUG] [org.gradle.messaging.remote.internal.inet.InetAddressFactory] Adding IP addresses for network interface Software Loopback Interface 1
00:38:53.847 [DEBUG] [org.gradle.messaging.remote.internal.inet.InetAddressFactory] Is this a loopback interface? true
00:38:53.848 [DEBUG] [org.gradle.messaging.remote.internal.inet.InetAddressFactory] Is this a multicast interface? true
00:38:53.849 [DEBUG] [org.gradle.messaging.remote.internal.inet.InetAddressFactory] Adding loopback address /127.0.0.1
00:38:53.849 [DEBUG] [org.gradle.messaging.remote.internal.inet.InetAddressFactory] Adding loopback address /0:0:0:0:0:0:0:1
00:38:53.850 [DEBUG] [org.gradle.messaging.remote.internal.inet.InetAddressFactory] Adding loopback multicast interface Software Loopback Interface 1
00:38:53.850 [DEBUG] [org.gradle.messaging.remote.internal.inet.InetAddressFactory] Adding IP addresses for network interface Microsoft Kernel Debug Network Adapter
00:38:53.851 [DEBUG] [org.gradle.messaging.remote.internal.inet.InetAddressFactory] Is this a loopback interface? false
00:38:53.852 [DEBUG] [org.gradle.messaging.remote.internal.inet.InetAddressFactory] Is this a multicast interface? true
00:38:53.853 [DEBUG] [org.gradle.messaging.remote.internal.inet.InetAddressFactory] Adding loopback multicast interface Microsoft Kernel Debug Network Adapter
00:38:53.853 [DEBUG] [org.gradle.messaging.remote.internal.inet.InetAddressFactory] Adding IP addresses for network interface Realtek PCIe GBE Family Controller
00:38:53.854 [DEBUG] [org.gradle.messaging.remote.internal.inet.InetAddressFactory] Is this a loopback interface? false
00:38:53.855 [DEBUG] [org.gradle.messaging.remote.internal.inet.InetAddressFactory] Is this a multicast interface? true
00:38:53.856 [DEBUG] [org.gradle.messaging.remote.internal.inet.InetAddressFactory] Adding loopback multicast interface Realtek PCIe GBE Family Controller
00:38:53.856 [DEBUG] [org.gradle.messaging.remote.internal.inet.InetAddressFactory] Adding IP addresses for network interface D-Link DWA-131 Wireless N Nano USB Adapter(rev.E)
00:38:53.857 [DEBUG] [org.gradle.messaging.remote.internal.inet.InetAddressFactory] Is this a loopback interface? false
00:38:53.859 [DEBUG] [org.gradle.messaging.remote.internal.inet.InetAddressFactory] Is this a multicast interface? true
00:38:53.859 [DEBUG] [org.gradle.messaging.remote.internal.inet.InetAddressFactory] Adding remote address /192.168.43.203
00:38:53.859 [DEBUG] [org.gradle.messaging.remote.internal.inet.InetAddressFactory] Adding remote address /fe80:0:0:0:b8bc:3b54:2d14:c6c0%wlan0
00:38:53.859 [DEBUG] [org.gradle.messaging.remote.internal.inet.InetAddressFactory] Adding remote multicast interface D-Link DWA-131 Wireless N Nano USB Adapter(rev.E)
00:38:53.860 [DEBUG] [org.gradle.messaging.remote.internal.inet.InetAddressFactory] Adding IP addresses for network interface Microsoft Wi-Fi Direct Virtual Adapter
00:38:53.861 [DEBUG] [org.gradle.messaging.remote.internal.inet.InetAddressFactory] Is this a loopback interface? false
00:38:53.863 [DEBUG] [org.gradle.messaging.remote.internal.inet.InetAddressFactory] Is this a multicast interface? true
00:38:53.863 [DEBUG] [org.gradle.messaging.remote.internal.inet.InetAddressFactory] Adding remote address /fe80:0:0:0:91f6:db80:db75:fc1%wlan1
00:38:53.864 [DEBUG] [org.gradle.messaging.remote.internal.inet.InetAddressFactory] Adding remote multicast interface Microsoft Wi-Fi Direct Virtual Adapter
00:38:53.864 [DEBUG] [org.gradle.messaging.remote.internal.inet.InetAddressFactory] Adding IP addresses for network interface WAN Miniport (SSTP)
00:38:53.866 [DEBUG] [org.gradle.messaging.remote.internal.inet.InetAddressFactory] Is this a loopback interface? false
00:38:53.868 [DEBUG] [org.gradle.messaging.remote.internal.inet.InetAddressFactory] Is this a multicast interface? true
00:38:53.868 [DEBUG] [org.gradle.messaging.remote.internal.inet.InetAddressFactory] Adding loopback multicast interface WAN Miniport (SSTP)
00:38:53.869 [DEBUG] [org.gradle.messaging.remote.internal.inet.InetAddressFactory] Adding IP addresses for network interface WAN Miniport (PPPOE)
00:38:53.870 [DEBUG] [org.gradle.messaging.remote.internal.inet.InetAddressFactory] Is this a loopback interface? false
00:38:53.871 [DEBUG] [org.gradle.messaging.remote.internal.inet.InetAddressFactory] Is this a multicast interface? true
00:38:53.871 [DEBUG] [org.gradle.messaging.remote.internal.inet.InetAddressFactory] Adding loopback multicast interface WAN Miniport (PPPOE)
00:38:53.871 [DEBUG] [org.gradle.messaging.remote.internal.inet.InetAddressFactory] Adding IP addresses for network interface WAN Miniport (PPTP)
00:38:53.872 [DEBUG] [org.gradle.messaging.remote.internal.inet.InetAddressFactory] Is this a loopback interface? false
00:38:53.873 [DEBUG] [org.gradle.messaging.remote.internal.inet.InetAddressFactory] Is this a multicast interface? true
00:38:53.873 [DEBUG] [org.gradle.messaging.remote.internal.inet.InetAddressFactory] Adding loopback multicast interface WAN Miniport (PPTP)
00:38:53.875 [DEBUG] [org.gradle.messaging.remote.internal.inet.InetAddressFactory] Adding IP addresses for network interface WAN Miniport (L2TP)
00:38:53.876 [DEBUG] [org.gradle.messaging.remote.internal.inet.InetAddressFactory] Is this a loopback interface? false
00:38:53.877 [DEBUG] [org.gradle.messaging.remote.internal.inet.InetAddressFactory] Is this a multicast interface? true
00:38:53.877 [DEBUG] [org.gradle.messaging.remote.internal.inet.InetAddressFactory] Adding loopback multicast interface WAN Miniport (L2TP)
00:38:53.878 [DEBUG] [org.gradle.messaging.remote.internal.inet.InetAddressFactory] Adding IP addresses for network interface WAN Miniport (IKEv2)
00:38:53.879 [DEBUG] [org.gradle.messaging.remote.internal.inet.InetAddressFactory] Is this a loopback interface? false
00:38:53.880 [DEBUG] [org.gradle.messaging.remote.internal.inet.InetAddressFactory] Is this a multicast interface? true
00:38:53.880 [DEBUG] [org.gradle.messaging.remote.internal.inet.InetAddressFactory] Adding loopback multicast interface WAN Miniport (IKEv2)
00:38:53.880 [DEBUG] [org.gradle.messaging.remote.internal.inet.InetAddressFactory] Adding IP addresses for network interface WAN Miniport (IP)
00:38:53.881 [DEBUG] [org.gradle.messaging.remote.internal.inet.InetAddressFactory] Is this a loopback interface? false
00:38:53.882 [DEBUG] [org.gradle.messaging.remote.internal.inet.InetAddressFactory] Is this a multicast interface? true
00:38:53.882 [DEBUG] [org.gradle.messaging.remote.internal.inet.InetAddressFactory] Adding loopback multicast interface WAN Miniport (IP)
00:38:53.882 [DEBUG] [org.gradle.messaging.remote.internal.inet.InetAddressFactory] Adding IP addresses for network interface WAN Miniport (IPv6)
00:38:53.883 [DEBUG] [org.gradle.messaging.remote.internal.inet.InetAddressFactory] Is this a loopback interface? false
00:38:53.884 [DEBUG] [org.gradle.messaging.remote.internal.inet.InetAddressFactory] Is this a multicast interface? true
00:38:53.884 [DEBUG] [org.gradle.messaging.remote.internal.inet.InetAddressFactory] Adding loopback multicast interface WAN Miniport (IPv6)
00:38:53.884 [DEBUG] [org.gradle.messaging.remote.internal.inet.InetAddressFactory] Adding IP addresses for network interface WAN Miniport (Network Monitor)
00:38:53.885 [DEBUG] [org.gradle.messaging.remote.internal.inet.InetAddressFactory] Is this a loopback interface? false
00:38:53.886 [DEBUG] [org.gradle.messaging.remote.internal.inet.InetAddressFactory] Is this a multicast interface? true
00:38:53.886 [DEBUG] [org.gradle.messaging.remote.internal.inet.InetAddressFactory] Adding loopback multicast interface WAN Miniport (Network Monitor)
00:38:53.887 [DEBUG] [org.gradle.messaging.remote.internal.inet.InetAddressFactory] Adding IP addresses for network interface RAS Async Adapter
00:38:53.888 [DEBUG] [org.gradle.messaging.remote.internal.inet.InetAddressFactory] Is this a loopback interface? false
00:38:53.888 [DEBUG] [org.gradle.messaging.remote.internal.inet.InetAddressFactory] Is this a multicast interface? true
00:38:53.889 [DEBUG] [org.gradle.messaging.remote.internal.inet.InetAddressFactory] Adding loopback multicast interface RAS Async Adapter
00:38:53.889 [DEBUG] [org.gradle.messaging.remote.internal.inet.InetAddressFactory] Adding IP addresses for network interface Microsoft Hosted Network Virtual Adapter
00:38:53.890 [DEBUG] [org.gradle.messaging.remote.internal.inet.InetAddressFactory] Is this a loopback interface? false
00:38:53.891 [DEBUG] [org.gradle.messaging.remote.internal.inet.InetAddressFactory] Is this a multicast interface? true
00:38:53.892 [DEBUG] [org.gradle.messaging.remote.internal.inet.InetAddressFactory] Adding remote address /fe80:0:0:0:e02b:dc5a:3fb4:bf0f%wlan2
00:38:53.892 [DEBUG] [org.gradle.messaging.remote.internal.inet.InetAddressFactory] Adding remote multicast interface Microsoft Hosted Network Virtual Adapter
00:38:53.892 [DEBUG] [org.gradle.messaging.remote.internal.inet.InetAddressFactory] Adding IP addresses for network interface D-Link DWA-131 Wireless N Nano USB Adapter(rev.E) #2
00:38:53.894 [DEBUG] [org.gradle.messaging.remote.internal.inet.InetAddressFactory] Is this a loopback interface? false
00:38:53.896 [DEBUG] [org.gradle.messaging.remote.internal.inet.InetAddressFactory] Is this a multicast interface? true
00:38:53.897 [DEBUG] [org.gradle.messaging.remote.internal.inet.InetAddressFactory] Adding loopback multicast interface D-Link DWA-131 Wireless N Nano USB Adapter(rev.E) #2
00:38:53.897 [DEBUG] [org.gradle.messaging.remote.internal.inet.InetAddressFactory] Adding IP addresses for network interface Microsoft Hosted Network Virtual Adapter #2
00:38:53.899 [DEBUG] [org.gradle.messaging.remote.internal.inet.InetAddressFactory] Is this a loopback interface? false
00:38:53.900 [DEBUG] [org.gradle.messaging.remote.internal.inet.InetAddressFactory] Is this a multicast interface? true
00:38:53.900 [DEBUG] [org.gradle.messaging.remote.internal.inet.InetAddressFactory] Adding loopback multicast interface Microsoft Hosted Network Virtual Adapter #2
00:38:53.900 [DEBUG] [org.gradle.messaging.remote.internal.inet.InetAddressFactory] Adding IP addresses for network interface Microsoft Wi-Fi Direct Virtual Adapter #2
00:38:53.901 [DEBUG] [org.gradle.messaging.remote.internal.inet.InetAddressFactory] Is this a loopback interface? false
00:38:53.902 [DEBUG] [org.gradle.messaging.remote.internal.inet.InetAddressFactory] Is this a multicast interface? true
00:38:53.902 [DEBUG] [org.gradle.messaging.remote.internal.inet.InetAddressFactory] Adding loopback multicast interface Microsoft Wi-Fi Direct Virtual Adapter #2
00:38:53.903 [DEBUG] [org.gradle.messaging.remote.internal.inet.InetAddressFactory] Adding IP addresses for network interface Microsoft ISATAP Adapter
00:38:53.904 [DEBUG] [org.gradle.messaging.remote.internal.inet.InetAddressFactory] Is this a loopback interface? false
00:38:53.905 [DEBUG] [org.gradle.messaging.remote.internal.inet.InetAddressFactory] Is this a multicast interface? false
00:38:53.906 [DEBUG] [org.gradle.messaging.remote.internal.inet.InetAddressFactory] Adding remote address /fe80:0:0:0:0:5efe:c0a8:2bcb%net4
00:38:53.906 [DEBUG] [org.gradle.messaging.remote.internal.inet.InetAddressFactory] Adding IP addresses for network interface Teredo Tunneling Pseudo-Interface
00:38:53.907 [DEBUG] [org.gradle.messaging.remote.internal.inet.InetAddressFactory] Is this a loopback interface? false
00:38:53.908 [DEBUG] [org.gradle.messaging.remote.internal.inet.InetAddressFactory] Is this a multicast interface? false
00:38:53.909 [DEBUG] [org.gradle.messaging.remote.internal.inet.InetAddressFactory] Adding remote address /2001:0:d5c:5a30:30a1:2d9e:d0f0:38c7
00:38:53.909 [DEBUG] [org.gradle.messaging.remote.internal.inet.InetAddressFactory] Adding remote address /fe80:0:0:0:30a1:2d9e:d0f0:38c7%net5
00:38:53.909 [DEBUG] [org.gradle.messaging.remote.internal.inet.InetAddressFactory] Adding IP addresses for network interface D-Link DWA-131 Wireless N Nano USB Adapter(rev.E) #3
00:38:53.910 [DEBUG] [org.gradle.messaging.remote.internal.inet.InetAddressFactory] Is this a loopback interface? false
00:38:53.911 [DEBUG] [org.gradle.messaging.remote.internal.inet.InetAddressFactory] Is this a multicast interface? true
00:38:53.911 [DEBUG] [org.gradle.messaging.remote.internal.inet.InetAddressFactory] Adding loopback multicast interface D-Link DWA-131 Wireless N Nano USB Adapter(rev.E) #3
00:38:53.911 [DEBUG] [org.gradle.messaging.remote.internal.inet.InetAddressFactory] Adding IP addresses for network interface Microsoft Wi-Fi Direct Virtual Adapter #4
00:38:53.912 [DEBUG] [org.gradle.messaging.remote.internal.inet.InetAddressFactory] Is this a loopback interface? false
00:38:53.913 [DEBUG] [org.gradle.messaging.remote.internal.inet.InetAddressFactory] Is this a multicast interface? true
00:38:53.914 [DEBUG] [org.gradle.messaging.remote.internal.inet.InetAddressFactory] Adding loopback multicast interface Microsoft Wi-Fi Direct Virtual Adapter #4
00:38:53.914 [DEBUG] [org.gradle.messaging.remote.internal.inet.InetAddressFactory] Adding IP addresses for network interface Microsoft Hosted Network Virtual Adapter #4
00:38:53.915 [DEBUG] [org.gradle.messaging.remote.internal.inet.InetAddressFactory] Is this a loopback interface? false
00:38:53.916 [DEBUG] [org.gradle.messaging.remote.internal.inet.InetAddressFactory] Is this a multicast interface? true
00:38:53.917 [DEBUG] [org.gradle.messaging.remote.internal.inet.InetAddressFactory] Adding loopback multicast interface Microsoft Hosted Network Virtual Adapter #4
00:38:53.917 [DEBUG] [org.gradle.messaging.remote.internal.inet.InetAddressFactory] Adding IP addresses for network interface Microsoft ISATAP Adapter #2
00:38:53.918 [DEBUG] [org.gradle.messaging.remote.internal.inet.InetAddressFactory] Is this a loopback interface? false
00:38:53.920 [DEBUG] [org.gradle.messaging.remote.internal.inet.InetAddressFactory] Is this a multicast interface? true
00:38:53.920 [DEBUG] [org.gradle.messaging.remote.internal.inet.InetAddressFactory] Adding loopback multicast interface Microsoft ISATAP Adapter #2
00:38:53.920 [DEBUG] [org.gradle.messaging.remote.internal.inet.InetAddressFactory] Adding IP addresses for network interface D-Link DWA-131 Wireless N Nano USB Adapter(rev.E)-WFP Native MAC Layer LightWeight Filter-0000
00:38:53.922 [DEBUG] [org.gradle.messaging.remote.internal.inet.InetAddressFactory] Is this a loopback interface? false
00:38:53.923 [DEBUG] [org.gradle.messaging.remote.internal.inet.InetAddressFactory] Is this a multicast interface? true
00:38:53.923 [DEBUG] [org.gradle.messaging.remote.internal.inet.InetAddressFactory] Adding loopback multicast interface D-Link DWA-131 Wireless N Nano USB Adapter(rev.E)-WFP Native MAC Layer LightWeight Filter-0000
00:38:53.923 [DEBUG] [org.gradle.messaging.remote.internal.inet.InetAddressFactory] Adding IP addresses for network interface D-Link DWA-131 Wireless N Nano USB Adapter(rev.E)-Virtual WiFi Filter Driver-0000
00:38:53.924 [DEBUG] [org.gradle.messaging.remote.internal.inet.InetAddressFactory] Is this a loopback interface? false
00:38:53.925 [DEBUG] [org.gradle.messaging.remote.internal.inet.InetAddressFactory] Is this a multicast interface? true
00:38:53.925 [DEBUG] [org.gradle.messaging.remote.internal.inet.InetAddressFactory] Adding loopback multicast interface D-Link DWA-131 Wireless N Nano USB Adapter(rev.E)-Virtual WiFi Filter Driver-0000
00:38:53.925 [DEBUG] [org.gradle.messaging.remote.internal.inet.InetAddressFactory] Adding IP addresses for network interface D-Link DWA-131 Wireless N Nano USB Adapter(rev.E)-Native WiFi Filter Driver-0000
00:38:53.926 [DEBUG] [org.gradle.messaging.remote.internal.inet.InetAddressFactory] Is this a loopback interface? false
00:38:53.927 [DEBUG] [org.gradle.messaging.remote.internal.inet.InetAddressFactory] Is this a multicast interface? true
00:38:53.927 [DEBUG] [org.gradle.messaging.remote.internal.inet.InetAddressFactory] Adding loopback multicast interface D-Link DWA-131 Wireless N Nano USB Adapter(rev.E)-Native WiFi Filter Driver-0000
00:38:53.927 [DEBUG] [org.gradle.messaging.remote.internal.inet.InetAddressFactory] Adding IP addresses for network interface D-Link DWA-131 Wireless N Nano USB Adapter(rev.E)-QoS Packet Scheduler-0000
00:38:53.928 [DEBUG] [org.gradle.messaging.remote.internal.inet.InetAddressFactory] Is this a loopback interface? false
00:38:53.929 [DEBUG] [org.gradle.messaging.remote.internal.inet.InetAddressFactory] Is this a multicast interface? true
00:38:53.929 [DEBUG] [org.gradle.messaging.remote.internal.inet.InetAddressFactory] Adding loopback multicast interface D-Link DWA-131 Wireless N Nano USB Adapter(rev.E)-QoS Packet Scheduler-0000
00:38:53.929 [DEBUG] [org.gradle.messaging.remote.internal.inet.InetAddressFactory] Adding IP addresses for network interface D-Link DWA-131 Wireless N Nano USB Adapter(rev.E)-WFP 802.3 MAC Layer LightWeight Filter-0000
00:38:53.930 [DEBUG] [org.gradle.messaging.remote.internal.inet.InetAddressFactory] Is this a loopback interface? false
00:38:53.931 [DEBUG] [org.gradle.messaging.remote.internal.inet.InetAddressFactory] Is this a multicast interface? true
00:38:53.932 [DEBUG] [org.gradle.messaging.remote.internal.inet.InetAddressFactory] Adding loopback multicast interface D-Link DWA-131 Wireless N Nano USB Adapter(rev.E)-WFP 802.3 MAC Layer LightWeight Filter-0000
00:38:53.932 [DEBUG] [org.gradle.messaging.remote.internal.inet.InetAddressFactory] Adding IP addresses for network interface Microsoft Hosted Network Virtual Adapter-WFP Native MAC Layer LightWeight Filter-0000
00:38:53.933 [DEBUG] [org.gradle.messaging.remote.internal.inet.InetAddressFactory] Is this a loopback interface? false
00:38:53.934 [DEBUG] [org.gradle.messaging.remote.internal.inet.InetAddressFactory] Is this a multicast interface? true
00:38:53.935 [DEBUG] [org.gradle.messaging.remote.internal.inet.InetAddressFactory] Adding loopback multicast interface Microsoft Hosted Network Virtual Adapter-WFP Native MAC Layer LightWeight Filter-0000
00:38:53.935 [DEBUG] [org.gradle.messaging.remote.internal.inet.InetAddressFactory] Adding IP addresses for network interface Microsoft Hosted Network Virtual Adapter-Native WiFi Filter Driver-0000
00:38:53.936 [DEBUG] [org.gradle.messaging.remote.internal.inet.InetAddressFactory] Is this a loopback interface? false
00:38:53.937 [DEBUG] [org.gradle.messaging.remote.internal.inet.InetAddressFactory] Is this a multicast interface? true
00:38:53.937 [DEBUG] [org.gradle.messaging.remote.internal.inet.InetAddressFactory] Adding loopback multicast interface Microsoft Hosted Network Virtual Adapter-Native WiFi Filter Driver-0000
00:38:53.937 [DEBUG] [org.gradle.messaging.remote.internal.inet.InetAddressFactory] Adding IP addresses for network interface Microsoft Wi-Fi Direct Virtual Adapter-WFP Native MAC Layer LightWeight Filter-0000
00:38:53.938 [DEBUG] [org.gradle.messaging.remote.internal.inet.InetAddressFactory] Is this a loopback interface? false
00:38:53.939 [DEBUG] [org.gradle.messaging.remote.internal.inet.InetAddressFactory] Is this a multicast interface? true
00:38:53.940 [DEBUG] [org.gradle.messaging.remote.internal.inet.InetAddressFactory] Adding loopback multicast interface Microsoft Wi-Fi Direct Virtual Adapter-WFP Native MAC Layer LightWeight Filter-0000
00:38:53.940 [DEBUG] [org.gradle.messaging.remote.internal.inet.InetAddressFactory] Adding IP addresses for network interface Microsoft Wi-Fi Direct Virtual Adapter-Native WiFi Filter Driver-0000
00:38:53.941 [DEBUG] [org.gradle.messaging.remote.internal.inet.InetAddressFactory] Is this a loopback interface? false
00:38:53.943 [DEBUG] [org.gradle.messaging.remote.internal.inet.InetAddressFactory] Is this a multicast interface? true
00:38:53.943 [DEBUG] [org.gradle.messaging.remote.internal.inet.InetAddressFactory] Adding loopback multicast interface Microsoft Wi-Fi Direct Virtual Adapter-Native WiFi Filter Driver-0000
00:38:53.943 [DEBUG] [org.gradle.messaging.remote.internal.inet.InetAddressFactory] Adding IP addresses for network interface Microsoft Wi-Fi Direct Virtual Adapter-QoS Packet Scheduler-0000
00:38:53.944 [DEBUG] [org.gradle.messaging.remote.internal.inet.InetAddressFactory] Is this a loopback interface? false
00:38:53.945 [DEBUG] [org.gradle.messaging.remote.internal.inet.InetAddressFactory] Is this a multicast interface? true
00:38:53.945 [DEBUG] [org.gradle.messaging.remote.internal.inet.InetAddressFactory] Adding loopback multicast interface Microsoft Wi-Fi Direct Virtual Adapter-QoS Packet Scheduler-0000
00:38:53.945 [DEBUG] [org.gradle.messaging.remote.internal.inet.InetAddressFactory] Adding IP addresses for network interface Microsoft Hosted Network Virtual Adapter-QoS Packet Scheduler-0000
00:38:53.946 [DEBUG] [org.gradle.messaging.remote.internal.inet.InetAddressFactory] Is this a loopback interface? false
00:38:53.947 [DEBUG] [org.gradle.messaging.remote.internal.inet.InetAddressFactory] Is this a multicast interface? true
00:38:53.948 [DEBUG] [org.gradle.messaging.remote.internal.inet.InetAddressFactory] Adding loopback multicast interface Microsoft Hosted Network Virtual Adapter-QoS Packet Scheduler-0000
00:38:53.948 [DEBUG] [org.gradle.messaging.remote.internal.inet.InetAddressFactory] Adding IP addresses for network interface Microsoft Wi-Fi Direct Virtual Adapter-WFP 802.3 MAC Layer LightWeight Filter-0000
00:38:53.949 [DEBUG] [org.gradle.messaging.remote.internal.inet.InetAddressFactory] Is this a loopback interface? false
00:38:53.950 [DEBUG] [org.gradle.messaging.remote.internal.inet.InetAddressFactory] Is this a multicast interface? true
00:38:53.950 [DEBUG] [org.gradle.messaging.remote.internal.inet.InetAddressFactory] Adding loopback multicast interface Microsoft Wi-Fi Direct Virtual Adapter-WFP 802.3 MAC Layer LightWeight Filter-0000
00:38:53.950 [DEBUG] [org.gradle.messaging.remote.internal.inet.InetAddressFactory] Adding IP addresses for network interface Microsoft Hosted Network Virtual Adapter-WFP 802.3 MAC Layer LightWeight Filter-0000
00:38:53.951 [DEBUG] [org.gradle.messaging.remote.internal.inet.InetAddressFactory] Is this a loopback interface? false
00:38:53.952 [DEBUG] [org.gradle.messaging.remote.internal.inet.InetAddressFactory] Is this a multicast interface? true
00:38:53.952 [DEBUG] [org.gradle.messaging.remote.internal.inet.InetAddressFactory] Adding loopback multicast interface Microsoft Hosted Network Virtual Adapter-WFP 802.3 MAC Layer LightWeight Filter-0000
00:38:54.029 [DEBUG] [org.gradle.messaging.remote.internal.inet.TcpIncomingConnector] Listening on [d8691dff-17b4-46f5-84cb-0a41efac246d port:54802, addresses:[/127.0.0.1, /0:0:0:0:0:0:0:1]].
00:38:54.032 [DEBUG] [org.gradle.launcher.daemon.server.Daemon] Daemon starting at: Mon Dec 26 00:38:54 IST 2016, with address: [d8691dff-17b4-46f5-84cb-0a41efac246d port:54802, addresses:[/127.0.0.1, /0:0:0:0:0:0:0:1]]
00:38:54.033 [INFO] [org.gradle.launcher.daemon.server.DomainRegistryUpdater] Advertising the daemon address to the clients: [d8691dff-17b4-46f5-84cb-0a41efac246d port:54802, addresses:[/127.0.0.1, /0:0:0:0:0:0:0:1]]
00:38:54.034 [DEBUG] [org.gradle.launcher.daemon.server.DomainRegistryUpdater] Advertised daemon context: DefaultDaemonContext[uid=3dadab9c-8a14-4dfa-8a28-3d66ccfa9a3e,javaHome=C:\Program Files\Java\jdk1.8.0_45,daemonRegistryDir=H:\red arrow\app\RedArrow\gradle\daemon,pid=6344,idleTimeout=10800000,daemonOpts=-XX:MaxPermSize=256m,-XX:+HeapDumpOnOutOfMemoryError,-Xmx1024m,-Dfile.encoding=windows-1252,-Duser.country=IN,-Duser.language=en,-Duser.variant]
00:38:54.035 [DEBUG] [org.gradle.launcher.daemon.registry.PersistentDaemonRegistry] Storing daemon address: [d8691dff-17b4-46f5-84cb-0a41efac246d port:54802, addresses:[/127.0.0.1, /0:0:0:0:0:0:0:1]], context: DefaultDaemonContext[uid=3dadab9c-8a14-4dfa-8a28-3d66ccfa9a3e,javaHome=C:\Program Files\Java\jdk1.8.0_45,daemonRegistryDir=H:\red arrow\app\RedArrow\gradle\daemon,pid=6344,idleTimeout=10800000,daemonOpts=-XX:MaxPermSize=256m,-XX:+HeapDumpOnOutOfMemoryError,-Xmx1024m,-Dfile.encoding=windows-1252,-Duser.country=IN,-Duser.language=en,-Duser.variant]
00:38:54.045 [DEBUG] [org.gradle.cache.internal.DefaultFileLockManager] Waiting to acquire exclusive lock on daemon addresses registry.
00:38:54.046 [DEBUG] [org.gradle.cache.internal.DefaultFileLockManager] Lock acquired.
00:38:54.049 [DEBUG] [org.gradle.cache.internal.DefaultFileLockManager] Releasing lock on daemon addresses registry.
00:38:54.054 [DEBUG] [org.gradle.cache.internal.DefaultFileLockManager] Waiting to acquire exclusive lock on daemon addresses registry.
00:38:54.055 [DEBUG] [org.gradle.cache.internal.DefaultFileLockManager] Lock acquired.
00:38:54.102 [DEBUG] [org.gradle.cache.internal.DefaultFileLockManager] Releasing lock on daemon addresses registry.
00:38:54.107 [LIFECYCLE] [org.gradle.launcher.daemon.server.Daemon] Daemon server started.
00:38:54.109 [DEBUG] [org.gradle.launcher.daemon.bootstrap.DaemonStartupCommunication] Completed writing the daemon greeting. Closing streams...
00:38:54.110 [DEBUG] [org.gradle.launcher.daemon.server.Daemon] requestStopOnIdleTimeout(10800000 MILLISECONDS) called on daemon
00:38:54.110 [DEBUG] [org.gradle.launcher.daemon.server.DaemonStateCoordinator] Idle timeout: waiting for daemon to stop or be idle for 10800000ms
00:38:54.111 [DEBUG] [org.gradle.launcher.daemon.server.DaemonStateCoordinator] Daemon is idle, sleeping until state change or idle timeout at Mon Dec 26 03:38:53 IST 2016
00:38:54.146 [DEBUG] [org.gradle.messaging.remote.internal.inet.TcpIncomingConnector] Accepted connection from /127.0.0.1:54803 to /127.0.0.1:54802.
00:38:54.278 [DEBUG] [org.gradle.launcher.daemon.server.SynchronizedDispatchConnection] thread 15: received class org.gradle.launcher.daemon.protocol.Build
00:38:54.279 [DEBUG] [org.gradle.launcher.daemon.server.DefaultDaemonConnection] Received non-IO message from client: Build{id=3202998c-63ef-4ff7-9ac2-71bbad3b6fe1.1, currentDir=H:\red arrow\app\RedArrow}
00:38:54.279 [INFO] [org.gradle.launcher.daemon.server.DefaultIncomingConnectionHandler] Received command: Build{id=3202998c-63ef-4ff7-9ac2-71bbad3b6fe1.1, currentDir=H:\red arrow\app\RedArrow}.
00:38:54.280 [DEBUG] [org.gradle.launcher.daemon.server.DefaultIncomingConnectionHandler] Starting executing command: Build{id=3202998c-63ef-4ff7-9ac2-71bbad3b6fe1.1, currentDir=H:\red arrow\app\RedArrow} with connection: socket connection from /127.0.0.1:54802 to /127.0.0.1:54803.
00:38:54.289 [DEBUG] [org.gradle.launcher.daemon.server.DaemonStateCoordinator] Command execution: started DaemonCommandExecution[command = Build{id=3202998c-63ef-4ff7-9ac2-71bbad3b6fe1.1, currentDir=H:\red arrow\app\RedArrow}, connection = org.gradle.launcher.daemon.server.DefaultDaemonConnection@768e6510] after 0.0 minutes of idle
00:38:54.289 [INFO] [org.gradle.launcher.daemon.server.DomainRegistryUpdater] Marking the daemon as busy, address: [d8691dff-17b4-46f5-84cb-0a41efac246d port:54802, addresses:[/127.0.0.1, /0:0:0:0:0:0:0:1]]
00:38:54.290 [DEBUG] [org.gradle.launcher.daemon.registry.PersistentDaemonRegistry] Marking busy by address: [d8691dff-17b4-46f5-84cb-0a41efac246d port:54802, addresses:[/127.0.0.1, /0:0:0:0:0:0:0:1]]
00:38:54.290 [DEBUG] [org.gradle.cache.internal.DefaultFileLockManager] Waiting to acquire exclusive lock on daemon addresses registry.
00:38:54.291 [DEBUG] [org.gradle.cache.internal.DefaultFileLockManager] Lock acquired.
00:38:54.295 [DEBUG] [org.gradle.cache.internal.DefaultFileLockManager] Releasing lock on daemon addresses registry.
00:38:54.298 [DEBUG] [org.gradle.launcher.daemon.server.DaemonStateCoordinator] updating lastActivityAt to 1482692934298
00:38:54.298 [DEBUG] [org.gradle.launcher.daemon.server.DaemonStateCoordinator] Daemon is busy, sleeping until state changes.
00:38:54.299 [INFO] [org.gradle.launcher.daemon.server.exec.StartBuildOrRespondWithBusy] Daemon is about to start building Build{id=3202998c-63ef-4ff7-9ac2-71bbad3b6fe1.1, currentDir=H:\red arrow\app\RedArrow}. Dispatching build started information...
00:38:54.300 [DEBUG] [org.gradle.launcher.daemon.server.SynchronizedDispatchConnection] thread 17: dispatching class org.gradle.launcher.daemon.protocol.BuildStarted
00:38:54.303 [DEBUG] [org.gradle.launcher.daemon.server.exec.EstablishBuildEnvironment] Configuring env variables: {USERDOMAIN_ROAMINGPROFILE=my-pc, LOCALAPPDATA=C:\Users\jit\AppData\Local, PROCESSOR_LEVEL=6, FP_NO_HOST_CHECK=NO, USERDOMAIN=my-pc, LOGONSERVER=\\MY-PC, SESSIONNAME=Console, ALLUSERSPROFILE=C:\ProgramData, PROCESSOR_ARCHITECTURE=AMD64, PSModulePath=C:\Windows\system32\WindowsPowerShell\v1.0\Modules\, SystemDrive=C:, APPDATA=C:\Users\jit\AppData\Roaming, USERNAME=jit, ProgramFiles(x86)=C:\Program Files (x86), CommonProgramFiles=C:\Program Files\Common Files, Path=C:\ProgramData\Oracle\Java\javapath;C:\Program Files (x86)\NVIDIA Corporation\PhysX\Common;C:\Windows\system32;C:\Windows;C:\Windows\System32\Wbem;C:\Windows\System32\WindowsPowerShell\v1.0\;C:\Program Files (x86)\Windows Live\Shared;C:\Program Files\nodejs\;C:\Users\jit\Anaconda2;C:\Users\jit\Anaconda2\Scripts;C:\Users\jit\Anaconda2\Library\bin;C:\Users\jit\AppData\Roaming\npm;C:\Program Files\Java\jdk1.8.0_45\bin;, PATHEXT=.COM;.EXE;.BAT;.CMD;.VBS;.VBE;.JS;.JSE;.WSF;.WSH;.MSC, OS=Windows_NT, COMPUTERNAME=MY-PC, PROCESSOR_REVISION=3a09, CommonProgramW6432=C:\Program Files\Common Files, ComSpec=C:\Windows\system32\cmd.exe, ProgramData=C:\ProgramData, ProgramW6432=C:\Program Files, HOMEPATH=\Users\jit, SystemRoot=C:\Windows, TEMP=C:\Users\jit\AppData\Local\Temp, HOMEDRIVE=C:, PROCESSOR_IDENTIFIER=Intel64 Family 6 Model 58 Stepping 9, GenuineIntel, USERPROFILE=C:\Users\jit, TMP=C:\Users\jit\AppData\Local\Temp, CommonProgramFiles(x86)=C:\Program Files (x86)\Common Files, ProgramFiles=C:\Program Files, PUBLIC=C:\Users\Public, NUMBER_OF_PROCESSORS=4, windir=C:\Windows, =::=::\}
00:38:54.312 [DEBUG] [org.gradle.launcher.daemon.server.SynchronizedDispatchConnection] thread 15: received class org.gradle.launcher.daemon.protocol.CloseInput
00:38:54.312 [DEBUG] [org.gradle.launcher.daemon.server.DefaultDaemonConnection] Received IO message from client: org.gradle.launcher.daemon.protocol.CloseInput@7636f4ad
00:38:54.318 [DEBUG] [org.gradle.launcher.daemon.server.exec.LogToClient] About to start relaying all logs to the client via the connection.
00:38:54.319 [INFO] [org.gradle.launcher.daemon.server.exec.LogToClient] The client will now receive all logging from the daemon (pid: 6344). The daemon log file: H:\red arrow\app\RedArrow\gradle\daemon\2.10\daemon-6344.out.log
00:38:54.326 [INFO] [org.gradle.launcher.daemon.server.health.DaemonHealthTracker] Starting build in new daemon [memory: 954.7 MB]
00:38:54.327 [INFO] [org.gradle.launcher.daemon.server.exec.ForwardClientInput] Closing daemon's stdin at end of input.
00:38:54.327 [INFO] [org.gradle.launcher.daemon.server.exec.ForwardClientInput] The daemon will no longer process any standard input.
00:38:54.329 [DEBUG] [org.gradle.launcher.daemon.server.exec.ExecuteBuild] The daemon has started executing the build.
00:38:54.329 [INFO] [org.gradle.launcher.daemon.server.exec.ExecuteBuild] Executing build with daemon context: DefaultDaemonContext[uid=3dadab9c-8a14-4dfa-8a28-3d66ccfa9a3e,javaHome=C:\Program Files\Java\jdk1.8.0_45,daemonRegistryDir=H:\red arrow\app\RedArrow\gradle\daemon,pid=6344,idleTimeout=10800000,daemonOpts=-XX:MaxPermSize=256m,-XX:+HeapDumpOnOutOfMemoryError,-Xmx1024m,-Dfile.encoding=windows-1252,-Duser.country=IN,-Duser.language=en,-Duser.variant]
00:38:54.701 [DEBUG] [org.gradle.internal.nativeintegration.services.NativeServices] Native-platform posix files is not available.  Continuing with fallback.
00:38:54.908 [INFO] [org.gradle.tooling.internal.provider.DefaultPayloadClassLoaderRegistry] Creating ClassLoader 548f18a6-c941-49a9-b335-914baa209a75 from [Spec classpath:[file:/C:/Program%20Files/Android/Android%20Studio/plugins/gradle/lib/gradle-tooling-api-2.2.jar, file:/C:/Program%20Files/Android/Android%20Studio/plugins/gradle/lib/guava-jdk5-17.0.jar, file:/C:/Program%20Files/Android/Android%20Studio/plugins/gradle/lib/gradle-base-services-2.2.jar, file:/C:/Program%20Files/Android/Android%20Studio/plugins/gradle/lib/gradle-tooling-extension-api.jar, file:/C:/Program%20Files/Android/Android%20Studio/lib/openapi.jar, file:/C:/Program%20Files/Android/Android%20Studio/plugins/google-cloud-tools-core/lib/gradle-appengine-builder-model-0.1.0.jar, file:/C:/Program%20Files/Android/Android%20Studio/plugins/android/lib/builder-model-1.5.0-beta2.jar]] and [org.gradle.internal.classloader.FilteringClassLoader@231caed2].
00:38:54.912 [DEBUG] [org.gradle.cache.internal.DefaultFileLockManager] Waiting to acquire exclusive lock on jars (H:\red arrow\app\RedArrow\gradle\caches\jars-1).
00:38:54.913 [DEBUG] [org.gradle.cache.internal.DefaultFileLockManager] Lock acquired.
00:38:54.925 [DEBUG] [org.gradle.cache.internal.locklistener.DefaultFileLockContentionHandler] Starting file lock listener thread.
Download https://jcenter.bintray.com/com/android/tools/build/gradle/2.0.0/gradle-2.0.0.pom
Download https://jcenter.bintray.com/com/android/tools/build/gradle-core/2.0.0/gradle-core-2.0.0.pom
Download https://jcenter.bintray.com/com/android/tools/build/builder/2.0.0/builder-2.0.0.pom
Download https://jcenter.bintray.com/com/android/tools/lint/lint/25.0.0/lint-25.0.0.pom
Download https://jcenter.bintray.com/com/android/tools/build/gradle-api/2.0.0/gradle-api-2.0.0.pom
Download https://jcenter.bintray.com/com/android/databinding/compilerCommon/2.0.0/compilerCommon-2.0.0.pom
Download https://jcenter.bintray.com/com/android/tools/build/builder-model/2.0.0/builder-model-2.0.0.pom
Download https://jcenter.bintray.com/com/android/tools/build/builder-test-api/2.0.0/builder-test-api-2.0.0.pom
Download https://jcenter.bintray.com/com/android/tools/sdklib/25.0.0/sdklib-25.0.0.pom
Download https://jcenter.bintray.com/com/android/tools/sdk-common/25.0.0/sdk-common-25.0.0.pom
Download https://jcenter.bintray.com/com/android/tools/common/25.0.0/common-25.0.0.pom
Download https://jcenter.bintray.com/com/android/tools/build/manifest-merger/25.0.0/manifest-merger-25.0.0.pom
Download https://jcenter.bintray.com/com/android/tools/ddms/ddmlib/25.0.0/ddmlib-25.0.0.pom
Download https://jcenter.bintray.com/com/android/tools/lint/lint-checks/25.0.0/lint-checks-25.0.0.pom
Download https://jcenter.bintray.com/com/android/tools/annotations/25.0.0/annotations-25.0.0.pom
Download https://jcenter.bintray.com/com/android/databinding/baseLibrary/2.0.0/baseLibrary-2.0.0.pom
Download https://jcenter.bintray.com/com/android/tools/layoutlib/layoutlib-api/25.0.0/layoutlib-api-25.0.0.pom
Download https://jcenter.bintray.com/com/android/tools/dvlib/25.0.0/dvlib-25.0.0.pom
Download https://jcenter.bintray.com/com/android/tools/repository/25.0.0/repository-25.0.0.pom
Download https://jcenter.bintray.com/com/android/tools/lint/lint-api/25.0.0/lint-api-25.0.0.pom
Download https://jcenter.bintray.com/com/android/tools/build/gradle/2.0.0/gradle-2.0.0.jar
Download https://jcenter.bintray.com/com/android/tools/build/gradle-core/2.0.0/gradle-core-2.0.0.jar
Download https://jcenter.bintray.com/com/android/tools/build/builder/2.0.0/builder-2.0.0.jar
Download https://jcenter.bintray.com/com/android/tools/lint/lint/25.0.0/lint-25.0.0.jar
Download https://jcenter.bintray.com/com/android/tools/build/gradle-api/2.0.0/gradle-api-2.0.0.jar
Download https://jcenter.bintray.com/com/android/databinding/compilerCommon/2.0.0/compilerCommon-2.0.0.jar
Download https://jcenter.bintray.com/com/android/tools/build/builder-model/2.0.0/builder-model-2.0.0.jar
Download https://jcenter.bintray.com/com/android/tools/build/builder-test-api/2.0.0/builder-test-api-2.0.0.jar
Download https://jcenter.bintray.com/com/android/tools/sdklib/25.0.0/sdklib-25.0.0.jar
Download https://jcenter.bintray.com/com/android/tools/sdk-common/25.0.0/sdk-common-25.0.0.jar
Download https://jcenter.bintray.com/com/android/tools/common/25.0.0/common-25.0.0.jar
Download https://jcenter.bintray.com/com/android/tools/build/manifest-merger/25.0.0/manifest-merger-25.0.0.jar
Download https://jcenter.bintray.com/com/android/tools/ddms/ddmlib/25.0.0/ddmlib-25.0.0.jar
Download https://jcenter.bintray.com/com/android/tools/lint/lint-checks/25.0.0/lint-checks-25.0.0.jar
Download https://jcenter.bintray.com/com/android/tools/annotations/25.0.0/annotations-25.0.0.jar
Download https://jcenter.bintray.com/com/android/databinding/baseLibrary/2.0.0/baseLibrary-2.0.0.jar
Download https://jcenter.bintray.com/com/android/tools/layoutlib/layoutlib-api/25.0.0/layoutlib-api-25.0.0.jar
Download https://jcenter.bintray.com/com/android/tools/dvlib/25.0.0/dvlib-25.0.0.jar
Download https://jcenter.bintray.com/com/android/tools/repository/25.0.0/repository-25.0.0.jar
Download https://jcenter.bintray.com/com/android/tools/lint/lint-api/25.0.0/lint-api-25.0.0.jar
Incremental java compilation is an incubating feature.

BUILD SUCCESSFUL

Total time: 1 mins 20.206 secs
Download https://jcenter.bintray.com/com/android/tools/build/gradle/2.0.0/gradle-2.0.0-sources.jar
Download https://jcenter.bintray.com/com/android/tools/build/builder/2.0.0/builder-2.0.0-sources.jar
Download https://jcenter.bintray.com/com/android/tools/lint/lint/25.0.0/lint-25.0.0-sources.jar
Download https://jcenter.bintray.com/com/android/tools/build/gradle-api/2.0.0/gradle-api-2.0.0-sources.jar
Download https://jcenter.bintray.com/com/android/databinding/compilerCommon/2.0.0/compilerCommon-2.0.0-sources.jar
Download https://jcenter.bintray.com/com/android/tools/build/builder-model/2.0.0/builder-model-2.0.0-sources.jar
Download https://jcenter.bintray.com/com/android/tools/build/builder-test-api/2.0.0/builder-test-api-2.0.0-sources.jar
Download https://jcenter.bintray.com/com/android/tools/sdklib/25.0.0/sdklib-25.0.0-sources.jar
Download https://jcenter.bintray.com/com/android/tools/sdk-common/25.0.0/sdk-common-25.0.0-sources.jar
Download https://jcenter.bintray.com/com/android/tools/common/25.0.0/common-25.0.0-sources.jar
Download https://jcenter.bintray.com/com/android/tools/build/manifest-merger/25.0.0/manifest-merger-25.0.0-sources.jar
Download https://jcenter.bintray.com/com/android/tools/ddms/ddmlib/25.0.0/ddmlib-25.0.0-sources.jar
Download https://jcenter.bintray.com/com/android/tools/lint/lint-checks/25.0.0/lint-checks-25.0.0-sources.jar
Download https://jcenter.bintray.com/com/android/tools/annotations/25.0.0/annotations-25.0.0-sources.jar
Download https://jcenter.bintray.com/com/android/databinding/baseLibrary/2.0.0/baseLibrary-2.0.0-sources.jar
Download https://jcenter.bintray.com/com/android/tools/layoutlib/layoutlib-api/25.0.0/layoutlib-api-25.0.0-sources.jar
Download https://jcenter.bintray.com/com/android/tools/dvlib/25.0.0/dvlib-25.0.0-sources.jar
Download https://jcenter.bintray.com/com/android/tools/repository/25.0.0/repository-25.0.0-sources.jar
Download https://jcenter.bintray.com/com/android/tools/lint/lint-api/25.0.0/lint-api-25.0.0-sources.jar
00:40:58.975 [DEBUG] [org.gradle.cache.internal.DefaultFileLockManager] Releasing lock on cp_init class cache for initialization script 'C:\Users\jit\AppData\Local\Temp\asLocalRepo330.gradle' (H:\red arrow\app\RedArrow\gradle\caches\2.10\scripts\asLocalRepo330_37opz5fc2af56hpq86nlknhxy\cp_init).
00:40:58.976 [DEBUG] [org.gradle.cache.internal.DefaultFileLockManager] Releasing lock on init class cache for initialization script 'C:\Users\jit\AppData\Local\Temp\asLocalRepo330.gradle' (H:\red arrow\app\RedArrow\gradle\caches\2.10\scripts\asLocalRepo330_37opz5fc2af56hpq86nlknhxy\init).
00:40:58.976 [DEBUG] [org.gradle.cache.internal.DefaultFileLockManager] Releasing lock on cp_init class cache for initialization script 'C:\Users\jit\AppData\Local\Temp\ijinit80.gradle' (H:\red arrow\app\RedArrow\gradle\caches\2.10\scripts\ijinit80_7t60tu3hl03y7s2oktac4tisp\cp_init).
00:40:58.976 [DEBUG] [org.gradle.cache.internal.DefaultFileLockManager] Releasing lock on init class cache for initialization script 'C:\Users\jit\AppData\Local\Temp\ijinit80.gradle' (H:\red arrow\app\RedArrow\gradle\caches\2.10\scripts\ijinit80_7t60tu3hl03y7s2oktac4tisp\init).
00:40:58.977 [DEBUG] [org.gradle.cache.internal.DefaultFileLockManager] Releasing lock on cp_settings class cache for settings file 'H:\red arrow\app\RedArrow\settings.gradle' (H:\red arrow\app\RedArrow\gradle\caches\2.10\scripts\settings_davvb4xkg6bcji94khj3ixd9r\cp_settings).
00:40:58.977 [DEBUG] [org.gradle.cache.internal.DefaultFileLockManager] Releasing lock on settings class cache for settings file 'H:\red arrow\app\RedArrow\settings.gradle' (H:\red arrow\app\RedArrow\gradle\caches\2.10\scripts\settings_davvb4xkg6bcji94khj3ixd9r\settings).
00:40:58.977 [DEBUG] [org.gradle.cache.internal.DefaultFileLockManager] Releasing lock on cp_proj class cache for build file 'H:\red arrow\app\RedArrow\build.gradle' (H:\red arrow\app\RedArrow\gradle\caches\2.10\scripts\build_cej92dhjga2omm7425a6ojgi5\cp_proj).
00:40:58.978 [DEBUG] [org.gradle.cache.internal.DefaultFileLockManager] Releasing lock on proj class cache for build file 'H:\red arrow\app\RedArrow\build.gradle' (H:\red arrow\app\RedArrow\gradle\caches\2.10\scripts\build_cej92dhjga2omm7425a6ojgi5\proj).
00:40:58.978 [DEBUG] [org.gradle.cache.internal.DefaultFileLockManager] Releasing lock on cp_proj class cache for build file 'H:\red arrow\app\RedArrow\app\build.gradle' (H:\red arrow\app\RedArrow\gradle\caches\2.10\scripts\build_bq4gay2mn1w7tgk9pt3fvsgo3\cp_proj).
00:40:58.978 [DEBUG] [org.gradle.cache.internal.DefaultFileLockManager] Releasing lock on proj class cache for build file 'H:\red arrow\app\RedArrow\app\build.gradle' (H:\red arrow\app\RedArrow\gradle\caches\2.10\scripts\build_bq4gay2mn1w7tgk9pt3fvsgo3\proj).
00:40:58.978 [DEBUG] [org.gradle.cache.internal.DefaultFileLockManager] Releasing lock on jars (H:\red arrow\app\RedArrow\gradle\caches\jars-1).
00:40:58.985 [DEBUG] [org.gradle.cache.internal.btree.BTreePersistentIndexedCache] Closing cache artifact-at-repository.bin (H:\red arrow\app\RedArrow\gradle\caches\modules-2\metadata-2.16\artifact-at-repository.bin)
00:40:58.991 [DEBUG] [org.gradle.cache.internal.btree.BTreePersistentIndexedCache] Closing cache module-metadata.bin (H:\red arrow\app\RedArrow\gradle\caches\modules-2\metadata-2.16\module-metadata.bin)
00:40:58.996 [DEBUG] [org.gradle.cache.internal.btree.BTreePersistentIndexedCache] Closing cache artifact-at-url.bin (H:\red arrow\app\RedArrow\gradle\caches\modules-2\metadata-2.16\artifact-at-url.bin)
00:40:59.021 [DEBUG] [org.gradle.cache.internal.btree.BTreePersistentIndexedCache] Closing cache module-artifacts.bin (H:\red arrow\app\RedArrow\gradle\caches\modules-2\metadata-2.16\module-artifacts.bin)
00:40:59.027 [DEBUG] [org.gradle.cache.internal.btree.BTreePersistentIndexedCache] Closing cache module-versions.bin (H:\red arrow\app\RedArrow\gradle\caches\modules-2\metadata-2.16\module-versions.bin)
00:40:59.027 [DEBUG] [org.gradle.cache.internal.DefaultFileLockManager] Releasing lock on artifact cache (H:\red arrow\app\RedArrow\gradle\caches\modules-2).
00:40:59.036 [DEBUG] [org.gradle.api.internal.artifacts.ivyservice.resolveengine.store.CachedStoreFactory] Resolution result cache closed. Cache reads: 0, disk reads: 0 (avg: 0.0 secs, total: 0.0 secs)
00:40:59.042 [DEBUG] [org.gradle.api.internal.artifacts.ivyservice.resolveengine.store.CachedStoreFactory] Resolution result cache closed. Cache reads: 9, disk reads: 16 (avg: 0.002 secs, total: 0.032 secs)
00:40:59.044 [DEBUG] [org.gradle.api.internal.artifacts.ivyservice.resolveengine.store.ResolutionResultsStoreFactory] Deleted 2 resolution results binary files in 0.011 secs
00:40:59.044 [DEBUG] [org.gradle.api.internal.artifacts.ivyservice.ivyresolve.memcache.InMemoryCachedRepositoryFactory] In-memory dependency metadata cache closed. Repos cached: 51, cache instances: 4, modules served from cache: 1092, artifacts: 346
00:40:59.044 [DEBUG] [org.gradle.cache.internal.DefaultCacheAccess] Cache Plugin Resolution Cache (H:\red arrow\app\RedArrow\gradle\caches\2.10\plugin-resolution) was closed 0 times.
00:40:59.045 [DEBUG] [org.gradle.api.internal.tasks.compile.daemon.CompilerDaemonManager] Stopping 0 compiler daemon(s).
00:40:59.046 [INFO] [org.gradle.api.internal.tasks.compile.daemon.CompilerDaemonManager] Stopped 0 compiler daemon(s).
00:40:59.047 [DEBUG] [org.gradle.launcher.daemon.server.exec.ExecuteBuild] The daemon has finished executing the build.
00:40:59.357 [DEBUG] [org.apache.http.impl.conn.PoolingClientConnectionManager] Connection manager is shutting down
00:40:59.358 [DEBUG] [org.gradle.launcher.daemon.server.DaemonStateCoordinator] Daemon is busy, sleeping until state changes.
00:40:59.359 [DEBUG] [org.gradle.launcher.daemon.server.DaemonStateCoordinator] Command execution: finished waiting for DaemonCommandExecution[command = Build{id=3202998c-63ef-4ff7-9ac2-71bbad3b6fe1.1, currentDir=H:\red arrow\app\RedArrow}, connection = org.gradle.launcher.daemon.server.DefaultDaemonConnection@768e6510]. Result org.gradle.launcher.daemon.server.DaemonStateCoordinator@27395426 with state Running
00:40:59.359 [DEBUG] [org.apache.http.impl.conn.DefaultClientConnection] Connection 0.0.0.0:54960<->104.120.57.72:443 closed
00:40:59.359 [DEBUG] [org.gradle.launcher.daemon.server.DaemonStateCoordinator] Command execution: completed DaemonCommandExecution[command = Build{id=3202998c-63ef-4ff7-9ac2-71bbad3b6fe1.1, currentDir=H:\red arrow\app\RedArrow}, connection = org.gradle.launcher.daemon.server.DefaultDaemonConnection@768e6510]
00:40:59.360 [DEBUG] [org.gradle.launcher.daemon.server.DaemonStateCoordinator] updating lastActivityAt to 1482693059360
00:40:59.360 [INFO] [org.gradle.launcher.daemon.server.DomainRegistryUpdater] Marking the daemon as idle, address: [d8691dff-17b4-46f5-84cb-0a41efac246d port:54802, addresses:[/127.0.0.1, /0:0:0:0:0:0:0:1]]
00:40:59.360 [DEBUG] [org.apache.http.impl.conn.DefaultClientConnection] Connection 0.0.0.0:54932<->75.126.118.188:443 closed
00:40:59.360 [DEBUG] [org.gradle.launcher.daemon.registry.PersistentDaemonRegistry] Marking idle by address: [d8691dff-17b4-46f5-84cb-0a41efac246d port:54802, addresses:[/127.0.0.1, /0:0:0:0:0:0:0:1]]
00:40:59.361 [DEBUG] [org.apache.http.impl.conn.DefaultClientConnection] Connection 0.0.0.0:54932<->75.126.118.188:443 closed
00:40:59.361 [DEBUG] [org.apache.http.impl.conn.DefaultClientConnection] Connection 0.0.0.0:54960<->104.120.57.72:443 closed
00:40:59.361 [DEBUG] [org.apache.http.impl.conn.PoolingClientConnectionManager] Connection manager shut down
00:40:59.365 [DEBUG] [org.apache.http.impl.conn.PoolingClientConnectionManager] Connection manager is shutting down
00:40:59.365 [DEBUG] [org.apache.http.impl.conn.DefaultClientConnection] Connection 0.0.0.0:54855<->104.120.57.72:443 closed
00:40:59.366 [DEBUG] [org.apache.http.impl.conn.DefaultClientConnection] Connection 0.0.0.0:54819<->35.163.95.201:443 closed
00:40:59.366 [DEBUG] [org.apache.http.impl.conn.DefaultClientConnection] Connection 0.0.0.0:54819<->35.163.95.201:443 closed
00:40:59.366 [DEBUG] [org.apache.http.impl.conn.DefaultClientConnection] Connection 0.0.0.0:54855<->104.120.57.72:443 closed
00:40:59.366 [DEBUG] [org.apache.http.impl.conn.PoolingClientConnectionManager] Connection manager shut down
00:40:59.367 [DEBUG] [org.gradle.cache.internal.DefaultFileLockManager] Waiting to acquire exclusive lock on daemon addresses registry.
00:40:59.368 [DEBUG] [org.gradle.cache.internal.DefaultFileLockManager] Lock acquired.
00:40:59.376 [DEBUG] [org.gradle.cache.internal.DefaultFileLockManager] Releasing lock on daemon addresses registry.
00:40:59.385 [DEBUG] [org.gradle.launcher.daemon.server.exec.ReturnResult] Daemon is dispatching the build result: Success[value=org.gradle.tooling.internal.provider.BuildActionResult@7330cb61]
00:40:59.386 [DEBUG] [org.gradle.launcher.daemon.server.DaemonStateCoordinator] Daemon is idle, sleeping until state change or idle timeout at Mon Dec 26 03:40:59 IST 2016
00:40:59.386 [DEBUG] [org.gradle.launcher.daemon.server.SynchronizedDispatchConnection] thread 14: dispatching class org.gradle.launcher.daemon.protocol.Success
00:40:59.415 [DEBUG] [org.gradle.launcher.daemon.server.DefaultIncomingConnectionHandler] Finishing executing command: Build{id=3202998c-63ef-4ff7-9ac2-71bbad3b6fe1.1, currentDir=H:\red arrow\app\RedArrow}
00:40:59.421 [DEBUG] [org.gradle.launcher.daemon.server.SynchronizedDispatchConnection] thread 15: received class org.gradle.launcher.daemon.protocol.Finished
00:40:59.423 [DEBUG] [org.gradle.launcher.daemon.server.DefaultDaemonConnection] Received non-IO message from client: org.gradle.launcher.daemon.protocol.Finished@dff28bd
00:40:59.427 [DEBUG] [org.gradle.launcher.daemon.server.DefaultIncomingConnectionHandler] Received finished message: org.gradle.launcher.daemon.protocol.Finished@dff28bd
00:40:59.434 [DEBUG] [org.gradle.launcher.daemon.server.SynchronizedDispatchConnection] thread 14: stopping connection
00:40:59.435 [DEBUG] [org.gradle.messaging.remote.internal.inet.SocketConnection] Discarding EOFException: java.io.EOFException
00:40:59.436 [DEBUG] [org.gradle.launcher.daemon.server.SynchronizedDispatchConnection] thread 15: received null
00:40:59.436 [DEBUG] [org.gradle.launcher.daemon.server.DefaultDaemonConnection] Received end-of-input from client.
00:40:59.437 [DEBUG] [org.gradle.launcher.daemon.server.SynchronizedDispatchConnection] thread 14: stopping connection
00:41:23.440 [DEBUG] [org.gradle.messaging.remote.internal.inet.TcpIncomingConnector] Accepted connection from /127.0.0.1:55043 to /127.0.0.1:54802.
00:41:23.465 [DEBUG] [org.gradle.launcher.daemon.server.SynchronizedDispatchConnection] thread 20: received class org.gradle.launcher.daemon.protocol.Build
00:41:23.466 [DEBUG] [org.gradle.launcher.daemon.server.DefaultDaemonConnection] Received non-IO message from client: Build{id=cb1b8fac-e972-40ab-a23b-58cf5ed51c02.1, currentDir=H:\red arrow\app\RedArrow}
00:41:23.466 [INFO] [org.gradle.launcher.daemon.server.DefaultIncomingConnectionHandler] Received command: Build{id=cb1b8fac-e972-40ab-a23b-58cf5ed51c02.1, currentDir=H:\red arrow\app\RedArrow}.
00:41:23.466 [DEBUG] [org.gradle.launcher.daemon.server.DefaultIncomingConnectionHandler] Starting executing command: Build{id=cb1b8fac-e972-40ab-a23b-58cf5ed51c02.1, currentDir=H:\red arrow\app\RedArrow} with connection: socket connection from /127.0.0.1:54802 to /127.0.0.1:55043.
00:41:23.467 [DEBUG] [org.gradle.launcher.daemon.server.DaemonStateCoordinator] Command execution: started DaemonCommandExecution[command = Build{id=cb1b8fac-e972-40ab-a23b-58cf5ed51c02.1, currentDir=H:\red arrow\app\RedArrow}, connection = org.gradle.launcher.daemon.server.DefaultDaemonConnection@3518691c] after 0.0 minutes of idle
00:41:23.467 [INFO] [org.gradle.launcher.daemon.server.DomainRegistryUpdater] Marking the daemon as busy, address: [d8691dff-17b4-46f5-84cb-0a41efac246d port:54802, addresses:[/127.0.0.1, /0:0:0:0:0:0:0:1]]
00:41:23.470 [DEBUG] [org.gradle.launcher.daemon.registry.PersistentDaemonRegistry] Marking busy by address: [d8691dff-17b4-46f5-84cb-0a41efac246d port:54802, addresses:[/127.0.0.1, /0:0:0:0:0:0:0:1]]
00:41:23.470 [DEBUG] [org.gradle.cache.internal.DefaultFileLockManager] Waiting to acquire exclusive lock on daemon addresses registry.
00:41:23.471 [DEBUG] [org.gradle.cache.internal.DefaultFileLockManager] Lock acquired.
00:41:23.477 [DEBUG] [org.gradle.cache.internal.DefaultFileLockManager] Releasing lock on daemon addresses registry.
00:41:23.481 [DEBUG] [org.gradle.launcher.daemon.server.DaemonStateCoordinator] updating lastActivityAt to 1482693083481
00:41:23.481 [DEBUG] [org.gradle.launcher.daemon.server.DaemonStateCoordinator] Daemon is busy, sleeping until state changes.
00:41:23.481 [INFO] [org.gradle.launcher.daemon.server.exec.StartBuildOrRespondWithBusy] Daemon is about to start building Build{id=cb1b8fac-e972-40ab-a23b-58cf5ed51c02.1, currentDir=H:\red arrow\app\RedArrow}. Dispatching build started information...
00:41:23.482 [DEBUG] [org.gradle.launcher.daemon.server.SynchronizedDispatchConnection] thread 17: dispatching class org.gradle.launcher.daemon.protocol.BuildStarted
00:41:23.483 [DEBUG] [org.gradle.launcher.daemon.server.exec.EstablishBuildEnvironment] Configuring env variables: {USERDOMAIN_ROAMINGPROFILE=my-pc, LOCALAPPDATA=C:\Users\jit\AppData\Local, PROCESSOR_LEVEL=6, FP_NO_HOST_CHECK=NO, USERDOMAIN=my-pc, LOGONSERVER=\\MY-PC, SESSIONNAME=Console, ALLUSERSPROFILE=C:\ProgramData, PROCESSOR_ARCHITECTURE=AMD64, PSModulePath=C:\Windows\system32\WindowsPowerShell\v1.0\Modules\, SystemDrive=C:, APPDATA=C:\Users\jit\AppData\Roaming, USERNAME=jit, ProgramFiles(x86)=C:\Program Files (x86), CommonProgramFiles=C:\Program Files\Common Files, Path=C:\ProgramData\Oracle\Java\javapath;C:\Program Files (x86)\NVIDIA Corporation\PhysX\Common;C:\Windows\system32;C:\Windows;C:\Windows\System32\Wbem;C:\Windows\System32\WindowsPowerShell\v1.0\;C:\Program Files (x86)\Windows Live\Shared;C:\Program Files\nodejs\;C:\Users\jit\Anaconda2;C:\Users\jit\Anaconda2\Scripts;C:\Users\jit\Anaconda2\Library\bin;C:\Users\jit\AppData\Roaming\npm;C:\Program Files\Java\jdk1.8.0_45\bin;, PATHEXT=.COM;.EXE;.BAT;.CMD;.VBS;.VBE;.JS;.JSE;.WSF;.WSH;.MSC, OS=Windows_NT, COMPUTERNAME=MY-PC, PROCESSOR_REVISION=3a09, CommonProgramW6432=C:\Program Files\Common Files, ComSpec=C:\Windows\system32\cmd.exe, ProgramData=C:\ProgramData, ProgramW6432=C:\Program Files, HOMEPATH=\Users\jit, SystemRoot=C:\Windows, TEMP=C:\Users\jit\AppData\Local\Temp, HOMEDRIVE=C:, PROCESSOR_IDENTIFIER=Intel64 Family 6 Model 58 Stepping 9, GenuineIntel, USERPROFILE=C:\Users\jit, TMP=C:\Users\jit\AppData\Local\Temp, CommonProgramFiles(x86)=C:\Program Files (x86)\Common Files, ProgramFiles=C:\Program Files, PUBLIC=C:\Users\Public, NUMBER_OF_PROCESSORS=4, windir=C:\Windows, =::=::\}
00:41:23.484 [DEBUG] [org.gradle.launcher.daemon.server.exec.LogToClient] About to start relaying all logs to the client via the connection.
00:41:23.484 [INFO] [org.gradle.launcher.daemon.server.exec.LogToClient] The client will now receive all logging from the daemon (pid: 6344). The daemon log file: H:\red arrow\app\RedArrow\gradle\daemon\2.10\daemon-6344.out.log
00:41:23.485 [INFO] [org.gradle.launcher.daemon.server.health.DaemonHealthTracker] Starting 2nd build in daemon [uptime: 2 mins 29.69 secs, performance: 100%, memory: 37% of 954.7 MB]
00:41:23.485 [DEBUG] [org.gradle.launcher.daemon.server.exec.ExecuteBuild] The daemon has started executing the build.
00:41:23.486 [INFO] [org.gradle.launcher.daemon.server.exec.ExecuteBuild] Executing build with daemon context: DefaultDaemonContext[uid=3dadab9c-8a14-4dfa-8a28-3d66ccfa9a3e,javaHome=C:\Program Files\Java\jdk1.8.0_45,daemonRegistryDir=H:\red arrow\app\RedArrow\gradle\daemon,pid=6344,idleTimeout=10800000,daemonOpts=-XX:MaxPermSize=256m,-XX:+HeapDumpOnOutOfMemoryError,-Xmx1024m,-Dfile.encoding=windows-1252,-Duser.country=IN,-Duser.language=en,-Duser.variant]
00:41:23.486 [DEBUG] [org.gradle.launcher.daemon.server.SynchronizedDispatchConnection] thread 20: received class org.gradle.launcher.daemon.protocol.CloseInput
00:41:23.486 [DEBUG] [org.gradle.launcher.daemon.server.DefaultDaemonConnection] Received IO message from client: org.gradle.launcher.daemon.protocol.CloseInput@461e35a9
00:41:23.487 [INFO] [org.gradle.launcher.daemon.server.exec.ForwardClientInput] Closing daemon's stdin at end of input.
00:41:23.487 [INFO] [org.gradle.launcher.daemon.server.exec.ForwardClientInput] The daemon will no longer process any standard input.
Incremental java compilation is an incubating feature.

BUILD SUCCESSFUL

Total time: 2.162 secs
Download https://jcenter.bintray.com/com/android/tools/build/gradle-core/2.0.0/gradle-core-2.0.0-sources.jar
00:41:29.874 [DEBUG] [org.gradle.cache.internal.DefaultFileLockManager] Releasing lock on cp_init class cache for initialization script 'C:\Users\jit\AppData\Local\Temp\asLocalRepo331.gradle' (H:\red arrow\app\RedArrow\gradle\caches\2.10\scripts\asLocalRepo331_dihxzlyhqwz0foppp6dfkhjv9\cp_init).
00:41:29.875 [DEBUG] [org.gradle.cache.internal.DefaultFileLockManager] Releasing lock on init class cache for initialization script 'C:\Users\jit\AppData\Local\Temp\asLocalRepo331.gradle' (H:\red arrow\app\RedArrow\gradle\caches\2.10\scripts\asLocalRepo331_dihxzlyhqwz0foppp6dfkhjv9\init).
00:41:29.876 [DEBUG] [org.gradle.cache.internal.DefaultFileLockManager] Releasing lock on cp_init class cache for initialization script 'C:\Users\jit\AppData\Local\Temp\ijinit81.gradle' (H:\red arrow\app\RedArrow\gradle\caches\2.10\scripts\ijinit81_37e45kl5kcybb7ncoq95dy4ec\cp_init).
00:41:29.876 [DEBUG] [org.gradle.cache.internal.DefaultFileLockManager] Releasing lock on init class cache for initialization script 'C:\Users\jit\AppData\Local\Temp\ijinit81.gradle' (H:\red arrow\app\RedArrow\gradle\caches\2.10\scripts\ijinit81_37e45kl5kcybb7ncoq95dy4ec\init).
00:41:29.876 [DEBUG] [org.gradle.cache.internal.DefaultFileLockManager] Releasing lock on cp_settings class cache for settings file 'H:\red arrow\app\RedArrow\settings.gradle' (H:\red arrow\app\RedArrow\gradle\caches\2.10\scripts\settings_davvb4xkg6bcji94khj3ixd9r\cp_settings).
00:41:29.876 [DEBUG] [org.gradle.cache.internal.DefaultFileLockManager] Releasing lock on settings class cache for settings file 'H:\red arrow\app\RedArrow\settings.gradle' (H:\red arrow\app\RedArrow\gradle\caches\2.10\scripts\settings_davvb4xkg6bcji94khj3ixd9r\settings).
00:41:29.877 [DEBUG] [org.gradle.cache.internal.DefaultFileLockManager] Releasing lock on cp_proj class cache for build file 'H:\red arrow\app\RedArrow\build.gradle' (H:\red arrow\app\RedArrow\gradle\caches\2.10\scripts\build_cej92dhjga2omm7425a6ojgi5\cp_proj).
00:41:29.877 [DEBUG] [org.gradle.cache.internal.DefaultFileLockManager] Releasing lock on proj class cache for build file 'H:\red arrow\app\RedArrow\build.gradle' (H:\red arrow\app\RedArrow\gradle\caches\2.10\scripts\build_cej92dhjga2omm7425a6ojgi5\proj).
00:41:29.877 [DEBUG] [org.gradle.cache.internal.DefaultFileLockManager] Releasing lock on cp_proj class cache for build file 'H:\red arrow\app\RedArrow\app\build.gradle' (H:\red arrow\app\RedArrow\gradle\caches\2.10\scripts\build_bq4gay2mn1w7tgk9pt3fvsgo3\cp_proj).
00:41:29.877 [DEBUG] [org.gradle.cache.internal.DefaultFileLockManager] Releasing lock on proj class cache for build file 'H:\red arrow\app\RedArrow\app\build.gradle' (H:\red arrow\app\RedArrow\gradle\caches\2.10\scripts\build_bq4gay2mn1w7tgk9pt3fvsgo3\proj).
00:41:29.877 [DEBUG] [org.gradle.cache.internal.DefaultCacheAccess] Cache jars (H:\red arrow\app\RedArrow\gradle\caches\jars-1) was closed 0 times.
00:41:29.878 [DEBUG] [org.gradle.cache.internal.btree.BTreePersistentIndexedCache] Closing cache module-metadata.bin (H:\red arrow\app\RedArrow\gradle\caches\modules-2\metadata-2.16\module-metadata.bin)
00:41:29.878 [DEBUG] [org.gradle.cache.internal.btree.BTreePersistentIndexedCache] Closing cache artifact-at-url.bin (H:\red arrow\app\RedArrow\gradle\caches\modules-2\metadata-2.16\artifact-at-url.bin)
00:41:29.884 [DEBUG] [org.gradle.cache.internal.btree.BTreePersistentIndexedCache] Closing cache artifact-at-repository.bin (H:\red arrow\app\RedArrow\gradle\caches\modules-2\metadata-2.16\artifact-at-repository.bin)
00:41:29.888 [DEBUG] [org.gradle.cache.internal.btree.BTreePersistentIndexedCache] Closing cache module-versions.bin (H:\red arrow\app\RedArrow\gradle\caches\modules-2\metadata-2.16\module-versions.bin)
00:41:29.888 [DEBUG] [org.gradle.cache.internal.btree.BTreePersistentIndexedCache] Closing cache module-artifacts.bin (H:\red arrow\app\RedArrow\gradle\caches\modules-2\metadata-2.16\module-artifacts.bin)
00:41:29.889 [DEBUG] [org.gradle.cache.internal.DefaultFileLockManager] Releasing lock on artifact cache (H:\red arrow\app\RedArrow\gradle\caches\modules-2).
00:41:29.893 [DEBUG] [org.gradle.api.internal.artifacts.ivyservice.resolveengine.store.CachedStoreFactory] Resolution result cache closed. Cache reads: 0, disk reads: 0 (avg: 0.0 secs, total: 0.0 secs)
00:41:29.894 [DEBUG] [org.gradle.api.internal.artifacts.ivyservice.resolveengine.store.CachedStoreFactory] Resolution result cache closed. Cache reads: 12, disk reads: 13 (avg: 0.0 secs, total: 0.012 secs)
00:41:29.895 [DEBUG] [org.gradle.api.internal.artifacts.ivyservice.resolveengine.store.ResolutionResultsStoreFactory] Deleted 2 resolution results binary files in 0.003 secs
00:41:29.895 [DEBUG] [org.gradle.api.internal.artifacts.ivyservice.ivyresolve.memcache.InMemoryCachedRepositoryFactory] In-memory dependency metadata cache closed. Repos cached: 51, cache instances: 4, modules served from cache: 1112, artifacts: 366
00:41:29.895 [DEBUG] [org.gradle.cache.internal.DefaultCacheAccess] Cache Plugin Resolution Cache (H:\red arrow\app\RedArrow\gradle\caches\2.10\plugin-resolution) was closed 0 times.
00:41:29.895 [DEBUG] [org.gradle.api.internal.tasks.compile.daemon.CompilerDaemonManager] Stopping 0 compiler daemon(s).
00:41:29.897 [INFO] [org.gradle.api.internal.tasks.compile.daemon.CompilerDaemonManager] Stopped 0 compiler daemon(s).
00:41:29.897 [DEBUG] [org.gradle.launcher.daemon.server.exec.ExecuteBuild] The daemon has finished executing the build.
00:41:29.901 [DEBUG] [org.gradle.launcher.daemon.server.DaemonStateCoordinator] Daemon is busy, sleeping until state changes.
00:41:29.901 [DEBUG] [org.gradle.launcher.daemon.server.DaemonStateCoordinator] Command execution: finished waiting for DaemonCommandExecution[command = Build{id=cb1b8fac-e972-40ab-a23b-58cf5ed51c02.1, currentDir=H:\red arrow\app\RedArrow}, connection = org.gradle.launcher.daemon.server.DefaultDaemonConnection@3518691c]. Result org.gradle.launcher.daemon.server.DaemonStateCoordinator@27395426 with state Running
00:41:29.902 [DEBUG] [org.gradle.launcher.daemon.server.DaemonStateCoordinator] Command execution: completed DaemonCommandExecution[command = Build{id=cb1b8fac-e972-40ab-a23b-58cf5ed51c02.1, currentDir=H:\red arrow\app\RedArrow}, connection = org.gradle.launcher.daemon.server.DefaultDaemonConnection@3518691c]
00:41:29.902 [DEBUG] [org.gradle.launcher.daemon.server.DaemonStateCoordinator] updating lastActivityAt to 1482693089902
00:41:29.902 [INFO] [org.gradle.launcher.daemon.server.DomainRegistryUpdater] Marking the daemon as idle, address: [d8691dff-17b4-46f5-84cb-0a41efac246d port:54802, addresses:[/127.0.0.1, /0:0:0:0:0:0:0:1]]
00:41:29.903 [DEBUG] [org.gradle.launcher.daemon.registry.PersistentDaemonRegistry] Marking idle by address: [d8691dff-17b4-46f5-84cb-0a41efac246d port:54802, addresses:[/127.0.0.1, /0:0:0:0:0:0:0:1]]
00:41:29.903 [DEBUG] [org.gradle.cache.internal.DefaultFileLockManager] Waiting to acquire exclusive lock on daemon addresses registry.
00:41:29.904 [DEBUG] [org.gradle.cache.internal.DefaultFileLockManager] Lock acquired.
00:41:29.911 [DEBUG] [org.gradle.cache.internal.DefaultFileLockManager] Releasing lock on daemon addresses registry.
00:41:29.917 [DEBUG] [org.gradle.launcher.daemon.server.exec.ReturnResult] Daemon is dispatching the build result: Success[value=org.gradle.tooling.internal.provider.BuildActionResult@2cdfe00d]
00:41:29.919 [DEBUG] [org.gradle.launcher.daemon.server.SynchronizedDispatchConnection] thread 14: dispatching class org.gradle.launcher.daemon.protocol.Success
00:41:29.954 [DEBUG] [org.gradle.launcher.daemon.server.SynchronizedDispatchConnection] thread 20: received class org.gradle.launcher.daemon.protocol.Finished
00:41:29.955 [DEBUG] [org.gradle.launcher.daemon.server.DefaultDaemonConnection] Received non-IO message from client: org.gradle.launcher.daemon.protocol.Finished@4221b9b2
00:41:29.955 [DEBUG] [org.gradle.messaging.remote.internal.inet.SocketConnection] Discarding EOFException: java.io.EOFException
00:41:29.960 [DEBUG] [org.gradle.launcher.daemon.server.SynchronizedDispatchConnection] thread 20: received null
00:41:29.960 [DEBUG] [org.gradle.launcher.daemon.server.DefaultDaemonConnection] Received end-of-input from client.
00:41:29.961 [DEBUG] [org.gradle.launcher.daemon.server.DaemonStateCoordinator] Daemon is idle, sleeping until state change or idle timeout at Mon Dec 26 03:41:29 IST 2016
00:41:29.963 [DEBUG] [org.gradle.launcher.daemon.server.DefaultIncomingConnectionHandler] Finishing executing command: Build{id=cb1b8fac-e972-40ab-a23b-58cf5ed51c02.1, currentDir=H:\red arrow\app\RedArrow}
00:41:29.963 [DEBUG] [org.gradle.launcher.daemon.server.DefaultIncomingConnectionHandler] Received finished message: null
00:41:29.963 [DEBUG] [org.gradle.launcher.daemon.server.SynchronizedDispatchConnection] thread 14: stopping connection
00:41:29.964 [DEBUG] [org.gradle.launcher.daemon.server.SynchronizedDispatchConnection] thread 14: stopping connection
00:41:32.195 [DEBUG] [org.gradle.messaging.remote.internal.inet.TcpIncomingConnector] Accepted connection from /127.0.0.1:55066 to /127.0.0.1:54802.
00:41:32.223 [DEBUG] [org.gradle.launcher.daemon.server.SynchronizedDispatchConnection] thread 23: received class org.gradle.launcher.daemon.protocol.Build
00:41:32.224 [DEBUG] [org.gradle.launcher.daemon.server.DefaultDaemonConnection] Received non-IO message from client: Build{id=106bfdd9-ae4b-4cc6-8d5e-24a865020bbb.1, currentDir=H:\red arrow\app\RedArrow}
00:41:32.224 [INFO] [org.gradle.launcher.daemon.server.DefaultIncomingConnectionHandler] Received command: Build{id=106bfdd9-ae4b-4cc6-8d5e-24a865020bbb.1, currentDir=H:\red arrow\app\RedArrow}.
00:41:32.224 [DEBUG] [org.gradle.launcher.daemon.server.DefaultIncomingConnectionHandler] Starting executing command: Build{id=106bfdd9-ae4b-4cc6-8d5e-24a865020bbb.1, currentDir=H:\red arrow\app\RedArrow} with connection: socket connection from /127.0.0.1:54802 to /127.0.0.1:55066.
00:41:32.225 [DEBUG] [org.gradle.launcher.daemon.server.DaemonStateCoordinator] Command execution: started DaemonCommandExecution[command = Build{id=106bfdd9-ae4b-4cc6-8d5e-24a865020bbb.1, currentDir=H:\red arrow\app\RedArrow}, connection = org.gradle.launcher.daemon.server.DefaultDaemonConnection@256fcddd] after 0.0 minutes of idle
00:41:32.225 [INFO] [org.gradle.launcher.daemon.server.DomainRegistryUpdater] Marking the daemon as busy, address: [d8691dff-17b4-46f5-84cb-0a41efac246d port:54802, addresses:[/127.0.0.1, /0:0:0:0:0:0:0:1]]
00:41:32.225 [DEBUG] [org.gradle.launcher.daemon.registry.PersistentDaemonRegistry] Marking busy by address: [d8691dff-17b4-46f5-84cb-0a41efac246d port:54802, addresses:[/127.0.0.1, /0:0:0:0:0:0:0:1]]
00:41:32.226 [DEBUG] [org.gradle.cache.internal.DefaultFileLockManager] Waiting to acquire exclusive lock on daemon addresses registry.
00:41:32.226 [DEBUG] [org.gradle.cache.internal.DefaultFileLockManager] Lock acquired.
00:41:32.237 [DEBUG] [org.gradle.cache.internal.DefaultFileLockManager] Releasing lock on daemon addresses registry.
00:41:32.241 [DEBUG] [org.gradle.launcher.daemon.server.DaemonStateCoordinator] updating lastActivityAt to 1482693092241
00:41:32.242 [DEBUG] [org.gradle.launcher.daemon.server.DaemonStateCoordinator] Daemon is busy, sleeping until state changes.
00:41:32.242 [INFO] [org.gradle.launcher.daemon.server.exec.StartBuildOrRespondWithBusy] Daemon is about to start building Build{id=106bfdd9-ae4b-4cc6-8d5e-24a865020bbb.1, currentDir=H:\red arrow\app\RedArrow}. Dispatching build started information...
00:41:32.242 [DEBUG] [org.gradle.launcher.daemon.server.SynchronizedDispatchConnection] thread 17: dispatching class org.gradle.launcher.daemon.protocol.BuildStarted
00:41:32.243 [DEBUG] [org.gradle.launcher.daemon.server.exec.EstablishBuildEnvironment] Configuring env variables: {USERDOMAIN_ROAMINGPROFILE=my-pc, LOCALAPPDATA=C:\Users\jit\AppData\Local, PROCESSOR_LEVEL=6, FP_NO_HOST_CHECK=NO, USERDOMAIN=my-pc, LOGONSERVER=\\MY-PC, SESSIONNAME=Console, ALLUSERSPROFILE=C:\ProgramData, PROCESSOR_ARCHITECTURE=AMD64, PSModulePath=C:\Windows\system32\WindowsPowerShell\v1.0\Modules\, SystemDrive=C:, APPDATA=C:\Users\jit\AppData\Roaming, USERNAME=jit, ProgramFiles(x86)=C:\Program Files (x86), CommonProgramFiles=C:\Program Files\Common Files, Path=C:\ProgramData\Oracle\Java\javapath;C:\Program Files (x86)\NVIDIA Corporation\PhysX\Common;C:\Windows\system32;C:\Windows;C:\Windows\System32\Wbem;C:\Windows\System32\WindowsPowerShell\v1.0\;C:\Program Files (x86)\Windows Live\Shared;C:\Program Files\nodejs\;C:\Users\jit\Anaconda2;C:\Users\jit\Anaconda2\Scripts;C:\Users\jit\Anaconda2\Library\bin;C:\Users\jit\AppData\Roaming\npm;C:\Program Files\Java\jdk1.8.0_45\bin;, PATHEXT=.COM;.EXE;.BAT;.CMD;.VBS;.VBE;.JS;.JSE;.WSF;.WSH;.MSC, OS=Windows_NT, COMPUTERNAME=MY-PC, PROCESSOR_REVISION=3a09, CommonProgramW6432=C:\Program Files\Common Files, ComSpec=C:\Windows\system32\cmd.exe, ProgramData=C:\ProgramData, ProgramW6432=C:\Program Files, HOMEPATH=\Users\jit, SystemRoot=C:\Windows, TEMP=C:\Users\jit\AppData\Local\Temp, HOMEDRIVE=C:, PROCESSOR_IDENTIFIER=Intel64 Family 6 Model 58 Stepping 9, GenuineIntel, USERPROFILE=C:\Users\jit, TMP=C:\Users\jit\AppData\Local\Temp, CommonProgramFiles(x86)=C:\Program Files (x86)\Common Files, ProgramFiles=C:\Program Files, PUBLIC=C:\Users\Public, NUMBER_OF_PROCESSORS=4, windir=C:\Windows, =::=::\}
00:41:32.244 [DEBUG] [org.gradle.launcher.daemon.server.exec.LogToClient] About to start relaying all logs to the client via the connection.
00:41:32.244 [INFO] [org.gradle.launcher.daemon.server.exec.LogToClient] The client will now receive all logging from the daemon (pid: 6344). The daemon log file: H:\red arrow\app\RedArrow\gradle\daemon\2.10\daemon-6344.out.log
00:41:32.245 [INFO] [org.gradle.launcher.daemon.server.health.DaemonHealthTracker] Starting 3rd build in daemon [uptime: 2 mins 38.45 secs, performance: 100%, memory: 39% of 954.7 MB]
00:41:32.245 [DEBUG] [org.gradle.launcher.daemon.server.exec.ExecuteBuild] The daemon has started executing the build.
00:41:32.245 [INFO] [org.gradle.launcher.daemon.server.exec.ExecuteBuild] Executing build with daemon context: DefaultDaemonContext[uid=3dadab9c-8a14-4dfa-8a28-3d66ccfa9a3e,javaHome=C:\Program Files\Java\jdk1.8.0_45,daemonRegistryDir=H:\red arrow\app\RedArrow\gradle\daemon,pid=6344,idleTimeout=10800000,daemonOpts=-XX:MaxPermSize=256m,-XX:+HeapDumpOnOutOfMemoryError,-Xmx1024m,-Dfile.encoding=windows-1252,-Duser.country=IN,-Duser.language=en,-Duser.variant]
Configuration on demand is an incubating feature.
Incremental java compilation is an incubating feature.
:app:preBuild UP-TO-DATE
:app:preDebugBuild UP-TO-DATE
:app:checkDebugManifest
:app:preReleaseBuild UP-TO-DATE
:app:prepareComAndroidSupportAnimatedVectorDrawable2421Library
:app:prepareComAndroidSupportAppcompatV72421Library
:app:prepareComAndroidSupportDesign2421Library
:app:prepareComAndroidSupportMediarouterV72400Library
:app:prepareComAndroidSupportMultidex101Library
:app:prepareComAndroidSupportPaletteV72400Library
:app:prepareComAndroidSupportRecyclerviewV72421Library
:app:prepareComAndroidSupportSupportCompat2421Library
:app:prepareComAndroidSupportSupportCoreUi2421Library
:app:prepareComAndroidSupportSupportCoreUtils2421Library
:app:prepareComAndroidSupportSupportFragment2421Library
:app:prepareComAndroidSupportSupportMediaCompat2421Library
:app:prepareComAndroidSupportSupportV42421Library
:app:prepareComAndroidSupportSupportVectorDrawable2421Library
:app:prepareComAndroidVolleyVolley100Library
:app:prepareComGoogleAndroidGmsPlayServices960Library
:app:prepareComGoogleAndroidGmsPlayServicesAds960Library
:app:prepareComGoogleAndroidGmsPlayServicesAdsLite960Library
:app:prepareComGoogleAndroidGmsPlayServicesAnalytics960Library
:app:prepareComGoogleAndroidGmsPlayServicesAnalyticsImpl960Library
:app:prepareComGoogleAndroidGmsPlayServicesAppindexing960Library
:app:prepareComGoogleAndroidGmsPlayServicesAppinvite960Library
:app:prepareComGoogleAndroidGmsPlayServicesAuth960Library
:app:prepareComGoogleAndroidGmsPlayServicesAuthBase960Library
:app:prepareComGoogleAndroidGmsPlayServicesAwareness960Library
:app:prepareComGoogleAndroidGmsPlayServicesBase960Library
:app:prepareComGoogleAndroidGmsPlayServicesBasement960Library
:app:prepareComGoogleAndroidGmsPlayServicesCast960Library
:app:prepareComGoogleAndroidGmsPlayServicesCastFramework960Library
:app:prepareComGoogleAndroidGmsPlayServicesClearcut960Library
:app:prepareComGoogleAndroidGmsPlayServicesDrive960Library
:app:prepareComGoogleAndroidGmsPlayServicesFitness960Library
:app:prepareComGoogleAndroidGmsPlayServicesGames960Library
:app:prepareComGoogleAndroidGmsPlayServicesGass960Library
:app:prepareComGoogleAndroidGmsPlayServicesGcm960Library
:app:prepareComGoogleAndroidGmsPlayServicesIdentity960Library
:app:prepareComGoogleAndroidGmsPlayServicesIid960Library
:app:prepareComGoogleAndroidGmsPlayServicesInstantapps960Library
:app:prepareComGoogleAndroidGmsPlayServicesLocation960Library
:app:prepareComGoogleAndroidGmsPlayServicesMaps960Library
:app:prepareComGoogleAndroidGmsPlayServicesNearby960Library
:app:prepareComGoogleAndroidGmsPlayServicesPanorama960Library
:app:prepareComGoogleAndroidGmsPlayServicesPlaces960Library
:app:prepareComGoogleAndroidGmsPlayServicesPlus960Library
:app:prepareComGoogleAndroidGmsPlayServicesSafetynet960Library
:app:prepareComGoogleAndroidGmsPlayServicesTagmanager960Library
:app:prepareComGoogleAndroidGmsPlayServicesTagmanagerApi960Library
:app:prepareComGoogleAndroidGmsPlayServicesTasks960Library
:app:prepareComGoogleAndroidGmsPlayServicesVision960Library
:app:prepareComGoogleAndroidGmsPlayServicesWallet960Library
:app:prepareComGoogleAndroidGmsPlayServicesWearable960Library
:app:prepareComGoogleFirebaseFirebaseAnalytics960Library
:app:prepareComGoogleFirebaseFirebaseAnalyticsImpl960Library
:app:prepareComGoogleFirebaseFirebaseAuth960Library
:app:prepareComGoogleFirebaseFirebaseAuthCommon960Library
:app:prepareComGoogleFirebaseFirebaseAuthModule960Library
:app:prepareComGoogleFirebaseFirebaseCommon960Library
:app:prepareComGoogleFirebaseFirebaseConfig960Library
:app:prepareComGoogleFirebaseFirebaseCrash960Library
:app:prepareComGoogleFirebaseFirebaseDatabase960Library
:app:prepareComGoogleFirebaseFirebaseDatabaseConnection960Library
:app:prepareComGoogleFirebaseFirebaseIid960Library
:app:prepareComGoogleFirebaseFirebaseMessaging960Library
:app:prepareComGoogleFirebaseFirebaseStorage960Library
:app:prepareComGoogleFirebaseFirebaseStorageCommon960Library
:app:prepareComGoogleMapsAndroidAndroidMapsUtils034Library
:app:prepareDebugDependencies
:app:compileDebugAidl
:app:compileDebugRenderscript
:app:generateDebugBuildConfig
:app:generateDebugAssets UP-TO-DATE
:app:mergeDebugAssets
:app:generateDebugResValues
:app:generateDebugResources
:app:mergeDebugResources
:app:processDebugManifest
:app:processDebugResources
:app:generateDebugSources
:app:compileDebugJavaWithJavacNote: H:\red arrow\app\RedArrow\app\src\main\java\redarrow\dotapk\jit\redarrow\HospitalProfile2.java uses or overrides a deprecated API.
Note: Recompile with -Xlint:deprecation for details.
Note: H:\red arrow\app\RedArrow\app\src\main\java\redarrow\dotapk\jit\redarrow\DonorLocationSearch.java uses unchecked or unsafe operations.
Note: Recompile with -Xlint:unchecked for details.

:app:compileDebugNdk UP-TO-DATE
:app:compileDebugSources
:app:prePackageMarkerForDebug
:app:transformClassesWithJarMergingForDebug
:app:collectDebugMultiDexComponents
:app:transformClassesWithMultidexlistForDebug
ProGuard, version 5.2.1
Reading program jar [H:\red arrow\app\RedArrow\app\build\intermediates\transforms\jarMerging\debug\jars\1\1f\combined.jar]
Reading library jar [C:\Users\jit\AppData\Local\Android\sdk\build-tools\24.0.1\lib\shrinkedAndroid.jar]
Preparing output jar [H:\red arrow\app\RedArrow\app\build\intermediates\multi-dex\debug\componentClasses.jar]
  Copying resources from program jar [H:\red arrow\app\RedArrow\app\build\intermediates\transforms\jarMerging\debug\jars\1\1f\combined.jar]
:app:transformClassesWithDexForDebug
:app:mergeDebugJniLibFolders
:app:transformNative_libsWithMergeJniLibsForDebug
:app:processDebugJavaRes UP-TO-DATE
:app:transformResourcesWithMergeJavaResForDebug
:app:validateDebugSigning
:app:packageDebug
:app:zipalignDebug
:app:assembleDebug

BUILD SUCCESSFUL

Total time: 1 mins 37.93 secs
00:43:10.102 [DEBUG] [org.gradle.cache.internal.btree.BTreePersistentIndexedCache] Closing cache taskArtifacts.bin (H:\red arrow\app\RedArrow\.gradle\2.10\taskArtifacts\taskArtifacts.bin)
00:43:10.119 [DEBUG] [org.gradle.cache.internal.btree.BTreePersistentIndexedCache] Closing cache fileSnapshots.bin (H:\red arrow\app\RedArrow\.gradle\2.10\taskArtifacts\fileSnapshots.bin)
00:43:10.123 [DEBUG] [org.gradle.cache.internal.btree.BTreePersistentIndexedCache] Closing cache outputFileStates.bin (H:\red arrow\app\RedArrow\.gradle\2.10\taskArtifacts\outputFileStates.bin)
00:43:10.126 [DEBUG] [org.gradle.cache.internal.btree.BTreePersistentIndexedCache] Closing cache fileHashes.bin (H:\red arrow\app\RedArrow\.gradle\2.10\taskArtifacts\fileHashes.bin)
00:43:10.129 [DEBUG] [org.gradle.cache.internal.DefaultFileLockManager] Releasing lock on task history cache (H:\red arrow\app\RedArrow\.gradle\2.10\taskArtifacts).
00:43:10.132 [DEBUG] [org.gradle.cache.internal.DefaultFileLockManager] Releasing lock on cp_init class cache for initialization script 'C:\Users\jit\AppData\Local\Temp\asLocalRepo332.gradle' (H:\red arrow\app\RedArrow\gradle\caches\2.10\scripts\asLocalRepo332_bd842us8jiv8me16p175d74q0\cp_init).
00:43:10.133 [DEBUG] [org.gradle.cache.internal.DefaultFileLockManager] Releasing lock on init class cache for initialization script 'C:\Users\jit\AppData\Local\Temp\asLocalRepo332.gradle' (H:\red arrow\app\RedArrow\gradle\caches\2.10\scripts\asLocalRepo332_bd842us8jiv8me16p175d74q0\init).
00:43:10.142 [DEBUG] [org.gradle.cache.internal.DefaultFileLockManager] Releasing lock on cp_settings class cache for settings file 'H:\red arrow\app\RedArrow\settings.gradle' (H:\red arrow\app\RedArrow\gradle\caches\2.10\scripts\settings_davvb4xkg6bcji94khj3ixd9r\cp_settings).
00:43:10.142 [DEBUG] [org.gradle.cache.internal.DefaultFileLockManager] Releasing lock on settings class cache for settings file 'H:\red arrow\app\RedArrow\settings.gradle' (H:\red arrow\app\RedArrow\gradle\caches\2.10\scripts\settings_davvb4xkg6bcji94khj3ixd9r\settings).
00:43:10.142 [DEBUG] [org.gradle.cache.internal.DefaultFileLockManager] Releasing lock on cp_proj class cache for build file 'H:\red arrow\app\RedArrow\build.gradle' (H:\red arrow\app\RedArrow\gradle\caches\2.10\scripts\build_cej92dhjga2omm7425a6ojgi5\cp_proj).
00:43:10.142 [DEBUG] [org.gradle.cache.internal.DefaultFileLockManager] Releasing lock on proj class cache for build file 'H:\red arrow\app\RedArrow\build.gradle' (H:\red arrow\app\RedArrow\gradle\caches\2.10\scripts\build_cej92dhjga2omm7425a6ojgi5\proj).
00:43:10.142 [DEBUG] [org.gradle.cache.internal.DefaultFileLockManager] Releasing lock on cp_proj class cache for build file 'H:\red arrow\app\RedArrow\app\build.gradle' (H:\red arrow\app\RedArrow\gradle\caches\2.10\scripts\build_bq4gay2mn1w7tgk9pt3fvsgo3\cp_proj).
00:43:10.142 [DEBUG] [org.gradle.cache.internal.DefaultFileLockManager] Releasing lock on proj class cache for build file 'H:\red arrow\app\RedArrow\app\build.gradle' (H:\red arrow\app\RedArrow\gradle\caches\2.10\scripts\build_bq4gay2mn1w7tgk9pt3fvsgo3\proj).
00:43:10.143 [DEBUG] [org.gradle.cache.internal.DefaultCacheAccess] Cache jars (H:\red arrow\app\RedArrow\gradle\caches\jars-1) was closed 0 times.
00:43:10.143 [DEBUG] [org.gradle.cache.internal.btree.BTreePersistentIndexedCache] Closing cache module-versions.bin (H:\red arrow\app\RedArrow\gradle\caches\modules-2\metadata-2.16\module-versions.bin)
00:43:10.147 [DEBUG] [org.gradle.cache.internal.btree.BTreePersistentIndexedCache] Closing cache module-metadata.bin (H:\red arrow\app\RedArrow\gradle\caches\modules-2\metadata-2.16\module-metadata.bin)
00:43:10.147 [DEBUG] [org.gradle.cache.internal.btree.BTreePersistentIndexedCache] Closing cache module-artifacts.bin (H:\red arrow\app\RedArrow\gradle\caches\modules-2\metadata-2.16\module-artifacts.bin)
00:43:10.148 [DEBUG] [org.gradle.cache.internal.btree.BTreePersistentIndexedCache] Closing cache artifact-at-repository.bin (H:\red arrow\app\RedArrow\gradle\caches\modules-2\metadata-2.16\artifact-at-repository.bin)
00:43:10.148 [DEBUG] [org.gradle.cache.internal.DefaultFileLockManager] Releasing lock on artifact cache (H:\red arrow\app\RedArrow\gradle\caches\modules-2).
00:43:10.153 [DEBUG] [org.gradle.api.internal.artifacts.ivyservice.resolveengine.store.CachedStoreFactory] Resolution result cache closed. Cache reads: 0, disk reads: 0 (avg: 0.0 secs, total: 0.0 secs)
00:43:10.154 [DEBUG] [org.gradle.api.internal.artifacts.ivyservice.resolveengine.store.CachedStoreFactory] Resolution result cache closed. Cache reads: 0, disk reads: 10 (avg: 0.001 secs, total: 0.011 secs)
00:43:10.155 [DEBUG] [org.gradle.api.internal.artifacts.ivyservice.resolveengine.store.ResolutionResultsStoreFactory] Deleted 2 resolution results binary files in 0.003 secs
00:43:10.155 [DEBUG] [org.gradle.api.internal.artifacts.ivyservice.ivyresolve.memcache.InMemoryCachedRepositoryFactory] In-memory dependency metadata cache closed. Repos cached: 32, cache instances: 4, modules served from cache: 590, artifacts: 102
00:43:10.155 [DEBUG] [org.gradle.cache.internal.DefaultCacheAccess] Cache Plugin Resolution Cache (H:\red arrow\app\RedArrow\gradle\caches\2.10\plugin-resolution) was closed 0 times.
00:43:10.156 [DEBUG] [org.gradle.api.internal.tasks.compile.daemon.CompilerDaemonManager] Stopping 0 compiler daemon(s).
00:43:10.156 [INFO] [org.gradle.api.internal.tasks.compile.daemon.CompilerDaemonManager] Stopped 0 compiler daemon(s).
00:43:10.156 [DEBUG] [org.gradle.launcher.daemon.server.exec.ExecuteBuild] The daemon has finished executing the build.
00:43:10.677 [DEBUG] [org.gradle.launcher.daemon.server.DaemonStateCoordinator] Daemon is busy, sleeping until state changes.
00:43:10.678 [DEBUG] [org.gradle.launcher.daemon.server.DaemonStateCoordinator] Command execution: finished waiting for DaemonCommandExecution[command = Build{id=106bfdd9-ae4b-4cc6-8d5e-24a865020bbb.1, currentDir=H:\red arrow\app\RedArrow}, connection = org.gradle.launcher.daemon.server.DefaultDaemonConnection@256fcddd]. Result org.gradle.launcher.daemon.server.DaemonStateCoordinator@27395426 with state Running
00:43:10.678 [DEBUG] [org.gradle.launcher.daemon.server.DaemonStateCoordinator] Command execution: completed DaemonCommandExecution[command = Build{id=106bfdd9-ae4b-4cc6-8d5e-24a865020bbb.1, currentDir=H:\red arrow\app\RedArrow}, connection = org.gradle.launcher.daemon.server.DefaultDaemonConnection@256fcddd]
00:43:10.678 [DEBUG] [org.gradle.launcher.daemon.server.DaemonStateCoordinator] updating lastActivityAt to 1482693190678
00:43:10.679 [INFO] [org.gradle.launcher.daemon.server.DomainRegistryUpdater] Marking the daemon as idle, address: [d8691dff-17b4-46f5-84cb-0a41efac246d port:54802, addresses:[/127.0.0.1, /0:0:0:0:0:0:0:1]]
00:43:10.679 [DEBUG] [org.gradle.launcher.daemon.registry.PersistentDaemonRegistry] Marking idle by address: [d8691dff-17b4-46f5-84cb-0a41efac246d port:54802, addresses:[/127.0.0.1, /0:0:0:0:0:0:0:1]]
00:43:10.700 [DEBUG] [org.gradle.cache.internal.DefaultFileLockManager] Waiting to acquire exclusive lock on daemon addresses registry.
00:43:10.700 [DEBUG] [org.gradle.cache.internal.DefaultFileLockManager] Lock acquired.
00:43:10.706 [DEBUG] [org.gradle.cache.internal.DefaultFileLockManager] Releasing lock on daemon addresses registry.
00:43:10.714 [DEBUG] [org.gradle.launcher.daemon.server.exec.ReturnResult] Daemon is dispatching the build result: Success[value=org.gradle.tooling.internal.provider.BuildActionResult@a55ab9a]
00:43:10.714 [DEBUG] [org.gradle.launcher.daemon.server.SynchronizedDispatchConnection] thread 14: dispatching class org.gradle.launcher.daemon.protocol.Success
00:43:10.715 [DEBUG] [org.gradle.launcher.daemon.server.DaemonStateCoordinator] Daemon is idle, sleeping until state change or idle timeout at Mon Dec 26 03:43:10 IST 2016
00:43:10.717 [DEBUG] [org.gradle.launcher.daemon.server.SynchronizedDispatchConnection] thread 23: received class org.gradle.launcher.daemon.protocol.Finished
00:43:10.717 [DEBUG] [org.gradle.launcher.daemon.server.DefaultDaemonConnection] Received non-IO message from client: org.gradle.launcher.daemon.protocol.Finished@4295b966
00:43:10.717 [DEBUG] [org.gradle.launcher.daemon.server.DefaultIncomingConnectionHandler] Finishing executing command: Build{id=106bfdd9-ae4b-4cc6-8d5e-24a865020bbb.1, currentDir=H:\red arrow\app\RedArrow}
00:43:10.718 [DEBUG] [org.gradle.launcher.daemon.server.DefaultIncomingConnectionHandler] Received finished message: org.gradle.launcher.daemon.protocol.Finished@4295b966
00:43:10.718 [DEBUG] [org.gradle.launcher.daemon.server.SynchronizedDispatchConnection] thread 14: stopping connection
00:43:10.718 [DEBUG] [org.gradle.messaging.remote.internal.inet.SocketConnection] Discarding EOFException: java.io.EOFException
00:43:10.719 [DEBUG] [org.gradle.launcher.daemon.server.SynchronizedDispatchConnection] thread 23: received null
00:43:10.719 [DEBUG] [org.gradle.launcher.daemon.server.DefaultDaemonConnection] Received end-of-input from client.
00:43:10.748 [DEBUG] [org.gradle.launcher.daemon.server.SynchronizedDispatchConnection] thread 14: stopping connection
00:50:51.386 [DEBUG] [org.gradle.messaging.remote.internal.inet.TcpIncomingConnector] Accepted connection from /127.0.0.1:56824 to /127.0.0.1:54802.
00:50:51.417 [DEBUG] [org.gradle.launcher.daemon.server.SynchronizedDispatchConnection] thread 98: received class org.gradle.launcher.daemon.protocol.StopWhenIdle
00:50:51.417 [DEBUG] [org.gradle.launcher.daemon.server.DefaultDaemonConnection] Received non-IO message from client: StopWhenIdle[id=572a4ce6-cf7a-492c-be30-ed08eb5a40b2.1]
00:50:51.417 [INFO] [org.gradle.launcher.daemon.server.DefaultIncomingConnectionHandler] Received command: StopWhenIdle[id=572a4ce6-cf7a-492c-be30-ed08eb5a40b2.1].
00:50:51.417 [DEBUG] [org.gradle.launcher.daemon.server.DefaultIncomingConnectionHandler] Starting executing command: StopWhenIdle[id=572a4ce6-cf7a-492c-be30-ed08eb5a40b2.1] with connection: socket connection from /127.0.0.1:54802 to /127.0.0.1:56824.
00:50:51.417 [DEBUG] [org.gradle.launcher.daemon.server.DaemonStateCoordinator] Stop as soon as idle requested. The daemon is busy: false
00:50:51.417 [DEBUG] [org.gradle.launcher.daemon.server.DaemonStateCoordinator] Marking daemon stopped due to stop requested and daemon idle. The daemon is running a build: false
00:50:51.417 [DEBUG] [org.gradle.launcher.daemon.server.SynchronizedDispatchConnection] thread 97: dispatching class org.gradle.launcher.daemon.protocol.Success
00:50:51.417 [DEBUG] [org.gradle.launcher.daemon.server.DaemonStateCoordinator] Idle timeout: daemon has stopped.
00:50:51.417 [DEBUG] [org.gradle.launcher.daemon.server.Daemon] stop() called on daemon
00:50:51.417 [INFO] [org.gradle.launcher.daemon.server.Daemon] Stop requested. Daemon is removing its presence from the registry...
00:50:51.448 [DEBUG] [org.gradle.launcher.daemon.server.SynchronizedDispatchConnection] thread 98: received class org.gradle.launcher.daemon.protocol.Finished
00:50:51.448 [DEBUG] [org.gradle.launcher.daemon.server.DefaultDaemonConnection] Received non-IO message from client: org.gradle.launcher.daemon.protocol.Finished@40dcf045
00:50:51.448 [DEBUG] [org.gradle.messaging.remote.internal.inet.SocketConnection] Discarding EOFException: java.io.EOFException
00:50:51.448 [DEBUG] [org.gradle.launcher.daemon.server.SynchronizedDispatchConnection] thread 98: received null
00:50:51.448 [DEBUG] [org.gradle.launcher.daemon.server.DefaultDaemonConnection] Received end-of-input from client.
00:50:51.448 [DEBUG] [org.gradle.launcher.daemon.server.DomainRegistryUpdater] Removing our presence to clients, eg. removing this address from the registry: [d8691dff-17b4-46f5-84cb-0a41efac246d port:54802, addresses:[/127.0.0.1, /0:0:0:0:0:0:0:1]]
00:50:51.448 [DEBUG] [org.gradle.launcher.daemon.registry.PersistentDaemonRegistry] Removing daemon address: [d8691dff-17b4-46f5-84cb-0a41efac246d port:54802, addresses:[/127.0.0.1, /0:0:0:0:0:0:0:1]]
00:50:51.448 [DEBUG] [org.gradle.launcher.daemon.server.DefaultIncomingConnectionHandler] Finishing executing command: StopWhenIdle[id=572a4ce6-cf7a-492c-be30-ed08eb5a40b2.1]
00:50:51.448 [DEBUG] [org.gradle.launcher.daemon.server.DefaultIncomingConnectionHandler] Received finished message: null
00:50:51.448 [DEBUG] [org.gradle.launcher.daemon.server.SynchronizedDispatchConnection] thread 97: stopping connection
00:50:51.448 [DEBUG] [org.gradle.cache.internal.DefaultFileLockManager] Waiting to acquire exclusive lock on daemon addresses registry.
00:50:51.448 [DEBUG] [org.gradle.cache.internal.DefaultFileLockManager] Lock acquired.
00:50:51.448 [DEBUG] [org.gradle.launcher.daemon.server.SynchronizedDispatchConnection] thread 97: stopping connection
00:50:51.464 [DEBUG] [org.gradle.cache.internal.DefaultFileLockManager] Releasing lock on daemon addresses registry.
00:50:51.464 [DEBUG] [org.gradle.launcher.daemon.server.DomainRegistryUpdater] Address removed from registry.
00:50:51.497 [DEBUG] [org.gradle.launcher.daemon.registry.PersistentDaemonRegistry] Removing daemon address: [d8691dff-17b4-46f5-84cb-0a41efac246d port:54802, addresses:[/127.0.0.1, /0:0:0:0:0:0:0:1]]
00:50:51.497 [DEBUG] [org.gradle.cache.internal.DefaultFileLockManager] Waiting to acquire exclusive lock on daemon addresses registry.
00:50:51.498 [DEBUG] [org.gradle.cache.internal.DefaultFileLockManager] Lock acquired.
Daemon vm is shutting down... The daemon has exited normally or was terminated in response to a user interrupt.
00:50:51.505 [DEBUG] [org.gradle.cache.internal.DefaultFileLockManager] Releasing lock on daemon addresses registry.
